Log file open, 06/27/20 15:47:26
LogWindows: Failed to load 'aqProf.dll' (GetLastError=126)
LogWindows: File 'aqProf.dll' does not exist
LogWindows: Failed to load 'VtuneApi.dll' (GetLastError=126)
LogWindows: File 'VtuneApi.dll' does not exist
LogWindows: Failed to load 'VtuneApi32e.dll' (GetLastError=126)
LogWindows: File 'VtuneApi32e.dll' does not exist
LogConsoleResponse: Display: Failed to find resolution value strings in scalability ini. Falling back to default.
LogInit: Display: Running engine for game: SteamProject
LogPlatformFile: Not using cached read wrapper
LogTaskGraph: Started task graph with 5 named threads and 23 total threads with 3 sets of task threads.
LogStats: Stats thread started at 0.065610
LogD3D11RHI: Loaded GFSDK_Aftermath_Lib.x64.dll
LogICUInternationalization: ICU TimeZone Detection - Raw Offset: +5:30, Platform Override: ''
LogPluginManager: Mounting plugin Paper2D
LogPluginManager: Mounting plugin AISupport
LogPluginManager: Mounting plugin LightPropagationVolume
LogPluginManager: Mounting plugin ActorLayerUtilities
LogPluginManager: Mounting plugin AnimationSharing
LogPluginManager: Mounting plugin CLionSourceCodeAccess
LogPluginManager: Mounting plugin CodeLiteSourceCodeAccess
LogPluginManager: Mounting plugin GitSourceControl
LogPluginManager: Mounting plugin KDevelopSourceCodeAccess
LogPluginManager: Mounting plugin NullSourceCodeAccess
LogPluginManager: Mounting plugin PerforceSourceControl
LogPluginManager: Mounting plugin PlasticSourceControl
LogPluginManager: Mounting plugin SubversionSourceControl
LogPluginManager: Mounting plugin UObjectPlugin
LogPluginManager: Mounting plugin VisualStudioCodeSourceCodeAccess
LogPluginManager: Mounting plugin VisualStudioSourceCodeAccess
LogPluginManager: Mounting plugin XCodeSourceCodeAccess
LogPluginManager: Mounting plugin AssetManagerEditor
LogPluginManager: Mounting plugin CryptoKeys
LogPluginManager: Mounting plugin CurveEditorTools
LogPluginManager: Mounting plugin DataValidation
LogPluginManager: Mounting plugin FacialAnimation
LogPluginManager: Mounting plugin GameplayTagsEditor
LogPluginManager: Mounting plugin MacGraphicsSwitching
LogPluginManager: Mounting plugin MaterialAnalyzer
LogPluginManager: Mounting plugin MobileLauncherProfileWizard
LogPluginManager: Mounting plugin PluginBrowser
LogPluginManager: Mounting plugin SpeedTreeImporter
LogPluginManager: Mounting plugin DatasmithContent
LogPluginManager: Mounting plugin VariantManagerContent
LogPluginManager: Mounting plugin AlembicImporter
LogPluginManager: Mounting plugin AutomationUtils
LogPluginManager: Mounting plugin BackChannel
LogPluginManager: Mounting plugin CharacterAI
LogPluginManager: Mounting plugin GeometryCache
LogPluginManager: Mounting plugin PlatformCrypto
LogPluginManager: Mounting plugin ProxyLODPlugin
LogPluginManager: Mounting plugin SkeletalReduction
LogPluginManager: Mounting plugin MagicLeap
LogPluginManager: Mounting plugin MagicLeapMedia
LogPluginManager: Mounting plugin MLSDK
LogPluginManager: Mounting plugin AndroidMedia
LogPluginManager: Mounting plugin AvfMedia
LogPluginManager: Mounting plugin ImgMedia
LogPluginManager: Mounting plugin MediaCompositing
LogPluginManager: Mounting plugin MediaPlayerEditor
LogPluginManager: Mounting plugin WebMMedia
LogPluginManager: Mounting plugin WmfMedia
LogPluginManager: Mounting plugin TcpMessaging
LogPluginManager: Mounting plugin UdpMessaging
LogPluginManager: Mounting plugin ActorSequence
LogPluginManager: Mounting plugin LevelSequenceEditor
LogPluginManager: Mounting plugin MatineeToLevelSequence
LogPluginManager: Mounting plugin NetcodeUnitTest
LogPluginManager: Mounting plugin NUTUnrealEngine4
LogPluginManager: Mounting plugin OnlineSubsystemGooglePlay
LogPluginManager: Mounting plugin OnlineSubsystemIOS
LogPluginManager: Mounting plugin OnlineSubsystem
LogPluginManager: Mounting plugin OnlineSubsystemNull
LogPluginManager: Mounting plugin OnlineSubsystemUtils
LogPluginManager: Mounting plugin LauncherChunkInstaller
LogPluginManager: Mounting plugin AndroidDeviceProfileSelector
LogPluginManager: Mounting plugin AndroidMoviePlayer
LogPluginManager: Mounting plugin AndroidPermission
LogPluginManager: Mounting plugin AppleImageUtils
LogPluginManager: Mounting plugin AppleMoviePlayer
LogPluginManager: Mounting plugin ArchVisCharacter
LogPluginManager: Mounting plugin AssetTags
LogPluginManager: Mounting plugin AudioCapture
LogPluginManager: Mounting plugin CableComponent
LogPluginManager: Mounting plugin CustomMeshComponent
LogPluginManager: Mounting plugin EditableMesh
LogPluginManager: Mounting plugin ExampleDeviceProfileSelector
LogPluginManager: Mounting plugin GoogleCloudMessaging
LogPluginManager: Mounting plugin IOSDeviceProfileSelector
LogPluginManager: Mounting plugin LinuxDeviceProfileSelector
LogPluginManager: Mounting plugin LocationServicesBPLibrary
LogPluginManager: Mounting plugin MobilePatchingUtils
LogPluginManager: Mounting plugin OculusVR
LogPluginManager: Mounting plugin PhysXVehicles
LogPluginManager: Mounting plugin PostSplashScreen
LogPluginManager: Mounting plugin ProceduralMeshComponent
LogPluginManager: Mounting plugin RuntimePhysXCooking
LogPluginManager: Mounting plugin SignificanceManager
LogPluginManager: Mounting plugin SteamVR
LogPluginManager: Mounting plugin WebMMoviePlayer
LogPluginManager: Mounting plugin WindowsMoviePlayer
LogPluginManager: Mounting plugin ScreenshotTools
LogInit: Using libcurl 7.55.1-DEV
LogInit:  - built for x86_64-pc-win32
LogInit:  - supports SSL with OpenSSL/1.1.1
LogInit:  - supports HTTP deflate (compression) using libz 1.2.8
LogInit:  - other features:
LogInit:      CURL_VERSION_SSL
LogInit:      CURL_VERSION_LIBZ
LogInit:      CURL_VERSION_IPV6
LogInit:      CURL_VERSION_ASYNCHDNS
LogInit:      CURL_VERSION_LARGEFILE
LogInit:      CURL_VERSION_IDN
LogInit:  CurlRequestOptions (configurable via config and command line):
LogInit:  - bVerifyPeer = true  - Libcurl will verify peer certificate
LogInit:  - bUseHttpProxy = false  - Libcurl will NOT use HTTP proxy
LogInit:  - bDontReuseConnections = false  - Libcurl will reuse connections
LogInit:  - MaxHostConnections = 16  - Libcurl will limit the number of connections to a host
LogInit:  - LocalHostAddr = Default
LogInit:  - BufferSize = 65536
LogModuleManager: Warning: ModuleManager: Unable to load module 'OnlineSubsystemSteam'  - 0 instances of that module name found.
LogOnline: Warning: OSS: TryLoadSubsystemAndSetDefault: LoadSubsystemModule([Steam]) failed
LogOnline: OSS: Creating online subsystem instance for: NULL
LogInit: WinSock: version 1.1 (2.2), MaxSocks=32767, MaxUdp=65467
LogOnline: OSS: TryLoadSubsystemAndSetDefault: Loaded subsystem for module [NULL]
LogInit: Build: ++UE4+Release-4.24-CL-11590370
LogInit: Engine Version: 4.24.3-11590370+++UE4+Release-4.24
LogInit: Compatible Engine Version: 4.24.0-10570792+++UE4+Release-4.24
LogInit: Net CL: 10570792
LogInit: OS: Windows 10 (Release 2004) (), CPU: Intel(R) Core(TM) i7-4770 CPU @ 3.40GHz, GPU: NVIDIA GeForce GTX 1060 6GB
LogInit: Compiled (64-bit): Feb 24 2020 15:39:18
LogInit: Compiled with Visual C++: 19.16.27032.01
LogInit: Build Configuration: Development
LogInit: Branch Name: ++UE4+Release-4.24
LogInit: Command Line: 
LogInit: Base Directory: C:/Program Files/Epic Games/UE_4.24/Engine/Binaries/Win64/
LogInit: Installed Engine Build: 1
LogDevObjectVersion: Number of dev versions registered: 25
LogDevObjectVersion:   Dev-Blueprints (B0D832E4-1F89-4F0D-ACCF-7EB736FD4AA2): 10
LogDevObjectVersion:   Dev-Build (E1C64328-A22C-4D53-A36C-8E866417BD8C): 0
LogDevObjectVersion:   Dev-Core (375EC13C-06E4-48FB-B500-84F0262A717E): 3
LogDevObjectVersion:   Dev-Editor (E4B068ED-F494-42E9-A231-DA0B2E46BB41): 37
LogDevObjectVersion:   Dev-Framework (CFFC743F-43B0-4480-9391-14DF171D2073): 36
LogDevObjectVersion:   Dev-Mobile (B02B49B5-BB20-44E9-A304-32B752E40360): 2
LogDevObjectVersion:   Dev-Networking (A4E4105C-59A1-49B5-A7C5-40C4547EDFEE): 0
LogDevObjectVersion:   Dev-Online (39C831C9-5AE6-47DC-9A44-9C173E1C8E7C): 0
LogDevObjectVersion:   Dev-Physics (78F01B33-EBEA-4F98-B9B4-84EACCB95AA2): 2
LogDevObjectVersion:   Dev-Platform (6631380F-2D4D-43E0-8009-CF276956A95A): 0
LogDevObjectVersion:   Dev-Rendering (12F88B9F-8875-4AFC-A67C-D90C383ABD29): 36
LogDevObjectVersion:   Dev-Sequencer (7B5AE74C-D270-4C10-A958-57980B212A5A): 11
LogDevObjectVersion:   Dev-VR (D7296918-1DD6-4BDD-9DE2-64A83CC13884): 2
LogDevObjectVersion:   Dev-LoadTimes (C2A15278-BFE7-4AFE-6C17-90FF531DF755): 1
LogDevObjectVersion:   Private-Geometry (6EACA3D4-40EC-4CC1-B786-8BED09428FC5): 3
LogDevObjectVersion:   Dev-AnimPhys (29E575DD-E0A3-4627-9D10-D276232CDCEA): 17
LogDevObjectVersion:   Dev-Anim (AF43A65D-7FD3-4947-9873-3E8ED9C1BB05): 2
LogDevObjectVersion:   Dev-ReflectionCapture (6B266CEC-1EC7-4B8F-A30B-E4D90942FC07): 1
LogDevObjectVersion:   Dev-Automation (0DF73D61-A23F-47EA-B727-89E90C41499A): 1
LogDevObjectVersion:   FortniteMain (601D1886-AC64-4F84-AA16-D3DE0DEAC7D6): 31
LogDevObjectVersion:   Dev-Enterprise (9DFFBCD6-494F-0158-E221-12823C92A888): 8
LogDevObjectVersion:   Dev-Niagara (F2AED0AC-9AFE-416F-8664-AA7FFA26D6FC): 1
LogDevObjectVersion:   Dev-Destruction (174F1F0B-B4C6-45A5-B13F-2EE8D0FB917D): 9
LogDevObjectVersion:   Dev-Physics-Ext (35F94A83-E258-406C-A318-09F59610247C): 8
LogDevObjectVersion:   Dev-CineCamera (B2E18506-4273-CFC2-A54E-F4BB758BBA07): 1
LogInit: Presizing for max 25165824 objects, including 0 objects not considered by GC, pre-allocating 0 bytes for permanent pool.
LogInit: Object subsystem initialized
LogConfig: Setting CVar [[con.DebugEarlyDefault:1]]
LogConfig: Setting CVar [[r.setres:1280x720]]
[2020.06.27-10.17.26:412][  0]LogConfig: Setting CVar [[r.VSync:0]]
[2020.06.27-10.17.26:412][  0]LogConfig: Setting CVar [[r.RHICmdBypass:0]]
[2020.06.27-10.17.26:412][  0]LogConfig: Applying CVar settings from Section [/Script/Engine.RendererSettings] File [C:/Users/User/Documents/Unreal Projects/SteamProject/Saved/Config/Windows/Engine.ini]
[2020.06.27-10.17.26:412][  0]LogConfig: Setting CVar [[r.GPUCrashDebugging:0]]
[2020.06.27-10.17.26:412][  0]LogConfig: Applying CVar settings from Section [/Script/Engine.RendererOverrideSettings] File [C:/Users/User/Documents/Unreal Projects/SteamProject/Saved/Config/Windows/Engine.ini]
[2020.06.27-10.17.26:412][  0]LogConfig: Applying CVar settings from Section [/Script/Engine.StreamingSettings] File [C:/Users/User/Documents/Unreal Projects/SteamProject/Saved/Config/Windows/Engine.ini]
[2020.06.27-10.17.26:412][  0]LogConfig: Setting CVar [[s.MinBulkDataSizeForAsyncLoading:131072]]
[2020.06.27-10.17.26:412][  0]LogConfig: Setting CVar [[s.AsyncLoadingThreadEnabled:0]]
[2020.06.27-10.17.26:412][  0]LogConfig: Setting CVar [[s.EventDrivenLoaderEnabled:1]]
[2020.06.27-10.17.26:412][  0]LogConfig: Setting CVar [[s.WarnIfTimeLimitExceeded:0]]
[2020.06.27-10.17.26:412][  0]LogConfig: Setting CVar [[s.TimeLimitExceededMultiplier:1.5]]
[2020.06.27-10.17.26:412][  0]LogConfig: Setting CVar [[s.TimeLimitExceededMinTime:0.005]]
[2020.06.27-10.17.26:412][  0]LogConfig: Setting CVar [[s.UseBackgroundLevelStreaming:1]]
[2020.06.27-10.17.26:412][  0]LogConfig: Setting CVar [[s.PriorityAsyncLoadingExtraTime:15.0]]
[2020.06.27-10.17.26:412][  0]LogConfig: Setting CVar [[s.LevelStreamingActorsUpdateTimeLimit:5.0]]
[2020.06.27-10.17.26:412][  0]LogConfig: Setting CVar [[s.PriorityLevelStreamingActorsUpdateExtraTime:5.0]]
[2020.06.27-10.17.26:412][  0]LogConfig: Setting CVar [[s.LevelStreamingComponentsRegistrationGranularity:10]]
[2020.06.27-10.17.26:412][  0]LogConfig: Setting CVar [[s.UnregisterComponentsTimeLimit:1.0]]
[2020.06.27-10.17.26:412][  0]LogConfig: Setting CVar [[s.LevelStreamingComponentsUnregistrationGranularity:5]]
[2020.06.27-10.17.26:412][  0]LogConfig: Setting CVar [[s.FlushStreamingOnExit:1]]
[2020.06.27-10.17.26:412][  0]LogConfig: Applying CVar settings from Section [/Script/Engine.GarbageCollectionSettings] File [C:/Users/User/Documents/Unreal Projects/SteamProject/Saved/Config/Windows/Engine.ini]
[2020.06.27-10.17.26:412][  0]LogConfig: Setting CVar [[gc.MaxObjectsNotConsideredByGC:1]]
[2020.06.27-10.17.26:412][  0]LogConfig: Setting CVar [[gc.SizeOfPermanentObjectPool:0]]
[2020.06.27-10.17.26:412][  0]LogConfig: Setting CVar [[gc.FlushStreamingOnGC:0]]
[2020.06.27-10.17.26:412][  0]LogConfig: Setting CVar [[gc.NumRetriesBeforeForcingGC:10]]
[2020.06.27-10.17.26:412][  0]LogConfig: Setting CVar [[gc.AllowParallelGC:1]]
[2020.06.27-10.17.26:412][  0]LogConfig: Setting CVar [[gc.TimeBetweenPurgingPendingKillObjects:61.1]]
[2020.06.27-10.17.26:412][  0]LogConfig: Setting CVar [[gc.MaxObjectsInEditor:25165824]]
[2020.06.27-10.17.26:412][  0]LogConfig: Setting CVar [[gc.IncrementalBeginDestroyEnabled:1]]
[2020.06.27-10.17.26:412][  0]LogConfig: Setting CVar [[gc.CreateGCClusters:1]]
[2020.06.27-10.17.26:413][  0]LogConfig: Setting CVar [[gc.MinGCClusterSize:5]]
[2020.06.27-10.17.26:413][  0]LogConfig: Setting CVar [[gc.ActorClusteringEnabled:0]]
[2020.06.27-10.17.26:413][  0]LogConfig: Setting CVar [[gc.BlueprintClusteringEnabled:0]]
[2020.06.27-10.17.26:413][  0]LogConfig: Setting CVar [[gc.UseDisregardForGCOnDedicatedServers:0]]
[2020.06.27-10.17.26:413][  0]LogConfig: Applying CVar settings from Section [/Script/Engine.NetworkSettings] File [C:/Users/User/Documents/Unreal Projects/SteamProject/Saved/Config/Windows/Engine.ini]
[2020.06.27-10.17.26:413][  0]LogConfig: Applying CVar settings from Section [/Script/UnrealEd.CookerSettings] File [C:/Users/User/Documents/Unreal Projects/SteamProject/Saved/Config/Windows/Engine.ini]
[2020.06.27-10.17.26:415][  0]LogConfig: Applying CVar settings from Section [ViewDistanceQuality@3] File [C:/Users/User/Documents/Unreal Projects/SteamProject/Saved/Config/Windows/Scalability.ini]
[2020.06.27-10.17.26:415][  0]LogConfig: Setting CVar [[r.SkeletalMeshLODBias:0]]
[2020.06.27-10.17.26:415][  0]LogConfig: Setting CVar [[r.ViewDistanceScale:1.0]]
[2020.06.27-10.17.26:415][  0]LogConfig: Applying CVar settings from Section [AntiAliasingQuality@3] File [C:/Users/User/Documents/Unreal Projects/SteamProject/Saved/Config/Windows/Scalability.ini]
[2020.06.27-10.17.26:415][  0]LogConfig: Setting CVar [[r.PostProcessAAQuality:4]]
[2020.06.27-10.17.26:415][  0]LogConfig: Applying CVar settings from Section [ShadowQuality@3] File [C:/Users/User/Documents/Unreal Projects/SteamProject/Saved/Config/Windows/Scalability.ini]
[2020.06.27-10.17.26:415][  0]LogConfig: Setting CVar [[r.LightFunctionQuality:1]]
[2020.06.27-10.17.26:415][  0]LogConfig: Setting CVar [[r.ShadowQuality:5]]
[2020.06.27-10.17.26:415][  0]LogConfig: Setting CVar [[r.Shadow.CSM.MaxCascades:10]]
[2020.06.27-10.17.26:415][  0]LogConfig: Setting CVar [[r.Shadow.MaxResolution:2048]]
[2020.06.27-10.17.26:415][  0]LogConfig: Setting CVar [[r.Shadow.MaxCSMResolution:2048]]
[2020.06.27-10.17.26:415][  0]LogConfig: Setting CVar [[r.Shadow.RadiusThreshold:0.01]]
[2020.06.27-10.17.26:415][  0]LogConfig: Setting CVar [[r.Shadow.DistanceScale:1.0]]
[2020.06.27-10.17.26:415][  0]LogConfig: Setting CVar [[r.Shadow.CSM.TransitionScale:1.0]]
[2020.06.27-10.17.26:415][  0]LogConfig: Setting CVar [[r.Shadow.PreShadowResolutionFactor:1.0]]
[2020.06.27-10.17.26:415][  0]LogConfig: Setting CVar [[r.DistanceFieldShadowing:1]]
[2020.06.27-10.17.26:415][  0]LogConfig: Setting CVar [[r.DistanceFieldAO:1]]
[2020.06.27-10.17.26:415][  0]LogConfig: Setting CVar [[r.AOQuality:2]]
[2020.06.27-10.17.26:415][  0]LogConfig: Setting CVar [[r.VolumetricFog:1]]
[2020.06.27-10.17.26:415][  0]LogConfig: Setting CVar [[r.VolumetricFog.GridPixelSize:8]]
[2020.06.27-10.17.26:415][  0]LogConfig: Setting CVar [[r.VolumetricFog.GridSizeZ:128]]
[2020.06.27-10.17.26:415][  0]LogConfig: Setting CVar [[r.VolumetricFog.HistoryMissSupersampleCount:4]]
[2020.06.27-10.17.26:416][  0]LogConfig: Setting CVar [[r.LightMaxDrawDistanceScale:1]]
[2020.06.27-10.17.26:416][  0]LogConfig: Setting CVar [[r.CapsuleShadows:1]]
[2020.06.27-10.17.26:416][  0]LogConfig: Applying CVar settings from Section [PostProcessQuality@3] File [C:/Users/User/Documents/Unreal Projects/SteamProject/Saved/Config/Windows/Scalability.ini]
[2020.06.27-10.17.26:416][  0]LogConfig: Setting CVar [[r.MotionBlurQuality:4]]
[2020.06.27-10.17.26:416][  0]LogConfig: Setting CVar [[r.AmbientOcclusionMipLevelFactor:0.4]]
[2020.06.27-10.17.26:416][  0]LogConfig: Setting CVar [[r.AmbientOcclusionMaxQuality:100]]
[2020.06.27-10.17.26:416][  0]LogConfig: Setting CVar [[r.AmbientOcclusionLevels:-1]]
[2020.06.27-10.17.26:416][  0]LogConfig: Setting CVar [[r.AmbientOcclusionRadiusScale:1.0]]
[2020.06.27-10.17.26:416][  0]LogConfig: Setting CVar [[r.DepthOfFieldQuality:2]]
[2020.06.27-10.17.26:416][  0]LogConfig: Setting CVar [[r.RenderTargetPoolMin:400]]
[2020.06.27-10.17.26:416][  0]LogConfig: Setting CVar [[r.LensFlareQuality:2]]
[2020.06.27-10.17.26:416][  0]LogConfig: Setting CVar [[r.SceneColorFringeQuality:1]]
[2020.06.27-10.17.26:416][  0]LogConfig: Setting CVar [[r.EyeAdaptationQuality:2]]
[2020.06.27-10.17.26:416][  0]LogConfig: Setting CVar [[r.BloomQuality:5]]
[2020.06.27-10.17.26:416][  0]LogConfig: Setting CVar [[r.FastBlurThreshold:100]]
[2020.06.27-10.17.26:416][  0]LogConfig: Setting CVar [[r.Upscale.Quality:3]]
[2020.06.27-10.17.26:416][  0]LogConfig: Setting CVar [[r.Tonemapper.GrainQuantization:1]]
[2020.06.27-10.17.26:416][  0]LogConfig: Setting CVar [[r.LightShaftQuality:1]]
[2020.06.27-10.17.26:416][  0]LogConfig: Setting CVar [[r.Filter.SizeScale:1]]
[2020.06.27-10.17.26:416][  0]LogConfig: Setting CVar [[r.Tonemapper.Quality:5]]
[2020.06.27-10.17.26:416][  0]LogConfig: Setting CVar [[r.DOF.Gather.AccumulatorQuality:1        ; higher gathering accumulator quality]]
[2020.06.27-10.17.26:416][  0]LogConfig: Setting CVar [[r.DOF.Gather.PostfilterMethod:1          ; Median3x3 postfilering method]]
[2020.06.27-10.17.26:416][  0]LogConfig: Setting CVar [[r.DOF.Gather.EnableBokehSettings:0       ; no bokeh simulation when gathering]]
[2020.06.27-10.17.26:416][  0]LogConfig: Setting CVar [[r.DOF.Gather.RingCount:4                 ; medium number of samples when gathering]]
[2020.06.27-10.17.26:416][  0]LogConfig: Setting CVar [[r.DOF.Scatter.ForegroundCompositing:1    ; additive foreground scattering]]
[2020.06.27-10.17.26:416][  0]LogConfig: Setting CVar [[r.DOF.Scatter.BackgroundCompositing:2    ; additive background scattering]]
[2020.06.27-10.17.26:416][  0]LogConfig: Setting CVar [[r.DOF.Scatter.EnableBokehSettings:1      ; bokeh simulation when scattering]]
[2020.06.27-10.17.26:416][  0]LogConfig: Setting CVar [[r.DOF.Scatter.MaxSpriteRatio:0.1         ; only a maximum of 10% of scattered bokeh]]
[2020.06.27-10.17.26:416][  0]LogConfig: Setting CVar [[r.DOF.Recombine.Quality:1                ; cheap slight out of focus]]
[2020.06.27-10.17.26:416][  0]LogConfig: Setting CVar [[r.DOF.Recombine.EnableBokehSettings:0    ; no bokeh simulation on slight out of focus]]
[2020.06.27-10.17.26:416][  0]LogConfig: Setting CVar [[r.DOF.TemporalAAQuality:1                ; more stable temporal accumulation]]
[2020.06.27-10.17.26:416][  0]LogConfig: Setting CVar [[r.DOF.Kernel.MaxForegroundRadius:0.025]]
[2020.06.27-10.17.26:416][  0]LogConfig: Setting CVar [[r.DOF.Kernel.MaxBackgroundRadius:0.025]]
[2020.06.27-10.17.26:416][  0]LogConfig: Applying CVar settings from Section [TextureQuality@3] File [C:/Users/User/Documents/Unreal Projects/SteamProject/Saved/Config/Windows/Scalability.ini]
[2020.06.27-10.17.26:416][  0]LogConfig: Setting CVar [[r.Streaming.MipBias:0]]
[2020.06.27-10.17.26:416][  0]LogConfig: Setting CVar [[r.Streaming.AmortizeCPUToGPUCopy:0]]
[2020.06.27-10.17.26:416][  0]LogConfig: Setting CVar [[r.Streaming.MaxNumTexturesToStreamPerFrame:0]]
[2020.06.27-10.17.26:416][  0]LogConfig: Setting CVar [[r.Streaming.Boost:1]]
[2020.06.27-10.17.26:416][  0]LogConfig: Setting CVar [[r.MaxAnisotropy:8]]
[2020.06.27-10.17.26:416][  0]LogConfig: Setting CVar [[r.VT.MaxAnisotropy:8]]
[2020.06.27-10.17.26:416][  0]LogConfig: Setting CVar [[r.Streaming.LimitPoolSizeToVRAM:0]]
[2020.06.27-10.17.26:416][  0]LogConfig: Setting CVar [[r.Streaming.PoolSize:1000]]
[2020.06.27-10.17.26:416][  0]LogConfig: Setting CVar [[r.Streaming.MaxEffectiveScreenSize:0]]
[2020.06.27-10.17.26:416][  0]LogConfig: Applying CVar settings from Section [EffectsQuality@3] File [C:/Users/User/Documents/Unreal Projects/SteamProject/Saved/Config/Windows/Scalability.ini]
[2020.06.27-10.17.26:416][  0]LogConfig: Setting CVar [[r.TranslucencyLightingVolumeDim:64]]
[2020.06.27-10.17.26:416][  0]LogConfig: Setting CVar [[r.RefractionQuality:2]]
[2020.06.27-10.17.26:416][  0]LogConfig: Setting CVar [[r.SSR.Quality:3]]
[2020.06.27-10.17.26:416][  0]LogConfig: Setting CVar [[r.SSR.HalfResSceneColor:0]]
[2020.06.27-10.17.26:416][  0]LogConfig: Setting CVar [[r.SceneColorFormat:4]]
[2020.06.27-10.17.26:416][  0]LogConfig: Setting CVar [[r.DetailMode:2]]
[2020.06.27-10.17.26:416][  0]LogConfig: Setting CVar [[r.TranslucencyVolumeBlur:1]]
[2020.06.27-10.17.26:416][  0]LogConfig: Setting CVar [[r.MaterialQualityLevel:1 ; High quality]]
[2020.06.27-10.17.26:416][  0]LogConfig: Setting CVar [[r.SSS.Scale:1]]
[2020.06.27-10.17.26:416][  0]LogConfig: Setting CVar [[r.SSS.SampleSet:2]]
[2020.06.27-10.17.26:416][  0]LogConfig: Setting CVar [[r.SSS.Quality:1]]
[2020.06.27-10.17.26:416][  0]LogConfig: Setting CVar [[r.SSS.HalfRes:1]]
[2020.06.27-10.17.26:416][  0]LogConfig: Setting CVar [[r.SSGI.Quality:3]]
[2020.06.27-10.17.26:416][  0]LogConfig: Setting CVar [[r.EmitterSpawnRateScale:1.0]]
[2020.06.27-10.17.26:416][  0]LogConfig: Setting CVar [[r.ParticleLightQuality:2]]
[2020.06.27-10.17.26:416][  0]LogConfig: Setting CVar [[r.SkyAtmosphere.AerialPerspectiveLUT.FastApplyOnOpaque:1 ; Always have FastSkyLUT 1 in this case to avoid wrong sky]]
[2020.06.27-10.17.26:416][  0]LogConfig: Setting CVar [[r.SkyAtmosphere.AerialPerspectiveLUT.SampleCountPerSlice:1]]
[2020.06.27-10.17.26:416][  0]LogConfig: Setting CVar [[r.SkyAtmosphere.AerialPerspectiveLUT.DepthResolution:16.0]]
[2020.06.27-10.17.26:416][  0]LogConfig: Setting CVar [[r.SkyAtmosphere.FastSkyLUT:1]]
[2020.06.27-10.17.26:416][  0]LogConfig: Setting CVar [[r.SkyAtmosphere.FastSkyLUT.SampleCountMin:4.0]]
[2020.06.27-10.17.26:416][  0]LogConfig: Setting CVar [[r.SkyAtmosphere.FastSkyLUT.SampleCountMax:32.0]]
[2020.06.27-10.17.26:416][  0]LogConfig: Setting CVar [[r.SkyAtmosphere.SampleCountMin:4.0]]
[2020.06.27-10.17.26:416][  0]LogConfig: Setting CVar [[r.SkyAtmosphere.SampleCountMax:32.0]]
[2020.06.27-10.17.26:416][  0]LogConfig: Setting CVar [[r.SkyAtmosphere.TransmittanceLUT.UseSmallFormat:0]]
[2020.06.27-10.17.26:416][  0]LogConfig: Setting CVar [[r.SkyAtmosphere.TransmittanceLUT.SampleCount:10.0]]
[2020.06.27-10.17.26:416][  0]LogConfig: Setting CVar [[r.SkyAtmosphere.MultiScatteringLUT.SampleCount:15.0]]
[2020.06.27-10.17.26:416][  0]LogConfig: Applying CVar settings from Section [FoliageQuality@3] File [C:/Users/User/Documents/Unreal Projects/SteamProject/Saved/Config/Windows/Scalability.ini]
[2020.06.27-10.17.26:416][  0]LogConfig: Setting CVar [[foliage.DensityScale:1.0]]
[2020.06.27-10.17.26:416][  0]LogConfig: Setting CVar [[grass.DensityScale:1.0]]
[2020.06.27-10.17.26:416][  0]LogConfig: Applying CVar settings from Section [ShadingQuality@3] File [C:/Users/User/Documents/Unreal Projects/SteamProject/Saved/Config/Windows/Scalability.ini]
[2020.06.27-10.17.26:416][  0]LogConfig: Setting CVar [[r.HairStrands.SkyLighting.SampleCount:16]]
[2020.06.27-10.17.26:416][  0]LogConfig: Setting CVar [[r.HairStrands.SkyLighting.JitterIntegration:0]]
[2020.06.27-10.17.26:416][  0]LogConfig: Setting CVar [[r.HairStrands.SkyAO.SampleCount:16]]
[2020.06.27-10.17.26:416][  0]LogInit: Selected Device Profile: [Windows]
[2020.06.27-10.17.26:416][  0]LogInit: Applying CVar settings loaded from the selected device profile: [Windows]
[2020.06.27-10.17.26:419][  0]LogHAL: Display: Platform has ~ 24 GB [25656741888 / 34359738368 / 24], which maps to Larger [LargestMinGB=32, LargerMinGB=12, DefaultMinGB=8, SmallerMinGB=6, SmallestMinGB=0)
[2020.06.27-10.17.26:419][  0]LogInit: Going up to parent DeviceProfile []
[2020.06.27-10.17.26:419][  0]LogConfig: Applying CVar settings from Section [ViewDistanceQuality@3] File [C:/Users/User/Documents/Unreal Projects/SteamProject/Saved/Config/Windows/Scalability.ini]
[2020.06.27-10.17.26:419][  0]LogConfig: Setting CVar [[r.SkeletalMeshLODBias:0]]
[2020.06.27-10.17.26:419][  0]LogConfig: Setting CVar [[r.ViewDistanceScale:1.0]]
[2020.06.27-10.17.26:419][  0]LogConfig: Applying CVar settings from Section [AntiAliasingQuality@3] File [C:/Users/User/Documents/Unreal Projects/SteamProject/Saved/Config/Windows/Scalability.ini]
[2020.06.27-10.17.26:419][  0]LogConfig: Setting CVar [[r.PostProcessAAQuality:4]]
[2020.06.27-10.17.26:419][  0]LogConfig: Applying CVar settings from Section [ShadowQuality@3] File [C:/Users/User/Documents/Unreal Projects/SteamProject/Saved/Config/Windows/Scalability.ini]
[2020.06.27-10.17.26:419][  0]LogConfig: Setting CVar [[r.LightFunctionQuality:1]]
[2020.06.27-10.17.26:419][  0]LogConfig: Setting CVar [[r.ShadowQuality:5]]
[2020.06.27-10.17.26:419][  0]LogConfig: Setting CVar [[r.Shadow.CSM.MaxCascades:10]]
[2020.06.27-10.17.26:419][  0]LogConfig: Setting CVar [[r.Shadow.MaxResolution:2048]]
[2020.06.27-10.17.26:419][  0]LogConfig: Setting CVar [[r.Shadow.MaxCSMResolution:2048]]
[2020.06.27-10.17.26:419][  0]LogConfig: Setting CVar [[r.Shadow.RadiusThreshold:0.01]]
[2020.06.27-10.17.26:419][  0]LogConfig: Setting CVar [[r.Shadow.DistanceScale:1.0]]
[2020.06.27-10.17.26:419][  0]LogConfig: Setting CVar [[r.Shadow.CSM.TransitionScale:1.0]]
[2020.06.27-10.17.26:419][  0]LogConfig: Setting CVar [[r.Shadow.PreShadowResolutionFactor:1.0]]
[2020.06.27-10.17.26:419][  0]LogConfig: Setting CVar [[r.DistanceFieldShadowing:1]]
[2020.06.27-10.17.26:419][  0]LogConfig: Setting CVar [[r.DistanceFieldAO:1]]
[2020.06.27-10.17.26:419][  0]LogConfig: Setting CVar [[r.AOQuality:2]]
[2020.06.27-10.17.26:419][  0]LogConfig: Setting CVar [[r.VolumetricFog:1]]
[2020.06.27-10.17.26:419][  0]LogConfig: Setting CVar [[r.VolumetricFog.GridPixelSize:8]]
[2020.06.27-10.17.26:419][  0]LogConfig: Setting CVar [[r.VolumetricFog.GridSizeZ:128]]
[2020.06.27-10.17.26:419][  0]LogConfig: Setting CVar [[r.VolumetricFog.HistoryMissSupersampleCount:4]]
[2020.06.27-10.17.26:419][  0]LogConfig: Setting CVar [[r.LightMaxDrawDistanceScale:1]]
[2020.06.27-10.17.26:419][  0]LogConfig: Setting CVar [[r.CapsuleShadows:1]]
[2020.06.27-10.17.26:419][  0]LogConfig: Applying CVar settings from Section [PostProcessQuality@3] File [C:/Users/User/Documents/Unreal Projects/SteamProject/Saved/Config/Windows/Scalability.ini]
[2020.06.27-10.17.26:419][  0]LogConfig: Setting CVar [[r.MotionBlurQuality:4]]
[2020.06.27-10.17.26:420][  0]LogConfig: Setting CVar [[r.AmbientOcclusionMipLevelFactor:0.4]]
[2020.06.27-10.17.26:420][  0]LogConfig: Setting CVar [[r.AmbientOcclusionMaxQuality:100]]
[2020.06.27-10.17.26:420][  0]LogConfig: Setting CVar [[r.AmbientOcclusionLevels:-1]]
[2020.06.27-10.17.26:420][  0]LogConfig: Setting CVar [[r.AmbientOcclusionRadiusScale:1.0]]
[2020.06.27-10.17.26:420][  0]LogConfig: Setting CVar [[r.DepthOfFieldQuality:2]]
[2020.06.27-10.17.26:420][  0]LogConfig: Setting CVar [[r.RenderTargetPoolMin:400]]
[2020.06.27-10.17.26:420][  0]LogConfig: Setting CVar [[r.LensFlareQuality:2]]
[2020.06.27-10.17.26:420][  0]LogConfig: Setting CVar [[r.SceneColorFringeQuality:1]]
[2020.06.27-10.17.26:420][  0]LogConfig: Setting CVar [[r.EyeAdaptationQuality:2]]
[2020.06.27-10.17.26:420][  0]LogConfig: Setting CVar [[r.BloomQuality:5]]
[2020.06.27-10.17.26:420][  0]LogConfig: Setting CVar [[r.FastBlurThreshold:100]]
[2020.06.27-10.17.26:420][  0]LogConfig: Setting CVar [[r.Upscale.Quality:3]]
[2020.06.27-10.17.26:420][  0]LogConfig: Setting CVar [[r.Tonemapper.GrainQuantization:1]]
[2020.06.27-10.17.26:420][  0]LogConfig: Setting CVar [[r.LightShaftQuality:1]]
[2020.06.27-10.17.26:420][  0]LogConfig: Setting CVar [[r.Filter.SizeScale:1]]
[2020.06.27-10.17.26:420][  0]LogConfig: Setting CVar [[r.Tonemapper.Quality:5]]
[2020.06.27-10.17.26:420][  0]LogConfig: Setting CVar [[r.DOF.Gather.AccumulatorQuality:1        ; higher gathering accumulator quality]]
[2020.06.27-10.17.26:420][  0]LogConfig: Setting CVar [[r.DOF.Gather.PostfilterMethod:1          ; Median3x3 postfilering method]]
[2020.06.27-10.17.26:420][  0]LogConfig: Setting CVar [[r.DOF.Gather.EnableBokehSettings:0       ; no bokeh simulation when gathering]]
[2020.06.27-10.17.26:420][  0]LogConfig: Setting CVar [[r.DOF.Gather.RingCount:4                 ; medium number of samples when gathering]]
[2020.06.27-10.17.26:420][  0]LogConfig: Setting CVar [[r.DOF.Scatter.ForegroundCompositing:1    ; additive foreground scattering]]
[2020.06.27-10.17.26:420][  0]LogConfig: Setting CVar [[r.DOF.Scatter.BackgroundCompositing:2    ; additive background scattering]]
[2020.06.27-10.17.26:420][  0]LogConfig: Setting CVar [[r.DOF.Scatter.EnableBokehSettings:1      ; bokeh simulation when scattering]]
[2020.06.27-10.17.26:420][  0]LogConfig: Setting CVar [[r.DOF.Scatter.MaxSpriteRatio:0.1         ; only a maximum of 10% of scattered bokeh]]
[2020.06.27-10.17.26:420][  0]LogConfig: Setting CVar [[r.DOF.Recombine.Quality:1                ; cheap slight out of focus]]
[2020.06.27-10.17.26:420][  0]LogConfig: Setting CVar [[r.DOF.Recombine.EnableBokehSettings:0    ; no bokeh simulation on slight out of focus]]
[2020.06.27-10.17.26:420][  0]LogConfig: Setting CVar [[r.DOF.TemporalAAQuality:1                ; more stable temporal accumulation]]
[2020.06.27-10.17.26:420][  0]LogConfig: Setting CVar [[r.DOF.Kernel.MaxForegroundRadius:0.025]]
[2020.06.27-10.17.26:420][  0]LogConfig: Setting CVar [[r.DOF.Kernel.MaxBackgroundRadius:0.025]]
[2020.06.27-10.17.26:420][  0]LogConfig: Applying CVar settings from Section [TextureQuality@3] File [C:/Users/User/Documents/Unreal Projects/SteamProject/Saved/Config/Windows/Scalability.ini]
[2020.06.27-10.17.26:420][  0]LogConfig: Setting CVar [[r.Streaming.MipBias:0]]
[2020.06.27-10.17.26:420][  0]LogConfig: Setting CVar [[r.Streaming.AmortizeCPUToGPUCopy:0]]
[2020.06.27-10.17.26:420][  0]LogConfig: Setting CVar [[r.Streaming.MaxNumTexturesToStreamPerFrame:0]]
[2020.06.27-10.17.26:420][  0]LogConfig: Setting CVar [[r.Streaming.Boost:1]]
[2020.06.27-10.17.26:420][  0]LogConfig: Setting CVar [[r.MaxAnisotropy:8]]
[2020.06.27-10.17.26:420][  0]LogConfig: Setting CVar [[r.VT.MaxAnisotropy:8]]
[2020.06.27-10.17.26:420][  0]LogConfig: Setting CVar [[r.Streaming.LimitPoolSizeToVRAM:0]]
[2020.06.27-10.17.26:420][  0]LogConfig: Setting CVar [[r.Streaming.PoolSize:1000]]
[2020.06.27-10.17.26:420][  0]LogConfig: Setting CVar [[r.Streaming.MaxEffectiveScreenSize:0]]
[2020.06.27-10.17.26:420][  0]LogConfig: Applying CVar settings from Section [EffectsQuality@3] File [C:/Users/User/Documents/Unreal Projects/SteamProject/Saved/Config/Windows/Scalability.ini]
[2020.06.27-10.17.26:420][  0]LogConfig: Setting CVar [[r.TranslucencyLightingVolumeDim:64]]
[2020.06.27-10.17.26:420][  0]LogConfig: Setting CVar [[r.RefractionQuality:2]]
[2020.06.27-10.17.26:420][  0]LogConfig: Setting CVar [[r.SSR.Quality:3]]
[2020.06.27-10.17.26:420][  0]LogConfig: Setting CVar [[r.SSR.HalfResSceneColor:0]]
[2020.06.27-10.17.26:420][  0]LogConfig: Setting CVar [[r.SceneColorFormat:4]]
[2020.06.27-10.17.26:420][  0]LogConfig: Setting CVar [[r.DetailMode:2]]
[2020.06.27-10.17.26:420][  0]LogConfig: Setting CVar [[r.TranslucencyVolumeBlur:1]]
[2020.06.27-10.17.26:420][  0]LogConfig: Setting CVar [[r.MaterialQualityLevel:1 ; High quality]]
[2020.06.27-10.17.26:420][  0]LogConfig: Setting CVar [[r.SSS.Scale:1]]
[2020.06.27-10.17.26:420][  0]LogConfig: Setting CVar [[r.SSS.SampleSet:2]]
[2020.06.27-10.17.26:420][  0]LogConfig: Setting CVar [[r.SSS.Quality:1]]
[2020.06.27-10.17.26:420][  0]LogConfig: Setting CVar [[r.SSS.HalfRes:1]]
[2020.06.27-10.17.26:420][  0]LogConfig: Setting CVar [[r.SSGI.Quality:3]]
[2020.06.27-10.17.26:420][  0]LogConfig: Setting CVar [[r.EmitterSpawnRateScale:1.0]]
[2020.06.27-10.17.26:420][  0]LogConfig: Setting CVar [[r.ParticleLightQuality:2]]
[2020.06.27-10.17.26:420][  0]LogConfig: Setting CVar [[r.SkyAtmosphere.AerialPerspectiveLUT.FastApplyOnOpaque:1 ; Always have FastSkyLUT 1 in this case to avoid wrong sky]]
[2020.06.27-10.17.26:420][  0]LogConfig: Setting CVar [[r.SkyAtmosphere.AerialPerspectiveLUT.SampleCountPerSlice:1]]
[2020.06.27-10.17.26:420][  0]LogConfig: Setting CVar [[r.SkyAtmosphere.AerialPerspectiveLUT.DepthResolution:16.0]]
[2020.06.27-10.17.26:420][  0]LogConfig: Setting CVar [[r.SkyAtmosphere.FastSkyLUT:1]]
[2020.06.27-10.17.26:420][  0]LogConfig: Setting CVar [[r.SkyAtmosphere.FastSkyLUT.SampleCountMin:4.0]]
[2020.06.27-10.17.26:420][  0]LogConfig: Setting CVar [[r.SkyAtmosphere.FastSkyLUT.SampleCountMax:32.0]]
[2020.06.27-10.17.26:420][  0]LogConfig: Setting CVar [[r.SkyAtmosphere.SampleCountMin:4.0]]
[2020.06.27-10.17.26:420][  0]LogConfig: Setting CVar [[r.SkyAtmosphere.SampleCountMax:32.0]]
[2020.06.27-10.17.26:420][  0]LogConfig: Setting CVar [[r.SkyAtmosphere.TransmittanceLUT.UseSmallFormat:0]]
[2020.06.27-10.17.26:420][  0]LogConfig: Setting CVar [[r.SkyAtmosphere.TransmittanceLUT.SampleCount:10.0]]
[2020.06.27-10.17.26:420][  0]LogConfig: Setting CVar [[r.SkyAtmosphere.MultiScatteringLUT.SampleCount:15.0]]
[2020.06.27-10.17.26:420][  0]LogConfig: Applying CVar settings from Section [FoliageQuality@3] File [C:/Users/User/Documents/Unreal Projects/SteamProject/Saved/Config/Windows/Scalability.ini]
[2020.06.27-10.17.26:420][  0]LogConfig: Setting CVar [[foliage.DensityScale:1.0]]
[2020.06.27-10.17.26:420][  0]LogConfig: Setting CVar [[grass.DensityScale:1.0]]
[2020.06.27-10.17.26:420][  0]LogConfig: Applying CVar settings from Section [ShadingQuality@3] File [C:/Users/User/Documents/Unreal Projects/SteamProject/Saved/Config/Windows/Scalability.ini]
[2020.06.27-10.17.26:420][  0]LogConfig: Setting CVar [[r.HairStrands.SkyLighting.SampleCount:16]]
[2020.06.27-10.17.26:420][  0]LogConfig: Setting CVar [[r.HairStrands.SkyLighting.JitterIntegration:0]]
[2020.06.27-10.17.26:420][  0]LogConfig: Setting CVar [[r.HairStrands.SkyAO.SampleCount:16]]
[2020.06.27-10.17.26:420][  0]LogConfig: Applying CVar settings from Section [Startup] File [../../../Engine/Config/ConsoleVariables.ini]
[2020.06.27-10.17.26:421][  0]LogConfig: Setting CVar [[net.UseAdaptiveNetUpdateFrequency:0]]
[2020.06.27-10.17.26:421][  0]LogConfig: Setting CVar [[p.chaos.AllowCreatePhysxBodies:1]]
[2020.06.27-10.17.26:421][  0]LogConfig: Applying CVar settings from Section [ConsoleVariables] File [C:/Users/User/Documents/Unreal Projects/SteamProject/Saved/Config/Windows/Engine.ini]
[2020.06.27-10.17.26:421][  0]LogInit: Computer: GSOURCE051
[2020.06.27-10.17.26:421][  0]LogInit: User: Mahesh
[2020.06.27-10.17.26:421][  0]LogInit: CPU Page size=4096, Cores=4
[2020.06.27-10.17.26:421][  0]LogInit: High frequency timer resolution =10.000000 MHz
[2020.06.27-10.17.26:421][  0]LogMemory: Memory total: Physical=23.9GB (24GB approx)
[2020.06.27-10.17.26:421][  0]LogMemory: Platform Memory Stats for Windows
[2020.06.27-10.17.26:421][  0]LogMemory: Process Physical Memory: 106.26 MB used, 106.27 MB peak
[2020.06.27-10.17.26:421][  0]LogMemory: Process Virtual Memory: 100.42 MB used, 100.42 MB peak
[2020.06.27-10.17.26:421][  0]LogMemory: Physical Memory: 4937.16 MB used,  19531.01 MB free, 24468.18 MB total
[2020.06.27-10.17.26:421][  0]LogMemory: Virtual Memory: 5139.33 MB used,  134212592.00 MB free, 134217728.00 MB total
[2020.06.27-10.17.26:423][  0]LogWindows: WindowsPlatformFeatures enabled
[2020.06.27-10.17.26:436][  0]LogInit: Using OS detected language (en-US).
[2020.06.27-10.17.26:436][  0]LogInit: Using OS detected locale (en-IN).
[2020.06.27-10.17.26:436][  0]LogTextLocalizationManager: No specific localization for 'en-US' exists, so the 'en' localization will be used.
[2020.06.27-10.17.26:602][  0]LogInit: Setting process to per monitor DPI aware
[2020.06.27-10.17.26:633][  0]LogSlate: New Slate User Created.  User Index 0, Is Virtual User: 0
[2020.06.27-10.17.26:633][  0]LogSlate: Slate User Registered.  User Index 0, Is Virtual User: 0
[2020.06.27-10.17.26:764][  0]LogHMD: Failed to initialize OpenVR with code 110
[2020.06.27-10.17.26:764][  0]LogD3D11RHI: D3D11 min allowed feature level: 11_0
[2020.06.27-10.17.26:764][  0]LogD3D11RHI: D3D11 max allowed feature level: 11_0
[2020.06.27-10.17.26:764][  0]LogD3D11RHI: D3D11 adapters:
[2020.06.27-10.17.26:854][  0]LogD3D11RHI:    0. 'NVIDIA GeForce GTX 1060 6GB' (Feature Level 11_0)
[2020.06.27-10.17.26:854][  0]LogD3D11RHI:       6052/0/12234 MB DedicatedVideo/DedicatedSystem/SharedSystem, Outputs:1, VendorId:0x10de
[2020.06.27-10.17.26:860][  0]LogD3D11RHI:    1. 'Intel(R) HD Graphics 4600' (Feature Level 11_0)
[2020.06.27-10.17.26:860][  0]LogD3D11RHI:       112/0/2048 MB DedicatedVideo/DedicatedSystem/SharedSystem, Outputs:0, VendorId:0x8086
[2020.06.27-10.17.26:863][  0]LogD3D11RHI:    2. 'Microsoft Basic Render Driver' (Feature Level 11_0)
[2020.06.27-10.17.26:863][  0]LogD3D11RHI:       0/0/12234 MB DedicatedVideo/DedicatedSystem/SharedSystem, Outputs:0, VendorId:0x1414
[2020.06.27-10.17.26:863][  0]LogD3D11RHI: Chosen D3D11 Adapter: 0
[2020.06.27-10.17.26:868][  0]LogD3D11RHI: Creating new Direct3DDevice
[2020.06.27-10.17.26:868][  0]LogD3D11RHI:     GPU DeviceId: 0x1c03 (for the marketing name, search the web for "GPU Device Id")
[2020.06.27-10.17.26:868][  0]LogWindows: EnumDisplayDevices:
[2020.06.27-10.17.26:869][  0]LogWindows:    0. 'NVIDIA GeForce GTX 1060 6GB' (P:1 D:1)
[2020.06.27-10.17.26:869][  0]LogWindows:    1. 'NVIDIA GeForce GTX 1060 6GB' (P:0 D:0)
[2020.06.27-10.17.26:869][  0]LogWindows:    2. 'NVIDIA GeForce GTX 1060 6GB' (P:0 D:0)
[2020.06.27-10.17.26:869][  0]LogWindows:    3. 'NVIDIA GeForce GTX 1060 6GB' (P:0 D:0)
[2020.06.27-10.17.26:869][  0]LogWindows:    4. 'Intel(R) HD Graphics 4600' (P:0 D:0)
[2020.06.27-10.17.26:870][  0]LogWindows:    5. 'Intel(R) HD Graphics 4600' (P:0 D:0)
[2020.06.27-10.17.26:870][  0]LogWindows:    6. 'Intel(R) HD Graphics 4600' (P:0 D:0)
[2020.06.27-10.17.26:870][  0]LogWindows: DebugString: PrimaryIsNotTheChoosenAdapter PrimaryIsNotTheChoosenAdapter PrimaryIsNotTheChoosenAdapter FoundDriverCount:4 
[2020.06.27-10.17.26:870][  0]LogD3D11RHI:     Adapter Name: NVIDIA GeForce GTX 1060 6GB
[2020.06.27-10.17.26:870][  0]LogD3D11RHI:   Driver Version: 441.66 (internal:26.21.14.4166, unified:441.66)
[2020.06.27-10.17.26:870][  0]LogD3D11RHI:      Driver Date: 12-6-2019
[2020.06.27-10.17.26:870][  0]LogRHI: Texture pool is 4236 MB (70% of 6052 MB)
[2020.06.27-10.17.26:926][  0]LogD3D11RHI: RHI has support for 64 bit atomics
[2020.06.27-10.17.26:926][  0]LogD3D11RHI: Async texture creation enabled
[2020.06.27-10.17.26:941][  0]LogD3D11RHI: GPU Timing Frequency: 1000.000000 (Debug: 2 1)
[2020.06.27-10.17.27:203][  0]LogTargetPlatformManager: Display: Loaded TargetPlatform 'AllDesktop'
[2020.06.27-10.17.27:232][  0]LogTargetPlatformManager: Display: Loaded TargetPlatform 'Android'
[2020.06.27-10.17.27:232][  0]LogTargetPlatformManager: Display: Loaded TargetPlatform 'Android_ASTC'
[2020.06.27-10.17.27:232][  0]LogTargetPlatformManager: Display: Loaded TargetPlatform 'Android_ATC'
[2020.06.27-10.17.27:232][  0]LogTargetPlatformManager: Display: Loaded TargetPlatform 'Android_DXT'
[2020.06.27-10.17.27:232][  0]LogTargetPlatformManager: Display: Loaded TargetPlatform 'Android_ETC1'
[2020.06.27-10.17.27:232][  0]LogTargetPlatformManager: Display: Loaded TargetPlatform 'Android_ETC1a'
[2020.06.27-10.17.27:232][  0]LogTargetPlatformManager: Display: Loaded TargetPlatform 'Android_ETC2'
[2020.06.27-10.17.27:232][  0]LogTargetPlatformManager: Display: Loaded TargetPlatform 'Android_PVRTC'
[2020.06.27-10.17.27:232][  0]LogTargetPlatformManager: Display: Loaded TargetPlatform 'AndroidClient'
[2020.06.27-10.17.27:232][  0]LogTargetPlatformManager: Display: Loaded TargetPlatform 'Android_ASTCClient'
[2020.06.27-10.17.27:232][  0]LogTargetPlatformManager: Display: Loaded TargetPlatform 'Android_ATCClient'
[2020.06.27-10.17.27:232][  0]LogTargetPlatformManager: Display: Loaded TargetPlatform 'Android_DXTClient'
[2020.06.27-10.17.27:232][  0]LogTargetPlatformManager: Display: Loaded TargetPlatform 'Android_ETC1Client'
[2020.06.27-10.17.27:232][  0]LogTargetPlatformManager: Display: Loaded TargetPlatform 'Android_ETC1aClient'
[2020.06.27-10.17.27:232][  0]LogTargetPlatformManager: Display: Loaded TargetPlatform 'Android_ETC2Client'
[2020.06.27-10.17.27:232][  0]LogTargetPlatformManager: Display: Loaded TargetPlatform 'Android_PVRTCClient'
[2020.06.27-10.17.27:232][  0]LogTargetPlatformManager: Display: Loaded TargetPlatform 'Android_Multi'
[2020.06.27-10.17.27:232][  0]LogTargetPlatformManager: Display: Loaded TargetPlatform 'Android_MultiClient'
[2020.06.27-10.17.27:249][  0]LogTargetPlatformManager: Display: Loaded TargetPlatform 'IOSClient'
[2020.06.27-10.17.27:249][  0]LogTargetPlatformManager: Display: Loaded TargetPlatform 'IOS'
[2020.06.27-10.17.27:256][  0]LogTargetPlatformManager: Display: Loaded TargetPlatform 'LinuxNoEditor'
[2020.06.27-10.17.27:262][  0]LogTargetPlatformManager: Display: Loaded TargetPlatform 'LinuxClient'
[2020.06.27-10.17.27:269][  0]LogTargetPlatformManager: Display: Loaded TargetPlatform 'LinuxServer'
[2020.06.27-10.17.27:275][  0]LogTargetPlatformManager: Display: Loaded TargetPlatform 'LinuxAArch64NoEditor'
[2020.06.27-10.17.27:281][  0]LogTargetPlatformManager: Display: Loaded TargetPlatform 'LinuxAArch64Client'
[2020.06.27-10.17.27:288][  0]LogTargetPlatformManager: Display: Loaded TargetPlatform 'LinuxAArch64Server'
[2020.06.27-10.17.27:309][  0]LogTargetPlatformManager: Display: Loaded TargetPlatform 'Lumin'
[2020.06.27-10.17.27:309][  0]LogTargetPlatformManager: Display: Loaded TargetPlatform 'LuminClient'
[2020.06.27-10.17.27:322][  0]LogTargetPlatformManager: Display: Loaded TargetPlatform 'TVOSClient'
[2020.06.27-10.17.27:322][  0]LogTargetPlatformManager: Display: Loaded TargetPlatform 'TVOS'
[2020.06.27-10.17.27:329][  0]LogTargetPlatformManager: Display: Loaded TargetPlatform 'WindowsNoEditor'
[2020.06.27-10.17.27:336][  0]LogTargetPlatformManager: Display: Loaded TargetPlatform 'Windows'
[2020.06.27-10.17.27:343][  0]LogTargetPlatformManager: Display: Loaded TargetPlatform 'WindowsClient'
[2020.06.27-10.17.27:350][  0]LogTargetPlatformManager: Display: Loaded TargetPlatform 'WindowsServer'
[2020.06.27-10.17.27:350][  0]LogTargetPlatformManager: Display: Building Assets For Windows
[2020.06.27-10.17.27:353][  0]LogAudioDebug: Display: Lib vorbis DLL was dynamically loaded.
[2020.06.27-10.17.27:372][  0]LogShaderCompilers: Guid format shader working directory is -22 characters bigger than the processId version (../../../../../../Users/User/Documents/Unreal Projects/SteamProject/Intermediate/Shaders/WorkingDirectory/6656/).
[2020.06.27-10.17.27:372][  0]LogShaderCompilers: Cleaned the shader compiler working directory 'C:/Users/User/AppData/Local/Temp/UnrealShaderWorkingDir/3A6451E840214BD69AF1C7B2C31E95CB/'.
[2020.06.27-10.17.27:372][  0]LogXGEController: Cannot use XGE Controller as Incredibuild is not installed on this machine.
[2020.06.27-10.17.27:372][  0]LogShaderCompilers: Cannot use XGE Shader Compiler as Incredibuild is not installed on this machine.
[2020.06.27-10.17.27:372][  0]LogShaderCompilers: Display: Using Local Shader Compiler.
[2020.06.27-10.17.28:102][  0]LogDerivedDataCache: Display: Max Cache Size: 512 MB
[2020.06.27-10.17.28:162][  0]LogDerivedDataCache: Loaded boot cache 0.06s 78MB C:/Users/User/AppData/Local/UnrealEngine/4.24/DerivedDataCache/Boot.ddc.
[2020.06.27-10.17.28:162][  0]LogDerivedDataCache: Display: Loaded Boot cache: C:/Users/User/AppData/Local/UnrealEngine/4.24/DerivedDataCache/Boot.ddc
[2020.06.27-10.17.28:162][  0]LogDerivedDataCache: FDerivedDataBackendGraph:  Pak pak cache file ../../../../../../Users/User/Documents/Unreal Projects/SteamProject/DerivedDataCache/DDC.ddp not found, will not use a pak cache.
[2020.06.27-10.17.28:162][  0]LogDerivedDataCache: Unable to find inner node Pak for hierarchical cache Hierarchy.
[2020.06.27-10.17.28:162][  0]LogDerivedDataCache: FDerivedDataBackendGraph:  CompressedPak pak cache file ../../../../../../Users/User/Documents/Unreal Projects/SteamProject/DerivedDataCache/Compressed.ddp not found, will not use a pak cache.
[2020.06.27-10.17.28:162][  0]LogDerivedDataCache: Unable to find inner node CompressedPak for hierarchical cache Hierarchy.
[2020.06.27-10.17.28:173][  0]LogDerivedDataCache: Display: Pak cache opened for reading ../../../Engine/DerivedDataCache/Compressed.ddp.
[2020.06.27-10.17.28:173][  0]LogDerivedDataCache: FDerivedDataBackendGraph:  EnterprisePak pak cache file ../../../Enterprise/DerivedDataCache/Compressed.ddp not found, will not use a pak cache.
[2020.06.27-10.17.28:173][  0]LogDerivedDataCache: Unable to find inner node EnterprisePak for hierarchical cache Hierarchy.
[2020.06.27-10.17.28:175][  0]LogDerivedDataCache: Using Local data cache path C:/Users/User/AppData/Local/UnrealEngine/Common/DerivedDataCache: Writable
[2020.06.27-10.17.28:175][  0]LogDerivedDataCache: Shared data cache path not found in *engine.ini, will not use an Shared cache.
[2020.06.27-10.17.28:175][  0]LogDerivedDataCache: Unable to find inner node Shared for hierarchical cache Hierarchy.
[2020.06.27-10.17.28:210][  0]LogMaterial: Verifying Global Shaders for PCD3D_SM5
[2020.06.27-10.17.28:213][  0]LogSlate: Using FreeType 2.10.0
[2020.06.27-10.17.28:214][  0]LogSlate: SlateFontServices - WITH_FREETYPE: 1, WITH_HARFBUZZ: 1
[2020.06.27-10.17.28:264][  0]LogAssetRegistry: FAssetRegistry took 0.0027 seconds to start up
[2020.06.27-10.17.28:567][  0]LogInit: Selected Device Profile: [Windows]
[2020.06.27-10.17.28:722][  0]LogMeshReduction: Using QuadricMeshReduction for automatic static mesh reduction
[2020.06.27-10.17.28:722][  0]LogMeshReduction: Using SimplygonMeshReduction for automatic skeletal mesh reduction
[2020.06.27-10.17.28:722][  0]LogMeshReduction: Using ProxyLODMeshReduction for automatic mesh merging
[2020.06.27-10.17.28:722][  0]LogMeshReduction: No distributed automatic mesh merging module available
[2020.06.27-10.17.28:722][  0]LogMeshMerging: No distributed automatic mesh merging module available
[2020.06.27-10.17.28:737][  0]LogNetVersion: SteamProject 1.0.0, NetCL: 10570792, EngineNetVer: 13, GameNetVer: 0 (Checksum: 314100693)
[2020.06.27-10.17.29:734][  0]LogPackageLocalizationCache: Processed 10 localized package path(s) for 1 prioritized culture(s) in 0.047926 seconds
[2020.06.27-10.17.29:741][  0]LogUObjectArray: 46750 objects as part of root set at end of initial load.
[2020.06.27-10.17.29:741][  0]LogUObjectAllocator: 8137160 out of 0 bytes used by permanent object pool.
[2020.06.27-10.17.29:741][  0]LogUObjectArray: CloseDisregardForGC: 0/0 objects in disregard for GC pool
[2020.06.27-10.17.30:116][  0]LogTcpMessaging: Initializing TcpMessaging bridge
[2020.06.27-10.17.30:119][  0]LogUdpMessaging: Initializing bridge on interface 0.0.0.0:0 to multicast group 230.0.0.1:6666.
[2020.06.27-10.17.30:162][  0]SourceControl: Source control is disabled
[2020.06.27-10.17.30:162][  0]SourceControl: Source control is disabled
[2020.06.27-10.17.30:163][  0]SourceControl: Source control is disabled
[2020.06.27-10.17.30:164][  0]SourceControl: Source control is disabled
[2020.06.27-10.17.30:165][  0]SourceControl: Source control is disabled
[2020.06.27-10.17.30:230][  0]LogAndroidPermission: UAndroidPermissionCallbackProxy::GetInstance
[2020.06.27-10.17.30:239][  0]LogAudioCaptureCore: Display: No Audio Capture implementations found. Audio input will be silent.
[2020.06.27-10.17.30:239][  0]LogAudioCaptureCore: Display: No Audio Capture implementations found. Audio input will be silent.
[2020.06.27-10.17.30:336][  0]LogOcInput: OculusInput pre-init called
[2020.06.27-10.17.30:349][  0]LogWindows: Failed to load 'OVRPlugin.dll' (GetLastError=126)
[2020.06.27-10.17.30:349][  0]LogWindows: File 'OVRPlugin.dll' does not exist
[2020.06.27-10.17.30:434][  0]LogEngine: Initializing Engine...
[2020.06.27-10.17.30:435][  0]LogHMD: Failed to initialize OpenVR with code 110
[2020.06.27-10.17.30:436][  0]LogStats: UGameplayTagsManager::InitializeManager -  0.000 s
[2020.06.27-10.17.30:758][  0]LogInit: Initializing FReadOnlyCVARCache
[2020.06.27-10.17.30:764][  0]LogAIModule: Creating AISystem for world Untitled
[2020.06.27-10.17.30:782][  0]LogAudioMixer: Display: Audio Mixer Platform Settings:
[2020.06.27-10.17.30:782][  0]LogAudioMixer: Display: 	Sample Rate:						  48000
[2020.06.27-10.17.30:782][  0]LogAudioMixer: Display: 	Callback Buffer Frame Size Requested: 1024
[2020.06.27-10.17.30:782][  0]LogAudioMixer: Display: 	Callback Buffer Frame Size To Use:	  1024
[2020.06.27-10.17.30:782][  0]LogAudioMixer: Display: 	Number of buffers to queue:			  2
[2020.06.27-10.17.30:782][  0]LogAudioMixer: Display: 	Max Channels (voices):				  32
[2020.06.27-10.17.30:782][  0]LogAudioMixer: Display: 	Number of Async Source Workers:		  0
[2020.06.27-10.17.30:782][  0]LogAudio: Display: AudioDevice MaxSources: 32
[2020.06.27-10.17.30:782][  0]LogAudio: Display: Using built-in audio occlusion.
[2020.06.27-10.17.30:782][  0]LogAudioMixer: Display: Initializing audio mixer.
[2020.06.27-10.17.30:794][  0]LogAudioMixer: Display: Audio Device Output Speaker Info:
[2020.06.27-10.17.30:795][  0]LogAudioMixer: Display: Name: Digital Audio (S/PDIF) (High Definition Audio Device)
[2020.06.27-10.17.30:795][  0]LogAudioMixer: Display: Is Default: Yes
[2020.06.27-10.17.30:795][  0]LogAudioMixer: Display: Sample Rate: 48000
[2020.06.27-10.17.30:795][  0]LogAudioMixer: Display: Channel Count Used: 2
[2020.06.27-10.17.30:795][  0]LogAudioMixer: Display: Device Channel Count: 2
[2020.06.27-10.17.30:795][  0]LogAudioMixer: Display: Channel Order:
[2020.06.27-10.17.30:795][  0]LogAudioMixer: Display: 0: FrontLeft
[2020.06.27-10.17.30:795][  0]LogAudioMixer: Display: 1: FrontRight
[2020.06.27-10.17.30:820][  0]LogAudioMixer: Display: Using Audio Device Digital Audio (S/PDIF) (High Definition Audio Device)
[2020.06.27-10.17.30:824][  0]LogInit: FAudioDevice initialized.
[2020.06.27-10.17.30:825][  0]LogNetVersion: Set ProjectVersion to 1.0.0.0. Version Checksum will be recalculated on next use.
[2020.06.27-10.17.30:913][  0]LogDerivedDataCache: Saved boot cache 0.09s 78MB C:/Users/User/AppData/Local/UnrealEngine/4.24/DerivedDataCache/Boot.ddc.
[2020.06.27-10.17.30:922][  0]LogInit: Texture streaming: Enabled
[2020.06.27-10.17.30:937][  0]LogEngineSessionManager: EngineSessionManager initialized
[2020.06.27-10.17.30:937][  0]LogEditorSessionSummary: Verbose: Initializing EditorSessionSummaryWriter for editor session tracking
[2020.06.27-10.17.30:940][  0]LogEditorSessionSummary: EditorSessionSummaryWriter initialized
[2020.06.27-10.17.31:012][  0]LogInit: Transaction tracking system initialized
[2020.06.27-10.17.31:021][  0]BlueprintLog: New page: Editor Load
[2020.06.27-10.17.31:049][  0]LocalizationService: Localization service is disabled
[2020.06.27-10.17.31:304][  0]LogFileCache: Scanning file cache for directory 'C:/Users/User/Documents/Unreal Projects/SteamProject/Content/' took 0.01s
[2020.06.27-10.17.31:304][  0]LogCook: Display: Max memory allowance for cook 16384mb min free memory 0mb
[2020.06.27-10.17.31:304][  0]LogCook: Display: Mobile HDR setting 1
[2020.06.27-10.17.31:929][  0]SourceControl: Source control is disabled
[2020.06.27-10.17.31:929][  0]Cmd: MAP LOAD FILE="../../../../../../Users/User/Documents/Unreal Projects/SteamProject/Content/Maps/MainMenu.umap" TEMPLATE=0 SHOWPROGRESS=1 FEATURELEVEL=3
[2020.06.27-10.17.31:929][  0]LightingResults: New page: Lighting Build
[2020.06.27-10.17.31:930][  0]LogWorld: UWorld::CleanupWorld for Untitled, bSessionEnded=true, bCleanupResources=true
[2020.06.27-10.17.31:930][  0]LogSlate: InvalidateAllWidgets triggered.  All widgets were invalidated
[2020.06.27-10.17.31:930][  0]MapCheck: New page: Map Check
[2020.06.27-10.17.31:930][  0]LightingResults: New page: Lighting Build
[2020.06.27-10.17.31:953][  0]LogUObjectHash: Compacting FUObjectHashTables data took   1.66ms
[2020.06.27-10.17.32:021][  0]LogProperty: Error: UStructProperty::Serialize Loading: Property 'StructProperty /Game/UI/MainMenu/OptionsMenu.OptionsMenu_C:PlayerInfo'. Unknown structure.
[2020.06.27-10.17.32:038][  0]LogProperty: Error: UStructProperty::Serialize Loading: Property 'StructProperty /Game/Blueprints/AllLevels/PlayerSaveGame.PlayerSaveGame_C:S_PlayerInfo'. Unknown structure.
[2020.06.27-10.17.32:038][  0]LogClass: Warning: Property S_PlayerInfo of S_PlayerInfo has a struct type mismatch (tag STRUCT_REINST_PlayerInfo_0 != prop FallbackStruct) in package:  ../../../../../../Users/User/Documents/Unreal Projects/SteamProject/Content/Blueprints/AllLevels/PlayerSaveGame.uasset. If that struct got renamed, add an entry to ActiveStructRedirects.
[2020.06.27-10.17.32:182][  0]LogClass: Warning: Property PlayerInfo of PlayerInfo has a struct type mismatch (tag STRUCT_REINST_PlayerInfo_0 != prop FallbackStruct) in package:  ../../../../../../Users/User/Documents/Unreal Projects/SteamProject/Content/UI/MainMenu/OptionsMenu.uasset. If that struct got renamed, add an entry to ActiveStructRedirects.
[2020.06.27-10.17.32:271][  0]LogClass: Warning: Property S_PlayerInfo of S_PlayerInfo has a struct type mismatch (tag FallbackStruct != prop PlayerInfo) in package:  FObjectReader. If that struct got renamed, add an entry to ActiveStructRedirects.
[2020.06.27-10.17.32:272][  0]LogClass: Warning: Property PlayerInfo of PlayerInfo has a struct type mismatch (tag FallbackStruct != prop PlayerInfo) in package:  FObjectReader. If that struct got renamed, add an entry to ActiveStructRedirects.
[2020.06.27-10.17.32:301][  0]LogAIModule: Creating AISystem for world MainMenu
[2020.06.27-10.17.32:302][  0]LogEditorServer: Finished looking for orphan Actors (0.000 secs)
[2020.06.27-10.17.32:328][  0]LogUObjectHash: Compacting FUObjectHashTables data took   2.40ms
[2020.06.27-10.17.32:328][  0]Cmd: MAP CHECKDEP NOCLEARLOG
[2020.06.27-10.17.32:329][  0]MapCheck: Map check complete: 0 Error(s), 0 Warning(s), took 0.179ms to complete.
[2020.06.27-10.17.32:329][  0]LogFileHelpers: Loading map 'MainMenu' took 0.400
[2020.06.27-10.17.32:537][  0]LogSlate: Updating window title bar state: overlay mode, drag disabled, window buttons hidden, title bar hidden
[2020.06.27-10.17.32:548][  0]LogSlate: Updating window title bar state: overlay mode, drag disabled, window buttons hidden, title bar hidden
[2020.06.27-10.17.32:554][  0]LogSlate: Updating window title bar state: overlay mode, drag disabled, window buttons hidden, title bar hidden
[2020.06.27-10.17.32:560][  0]LogSlate: Updating window title bar state: overlay mode, drag disabled, window buttons hidden, title bar hidden
[2020.06.27-10.17.32:579][  0]LogCollectionManager: Loaded 0 collections in 0.001477 seconds
[2020.06.27-10.17.32:632][  0]LogFileCache: Scanning file cache for directory 'C:/Users/User/Documents/Unreal Projects/SteamProject/Saved/Collections/' took 0.00s
[2020.06.27-10.17.32:632][  0]LogFileCache: Scanning file cache for directory 'C:/Users/User/Documents/Unreal Projects/SteamProject/Content/Developers/Mahesh/Collections/' took 0.00s
[2020.06.27-10.17.32:632][  0]LogFileCache: Scanning file cache for directory 'C:/Users/User/Documents/Unreal Projects/SteamProject/Content/Collections/' took 0.00s
[2020.06.27-10.17.32:632][  0]LogContentBrowser: Native class hierarchy populated in 0.0186 seconds. Added 3015 classes and 717 folders.
[2020.06.27-10.17.32:647][  0]LogContentBrowser: Native class hierarchy updated for 'WidgetCarousel' in 0.0003 seconds. Added 0 classes and 0 folders.
[2020.06.27-10.17.33:103][  0]LogContentBrowser: Native class hierarchy updated for 'AddContentDialog' in 0.0002 seconds. Added 0 classes and 0 folders.
[2020.06.27-10.17.33:122][  0]LogContentBrowser: Native class hierarchy updated for 'SceneOutliner' in 0.0003 seconds. Added 2 classes and 3 folders.
[2020.06.27-10.17.33:409][  0]LogSlate: Took 0.000197 seconds to synchronously load lazily loaded font '../../../Engine/Content/Slate/Fonts/Roboto-Regular.ttf' (155K)
[2020.06.27-10.17.33:411][  0]LogSlate: Took 0.000121 seconds to synchronously load lazily loaded font '../../../Engine/Content/Slate/Fonts/Roboto-Bold.ttf' (160K)
[2020.06.27-10.17.33:422][  0]LogSlate: Took 0.005980 seconds to synchronously load lazily loaded font '../../../Engine/Content/Editor/Slate/Fonts/FontAwesome.ttf' (139K)
[2020.06.27-10.17.33:565][  0]LogRenderer: Reallocating scene render targets to support 1080x672 Format 10 NumSamples 1 (Frame:1).
[2020.06.27-10.17.33:667][  0]LogContentBrowser: Native class hierarchy updated for 'HierarchicalLODOutliner' in 0.0002 seconds. Added 0 classes and 0 folders.
[2020.06.27-10.17.33:667][  0]LogLoad: (Engine Initialization) Total time: 8.29 seconds
[2020.06.27-10.17.33:667][  0]LogLoad: (Engine Initialization) Total Blueprint compile time: 0.00 seconds
[2020.06.27-10.17.33:856][  0]LogContentStreaming: Texture pool size now 1000 MB
[2020.06.27-10.17.33:896][  0]LogSlate: Took 0.008013 seconds to synchronously load lazily loaded font '../../../Engine/Content/Slate/Fonts/Roboto-Light.ttf' (167K)
[2020.06.27-10.17.34:231][  7]LogAssetRegistry: Asset discovery search completed in 5.9677 seconds
[2020.06.27-10.17.34:236][  7]LogCollectionManager: Fixed up redirectors for 0 collections in 0.000009 seconds (updated 0 objects)
[2020.06.27-10.18.29:669][626]LogTemp: Repeating last play command: New Editor Window (PIE)
[2020.06.27-10.18.29:687][626]LogBlueprintUserMessages: Early PlayInEditor Detection: Level '/Game/Maps/MainMenu.MainMenu:PersistentLevel' has LevelScriptBlueprint '/Game/Maps/MainMenu.MainMenu:PersistentLevel.MainMenu' with GeneratedClass '/Game/Maps/MainMenu.MainMenu_C' with ClassGeneratedBy '/Game/Maps/MainMenu.MainMenu:PersistentLevel.MainMenu'
[2020.06.27-10.18.29:687][626]LogPlayLevel: PlayLevel: No blueprints needed recompiling
[2020.06.27-10.18.29:696][626]PIE: New page: PIE session: MainMenu (27-Jun-2020, 9:18:29 pm)
[2020.06.27-10.18.29:697][626]LogModuleManager: Warning: ModuleManager: Unable to load module 'OnlineSubsystemSteam'  - 0 instances of that module name found.
[2020.06.27-10.18.29:697][626]LogOnline: Warning: OSS: TryLoadSubsystemAndSetDefault: LoadSubsystemModule([Steam]) failed
[2020.06.27-10.18.29:697][626]LogOnline: OSS: Creating online subsystem instance for: NULL
[2020.06.27-10.18.29:699][626]LogOnline: OSS: TryLoadSubsystemAndSetDefault: Loaded subsystem for module [NULL]
[2020.06.27-10.18.29:699][626]LogPlayLevel: Creating play world package: /Game/Maps/UEDPIE_1_MainMenu
[2020.06.27-10.18.29:701][626]LogPlayLevel: PIE: StaticDuplicateObject took: (0.001401s)
[2020.06.27-10.18.29:702][626]LogAIModule: Creating AISystem for world MainMenu
[2020.06.27-10.18.29:702][626]LogPlayLevel: PIE: World Init took: (0.001570s)
[2020.06.27-10.18.29:703][626]LogPlayLevel: PIE: Created PIE world by copying editor world from /Game/Maps/MainMenu.MainMenu to /Game/Maps/UEDPIE_1_MainMenu.MainMenu (0.003156s)
[2020.06.27-10.18.29:725][626]LogUObjectHash: Compacting FUObjectHashTables data took   1.52ms
[2020.06.27-10.18.29:728][626]LogAudioMixer: Display: Audio Mixer Platform Settings:
[2020.06.27-10.18.29:728][626]LogAudioMixer: Display: 	Sample Rate:						  48000
[2020.06.27-10.18.29:728][626]LogAudioMixer: Display: 	Callback Buffer Frame Size Requested: 1024
[2020.06.27-10.18.29:728][626]LogAudioMixer: Display: 	Callback Buffer Frame Size To Use:	  1024
[2020.06.27-10.18.29:728][626]LogAudioMixer: Display: 	Number of buffers to queue:			  2
[2020.06.27-10.18.29:728][626]LogAudioMixer: Display: 	Max Channels (voices):				  32
[2020.06.27-10.18.29:728][626]LogAudioMixer: Display: 	Number of Async Source Workers:		  0
[2020.06.27-10.18.29:728][626]LogAudio: Display: AudioDevice MaxSources: 32
[2020.06.27-10.18.29:729][626]LogAudio: Display: Using built-in audio occlusion.
[2020.06.27-10.18.29:729][626]LogAudioMixer: Display: Initializing audio mixer.
[2020.06.27-10.18.29:735][626]LogAudioMixer: Display: Audio Device Output Speaker Info:
[2020.06.27-10.18.29:735][626]LogAudioMixer: Display: Name: Digital Audio (S/PDIF) (High Definition Audio Device)
[2020.06.27-10.18.29:735][626]LogAudioMixer: Display: Is Default: Yes
[2020.06.27-10.18.29:735][626]LogAudioMixer: Display: Sample Rate: 48000
[2020.06.27-10.18.29:735][626]LogAudioMixer: Display: Channel Count Used: 2
[2020.06.27-10.18.29:735][626]LogAudioMixer: Display: Device Channel Count: 2
[2020.06.27-10.18.29:735][626]LogAudioMixer: Display: Channel Order:
[2020.06.27-10.18.29:735][626]LogAudioMixer: Display: 0: FrontLeft
[2020.06.27-10.18.29:735][626]LogAudioMixer: Display: 1: FrontRight
[2020.06.27-10.18.29:745][626]LogAudioMixer: Display: Using Audio Device Digital Audio (S/PDIF) (High Definition Audio Device)
[2020.06.27-10.18.29:747][626]LogInit: FAudioDevice initialized.
[2020.06.27-10.18.29:801][626]LogSlate: Updating window title bar state: overlay mode, drag disabled, window buttons hidden, title bar hidden
[2020.06.27-10.18.30:198][626]LogLoad: Game class is 'ThirdPersonGameMode_C'
[2020.06.27-10.18.30:202][626]LogWorld: Bringing World /Game/Maps/UEDPIE_1_MainMenu.MainMenu up for play (max tick rate 0) at 2020.06.27-15.48.30
[2020.06.27-10.18.30:202][626]LogWorld: Bringing up level for play took: 0.000933
[2020.06.27-10.18.30:202][626]LogOnline: OSS: Creating online subsystem instance for: :Context_1
[2020.06.27-10.18.30:213][626]LogContentBrowser: Native class hierarchy updated for 'MovieSceneCapture' in 0.0003 seconds. Added 20 classes and 0 folders.
[2020.06.27-10.18.30:226][626]LogNet: ReplicationDriverClass is null! Not using ReplicationDriver.
[2020.06.27-10.18.30:226][626]LogNetCore: DDoS detection status: detection enabled: 0 analytics enabled: 0
[2020.06.27-10.18.30:228][626]LogInit: WinSock: I am Gsource051 (192.168.2.205:0)
[2020.06.27-10.18.30:228][626]LogInit: WinSock: Socket queue. Rx: 131072 (config 131072) Tx: 131072 (config 131072)
[2020.06.27-10.18.30:228][626]PacketHandlerLog: Loaded PacketHandler component: Engine.EngineHandlerComponentFactory (StatelessConnectHandlerComponent)
[2020.06.27-10.18.30:229][626]LogNet: GameNetDriver IpNetDriver_0 IpNetDriver listening on port 17777
[2020.06.27-10.18.30:240][626]PIE: Play in editor start time for /Game/Maps/UEDPIE_1_MainMenu 1.005
[2020.06.27-10.18.30:304][626]LogSlate: Updating window title bar state: overlay mode, drag disabled, window buttons hidden, title bar hidden
[2020.06.27-10.18.30:304][626]LogNet: Browse: 127.0.0.1:17777//Game/Maps/MainMenu
[2020.06.27-10.18.30:307][626]LogInit: WinSock: Socket queue. Rx: 32768 (config 32768) Tx: 32768 (config 32768)
[2020.06.27-10.18.30:308][626]PacketHandlerLog: Loaded PacketHandler component: Engine.EngineHandlerComponentFactory (StatelessConnectHandlerComponent)
[2020.06.27-10.18.30:308][626]LogNet: Game client on port 17777, rate 10000
[2020.06.27-10.18.30:314][626]PIE: Play in editor start time for /Game/Maps/MainMenu 1.078
[2020.06.27-10.18.30:325][626]LogBlueprintUserMessages: Late PlayInEditor Detection: Level '/Game/Maps/MainMenu.MainMenu:PersistentLevel' has LevelScriptBlueprint '/Game/Maps/MainMenu.MainMenu:PersistentLevel.MainMenu' with GeneratedClass '/Game/Maps/MainMenu.MainMenu_C' with ClassGeneratedBy '/Game/Maps/MainMenu.MainMenu:PersistentLevel.MainMenu'
[2020.06.27-10.18.30:328][626]LogNet: NotifyAcceptingConnection accepted from: 127.0.0.1:56614
[2020.06.27-10.18.30:329][626]LogHandshake: SendConnectChallenge. Timestamp: 0.008334, Cookie: 045087113081196129126060180135136122211238192151017043146018
[2020.06.27-10.18.30:339][626]LogHandshake: SendChallengeResponse. Timestamp: 0.008334, Cookie: 045087113081196129126060180135136122211238192151017043146018
[2020.06.27-10.18.30:384][627]LogRenderer: Reallocating scene render targets to support 1280x720 Format 10 NumSamples 1 (Frame:1).
[2020.06.27-10.18.30:385][627]LogNet: NotifyAcceptingConnection accepted from: 127.0.0.1:56614
[2020.06.27-10.18.30:386][627]LogHandshake: SendChallengeAck. InCookie: 045087113081196129126060180135136122211238192151017043146018
[2020.06.27-10.18.30:386][627]LogNet: Server accepting post-challenge connection from: 127.0.0.1:56614
[2020.06.27-10.18.30:386][627]PacketHandlerLog: Loaded PacketHandler component: Engine.EngineHandlerComponentFactory (StatelessConnectHandlerComponent)
[2020.06.27-10.18.30:386][627]LogNet: NotifyAcceptedConnection: Name: MainMenu, TimeStamp: 06/27/20 15:48:30, [UNetConnection] RemoteAddr: 127.0.0.1:56614, Name: IpConnection_1, Driver: GameNetDriver IpNetDriver_0, IsServer: YES, PC: NULL, Owner: NULL, UniqueId: INVALID
[2020.06.27-10.18.30:386][627]LogNet: AddClientConnection: Added client connection: [UNetConnection] RemoteAddr: 127.0.0.1:56614, Name: IpConnection_1, Driver: GameNetDriver IpNetDriver_0, IsServer: YES, PC: NULL, Owner: NULL, UniqueId: INVALID
[2020.06.27-10.18.30:387][627]LogNetVersion: SteamProject 1.0.0.0, NetCL: 10570792, EngineNetVer: 13, GameNetVer: 0 (Checksum: 3418010381)
[2020.06.27-10.18.30:387][627]LogNet: UPendingNetGame::SendInitialJoin: Sending hello. [UNetConnection] RemoteAddr: 127.0.0.1:17777, Name: IpConnection_0, Driver: PendingNetDriver IpNetDriver_1, IsServer: NO, PC: NULL, Owner: NULL, UniqueId: INVALID
[2020.06.27-10.18.30:428][628]LogNet: NotifyAcceptingChannel Control 0 server World /Game/Maps/UEDPIE_1_MainMenu.MainMenu: Accepted
[2020.06.27-10.18.30:429][628]LogNet: Remote platform little endian=1
[2020.06.27-10.18.30:429][628]LogNet: This platform little endian=1
[2020.06.27-10.18.30:430][628]LogOnline: OSS: Creating online subsystem instance for: :Context_2
[2020.06.27-10.18.30:437][629]LogNet: Login request: /Game/Maps/MainMenu?Name=Gsource051-25B7529844EBA400CCF48B990D2D5ACC userId: NULL:Gsource051-25B7529844EBA400CCF48B990D2D5ACC platform: NULL
[2020.06.27-10.18.30:438][629]LogNet: Welcomed by server (Level: /Game/Maps/UEDPIE_1_MainMenu, Game: /Game/ThirdPersonBP/Blueprints/ThirdPersonGameMode.ThirdPersonGameMode_C)
[2020.06.27-10.18.30:438][629]LogLoad: LoadMap: 127.0.0.1:17777//Game/Maps/UEDPIE_1_MainMenu?game=/Game/ThirdPersonBP/Blueprints/ThirdPersonGameMode.ThirdPersonGameMode_C
[2020.06.27-10.18.30:438][629]LogWorld: BeginTearingDown for /Temp/Untitled_1
[2020.06.27-10.18.30:438][629]LogWorld: UWorld::CleanupWorld for Untitled, bSessionEnded=true, bCleanupResources=true
[2020.06.27-10.18.30:438][629]LogSlate: InvalidateAllWidgets triggered.  All widgets were invalidated
[2020.06.27-10.18.30:438][629]LogAudioMixer: Display: No commands were queued while flushing the source manager.
[2020.06.27-10.18.30:464][629]LogUObjectHash: Compacting FUObjectHashTables data took   2.23ms
[2020.06.27-10.18.30:468][629]LogAIModule: Creating AISystem for world MainMenu
[2020.06.27-10.18.30:469][629]LogWorld: Bringing World /Game/Maps/UEDPIE_2_MainMenu.MainMenu up for play (max tick rate 0) at 2020.06.27-15.48.30
[2020.06.27-10.18.30:469][629]LogWorld: Bringing up level for play took: 0.000238
[2020.06.27-10.18.30:470][629]LogLoad: Took 0.031597 seconds to LoadMap(/Game/Maps/UEDPIE_1_MainMenu)
[2020.06.27-10.18.30:480][630]LogNet: Client netspeed is 10000
[2020.06.27-10.18.30:480][630]LogNet: Join request: /Game/Maps/MainMenu?Name=Gsource051-25B7529844EBA400CCF48B990D2D5ACC?SplitscreenCount=1
[2020.06.27-10.18.30:480][630]LogOnlineSession: Warning: OSS: No game present to join for session (GameSession)
[2020.06.27-10.18.30:485][630]LogNet: Join succeeded: Gsource051-25B752984
[2020.06.27-10.18.30:748][660]LogOnlineSession: Warning: OSS: No game present to join for session (GameSession)
[2020.06.27-10.18.30:781][664]LogOnlineSession: Warning: OSS: No game present to join for session (GameSession)
[2020.06.27-10.18.37:005][ 90]LogSlate: Window 'SteamProject Game Preview Server (64-bit/PCD3D_SM5)' being destroyed
[2020.06.27-10.18.37:009][ 90]LogOnlineSession: Warning: OSS: No game present to leave for session (GameSession)
[2020.06.27-10.18.37:010][ 90]LogBlueprintUserMessages: Early EndPlayMap Detection: Level '/Game/Maps/MainMenu.MainMenu:PersistentLevel' has LevelScriptBlueprint '/Game/Maps/MainMenu.MainMenu:PersistentLevel.MainMenu' with GeneratedClass '/Game/Maps/MainMenu.MainMenu_C' with ClassGeneratedBy '/Game/Maps/MainMenu.MainMenu:PersistentLevel.MainMenu'
[2020.06.27-10.18.37:010][ 90]LogSlate: Updating window title bar state: overlay mode, drag disabled, window buttons hidden, title bar hidden
[2020.06.27-10.18.37:010][ 90]LogWorld: BeginTearingDown for /Game/Maps/UEDPIE_2_MainMenu
[2020.06.27-10.18.37:030][ 90]LogSlate: Window 'SteamProject Game Preview Client 1 (64-bit/PCD3D_SM5)' being destroyed
[2020.06.27-10.18.37:034][ 90]LogAudioMixer: Display: No commands were queued while flushing the source manager.
[2020.06.27-10.18.37:034][ 90]LogWorld: UWorld::CleanupWorld for MainMenu, bSessionEnded=true, bCleanupResources=true
[2020.06.27-10.18.37:034][ 90]LogSlate: InvalidateAllWidgets triggered.  All widgets were invalidated
[2020.06.27-10.18.37:039][ 90]LogNet: World NetDriver shutdown IpNetDriver_1 [GameNetDriver]
[2020.06.27-10.18.37:039][ 90]LogNet: DestroyNamedNetDriver IpNetDriver_1 [GameNetDriver]
[2020.06.27-10.18.37:039][ 90]LogNet: UNetConnection::Close: [UNetConnection] RemoteAddr: 127.0.0.1:17777, Name: IpConnection_0, Driver: GameNetDriver IpNetDriver_1, IsServer: NO, PC: PlayerController_1, Owner: PlayerController_1, UniqueId: NULL:Gsource051-25B7529844EBA400CCF48B990D2D5ACC, Channels: 10, Time: 2020.06.27-10.18.37
[2020.06.27-10.18.37:039][ 90]LogNet: UChannel::Close: Sending CloseBunch. ChIndex == 0. Name: [UChannel] ChIndex: 0, Closing: 0 [UNetConnection] RemoteAddr: 127.0.0.1:17777, Name: IpConnection_0, Driver: GameNetDriver IpNetDriver_1, IsServer: NO, PC: PlayerController_1, Owner: PlayerController_1, UniqueId: NULL:Gsource051-25B7529844EBA400CCF48B990D2D5ACC
[2020.06.27-10.18.37:040][ 90]LogExit: GameNetDriver IpNetDriver_1 shut down
[2020.06.27-10.18.37:040][ 90]LogWorld: BeginTearingDown for /Game/Maps/UEDPIE_1_MainMenu
[2020.06.27-10.18.37:040][ 90]LogAudioMixer: Display: No commands were queued while flushing the source manager.
[2020.06.27-10.18.37:040][ 90]LogWorld: UWorld::CleanupWorld for MainMenu, bSessionEnded=true, bCleanupResources=true
[2020.06.27-10.18.37:041][ 90]LogSlate: InvalidateAllWidgets triggered.  All widgets were invalidated
[2020.06.27-10.18.37:048][ 90]LogNet: World NetDriver shutdown IpNetDriver_0 [GameNetDriver]
[2020.06.27-10.18.37:048][ 90]LogNet: DestroyNamedNetDriver IpNetDriver_0 [GameNetDriver]
[2020.06.27-10.18.37:048][ 90]LogNet: UNetConnection::Cleanup: Closing open connection. [UNetConnection] RemoteAddr: 127.0.0.1:56614, Name: IpConnection_1, Driver: GameNetDriver IpNetDriver_0, IsServer: YES, PC: PlayerController_1, Owner: PlayerController_1, UniqueId: NULL:Gsource051-25B7529844EBA400CCF48B990D2D5ACC
[2020.06.27-10.18.37:048][ 90]LogNet: UNetConnection::Close: [UNetConnection] RemoteAddr: 127.0.0.1:56614, Name: IpConnection_1, Driver: GameNetDriver IpNetDriver_0, IsServer: YES, PC: PlayerController_1, Owner: PlayerController_1, UniqueId: NULL:Gsource051-25B7529844EBA400CCF48B990D2D5ACC, Channels: 10, Time: 2020.06.27-10.18.37
[2020.06.27-10.18.37:048][ 90]LogNet: UChannel::Close: Sending CloseBunch. ChIndex == 0. Name: [UChannel] ChIndex: 0, Closing: 0 [UNetConnection] RemoteAddr: 127.0.0.1:56614, Name: IpConnection_1, Driver: GameNetDriver IpNetDriver_0, IsServer: YES, PC: PlayerController_1, Owner: PlayerController_1, UniqueId: NULL:Gsource051-25B7529844EBA400CCF48B990D2D5ACC
[2020.06.27-10.18.37:049][ 90]LogExit: GameNetDriver IpNetDriver_0 shut down
[2020.06.27-10.18.37:049][ 90]LogPlayLevel: Display: Shutting down PIE online subsystems
[2020.06.27-10.18.37:049][ 90]LogBlueprintUserMessages: Late EndPlayMap Detection: Level '/Game/Maps/MainMenu.MainMenu:PersistentLevel' has LevelScriptBlueprint '/Game/Maps/MainMenu.MainMenu:PersistentLevel.MainMenu' with GeneratedClass '/Game/Maps/MainMenu.MainMenu_C' with ClassGeneratedBy '/Game/Maps/MainMenu.MainMenu:PersistentLevel.MainMenu'
[2020.06.27-10.18.37:052][ 90]LogSlate: InvalidateAllWidgets triggered.  All widgets were invalidated
[2020.06.27-10.18.37:074][ 90]LogAudioMixer: Display: No commands were queued while flushing the source manager.
[2020.06.27-10.18.37:080][ 90]LogUObjectHash: Compacting FUObjectHashTables data took   1.76ms
[2020.06.27-10.18.37:104][ 91]LogPlayLevel: Display: Destroying online subsystem :Context_2
[2020.06.27-10.18.37:104][ 91]LogPlayLevel: Display: Destroying online subsystem :Context_1
[2020.06.27-10.18.41:011][539]LogUObjectHash: Compacting FUObjectHashTables data took   0.66ms
[2020.06.27-10.19.30:907][ 10]LogEditorViewport: Clicking Background
[2020.06.27-10.21.15:294][520]LogEditorViewport: Clicking Background
[2020.06.27-10.21.24:906][654]LogSlate: Took 0.000207 seconds to synchronously load lazily loaded font '../../../Engine/Content/Slate/Fonts/Roboto-Light.ttf' (167K)
[2020.06.27-10.21.24:923][654]LogAssetEditorSubsystem: Opening Asset editor for WidgetBlueprint /Game/UI/Lobby/GameSettings.GameSettings
[2020.06.27-10.21.25:206][654]LogContentBrowser: Native class hierarchy updated for 'BlueprintGraph' in 0.0011 seconds. Added 121 classes and 0 folders.
[2020.06.27-10.21.26:427][654]LogSlate: Took 0.000159 seconds to synchronously load lazily loaded font '../../../Engine/Content/Slate/Fonts/Roboto-BoldCondensed.ttf' (158K)
[2020.06.27-10.21.43:287][626]LogAssetEditorSubsystem: Opening Asset editor for WidgetBlueprint /Game/UI/MainMenu/HostMenu.HostMenu
[2020.06.27-10.21.54:248][843]LogWorld: UWorld::CleanupWorld for World_3, bSessionEnded=true, bCleanupResources=true
[2020.06.27-10.21.54:248][843]LogSlate: InvalidateAllWidgets triggered.  All widgets were invalidated
[2020.06.27-10.21.54:254][843]LogWorld: UWorld::CleanupWorld for World_2, bSessionEnded=true, bCleanupResources=true
[2020.06.27-10.21.54:254][843]LogSlate: InvalidateAllWidgets triggered.  All widgets were invalidated
[2020.06.27-10.22.01:989][746]LogAssetEditorSubsystem: Opening Asset editor for WidgetBlueprint /Game/UI/MainMenu/OptionsMenu.OptionsMenu
[2020.06.27-10.23.33:763][205]LogSlate: Took 0.018084 seconds to synchronously load lazily loaded font '../../../Engine/Content/Slate/Fonts/DroidSansFallback.ttf' (3848K)
[2020.06.27-10.27.56:259][935]LogUObjectHash: Compacting FUObjectHashTables data took   5.65ms
[2020.06.27-10.27.56:260][935]LogFileHelpers: Editor autosave (incl. sublevels) for '/Game/Maps/MainMenu' took 0.071
[2020.06.27-10.27.56:261][935]OBJ SavePackage: Generating thumbnails for [0] asset(s) in package [/Game/UI/Lobby/GameSettings] ([1] browsable assets)...
[2020.06.27-10.27.56:261][935]OBJ SavePackage: Finished generating thumbnails for package [/Game/UI/Lobby/GameSettings]
[2020.06.27-10.27.56:308][935]LogSavePackage: Moving '../../../../../../Users/User/Documents/Unreal Projects/SteamProject/Saved/GameSettings_Auto1346CEC6347AD97365B55BCBE5117E509.tmp' to '../../../../../../Users/User/Documents/Unreal Projects/SteamProject/Saved/Autosaves/Game/UI/Lobby/GameSettings_Auto1.uasset'
[2020.06.27-10.27.56:310][935]LogFileHelpers: Auto-saving content packages took 0.050
[2020.06.27-10.38.06:410][295]LogUObjectHash: Compacting FUObjectHashTables data took   5.04ms
[2020.06.27-10.38.06:413][295]LogFileHelpers: Editor autosave (incl. sublevels) for '/Game/Maps/MainMenu' took 0.048
[2020.06.27-10.38.06:413][295]OBJ SavePackage: Generating thumbnails for [0] asset(s) in package [/Game/UI/Lobby/GameSettings] ([1] browsable assets)...
[2020.06.27-10.38.06:413][295]OBJ SavePackage: Finished generating thumbnails for package [/Game/UI/Lobby/GameSettings]
[2020.06.27-10.38.06:441][295]LogSavePackage: Moving '../../../../../../Users/User/Documents/Unreal Projects/SteamProject/Saved/GameSettings_Auto2ED815B3D473EF3EBC11C6FACFE389546.tmp' to '../../../../../../Users/User/Documents/Unreal Projects/SteamProject/Saved/Autosaves/Game/UI/Lobby/GameSettings_Auto2.uasset'
[2020.06.27-10.38.06:442][295]LogFileHelpers: Auto-saving content packages took 0.029
[2020.06.27-10.48.06:645][352]LogSlate: WidgetSwitcher ('None') active index changed to 1
[2020.06.27-10.48.29:913][ 51]LogSlate: WidgetSwitcher ('None') active index changed to 1
[2020.06.27-10.48.38:655][ 71]LogSlate: WidgetSwitcher ('None') active index changed to 0
[2020.06.27-10.48.38:673][ 71]LogSlate: WidgetSwitcher ('None') active index changed to 1
[2020.06.27-10.49.30:772][818]LogUObjectHash: Compacting FUObjectHashTables data took   5.15ms
[2020.06.27-10.49.30:774][818]LogFileHelpers: Editor autosave (incl. sublevels) for '/Game/Maps/MainMenu' took 0.045
[2020.06.27-10.49.30:775][818]OBJ SavePackage: Generating thumbnails for [0] asset(s) in package [/Game/UI/Lobby/GameSettings] ([1] browsable assets)...
[2020.06.27-10.49.30:775][818]OBJ SavePackage: Finished generating thumbnails for package [/Game/UI/Lobby/GameSettings]
[2020.06.27-10.49.30:804][818]LogSavePackage: Moving '../../../../../../Users/User/Documents/Unreal Projects/SteamProject/Saved/GameSettings_Auto3FCABD454479532903A2D86ACBE750855.tmp' to '../../../../../../Users/User/Documents/Unreal Projects/SteamProject/Saved/Autosaves/Game/UI/Lobby/GameSettings_Auto3.uasset'
[2020.06.27-10.49.30:805][818]LogFileHelpers: Auto-saving content packages took 0.031
[2020.06.27-10.49.50:597][  7]LogSlate: WidgetSwitcher ('None') active index changed to 1
[2020.06.27-10.50.01:261][220]LogSlate: WidgetSwitcher ('None') active index changed to 0
[2020.06.27-10.50.01:311][220]LogSlate: WidgetSwitcher ('None') active index changed to 1
[2020.06.27-10.50.16:498][966]LogSlate: WidgetSwitcher ('None') active index changed to 0
[2020.06.27-10.52.20:735][284]LogSlate: WidgetSwitcher ('None') active index changed to 1
[2020.06.27-10.52.36:275][ 99]LogSlate: WidgetSwitcher ('None') active index changed to 0
[2020.06.27-10.52.48:315][412]LogSlate: WidgetSwitcher ('None') active index changed to 1
[2020.06.27-10.53.17:511][811]BlueprintLog: New page: Compile GameSettings
[2020.06.27-10.53.17:561][811]LogUObjectHash: Compacting FUObjectHashTables data took   5.09ms
[2020.06.27-10.53.17:608][811]Cmd: OBJ SAVEPACKAGE PACKAGE="/Game/UI/Lobby/GameSettings" FILE="../../../../../../Users/User/Documents/Unreal Projects/SteamProject/Content/UI/Lobby/GameSettings.uasset" SILENT=true
[2020.06.27-10.53.17:635][811]LogSavePackage: Moving '../../../../../../Users/User/Documents/Unreal Projects/SteamProject/Saved/GameSettings0949DA774095FC3EE9391E8F3A4E0218.tmp' to '../../../../../../Users/User/Documents/Unreal Projects/SteamProject/Content/UI/Lobby/GameSettings.uasset'
[2020.06.27-10.53.17:658][811]AssetCheck: New page: Asset Save: GameSettings
[2020.06.27-10.53.17:659][811]LogContentValidation: Display: Validating WidgetBlueprint /Game/UI/Lobby/GameSettings.GameSettings
[2020.06.27-10.53.17:703][811]LogSlate: WidgetSwitcher ('None') active index changed to 1
[2020.06.27-10.53.18:842][931]Cmd: OBJ SAVEPACKAGE PACKAGE="/Game/UI/Lobby/GameSettings" FILE="../../../../../../Users/User/Documents/Unreal Projects/SteamProject/Content/UI/Lobby/GameSettings.uasset" SILENT=true
[2020.06.27-10.53.18:866][931]LogSavePackage: Moving '../../../../../../Users/User/Documents/Unreal Projects/SteamProject/Saved/GameSettingsD42AFFDD4B1EC07FEAD92EAEFF4B9073.tmp' to '../../../../../../Users/User/Documents/Unreal Projects/SteamProject/Content/UI/Lobby/GameSettings.uasset'
[2020.06.27-10.53.18:879][931]AssetCheck: New page: Asset Save: GameSettings
[2020.06.27-10.53.18:879][931]LogContentValidation: Display: Validating WidgetBlueprint /Game/UI/Lobby/GameSettings.GameSettings
[2020.06.27-10.53.22:022][253]Cmd: OBJ SAVEPACKAGE PACKAGE="/Game/UI/Lobby/GameSettings" FILE="../../../../../../Users/User/Documents/Unreal Projects/SteamProject/Content/UI/Lobby/GameSettings.uasset" SILENT=true
[2020.06.27-10.53.22:047][253]LogSavePackage: Moving '../../../../../../Users/User/Documents/Unreal Projects/SteamProject/Saved/GameSettingsC1748C4F4D758579CC8A12812DA7EAAC.tmp' to '../../../../../../Users/User/Documents/Unreal Projects/SteamProject/Content/UI/Lobby/GameSettings.uasset'
[2020.06.27-10.53.22:062][253]AssetCheck: New page: Asset Save: GameSettings
[2020.06.27-10.53.22:062][253]LogContentValidation: Display: Validating WidgetBlueprint /Game/UI/Lobby/GameSettings.GameSettings
[2020.06.27-10.53.23:127][370]LogWorld: UWorld::CleanupWorld for World_1, bSessionEnded=true, bCleanupResources=true
[2020.06.27-10.53.23:127][370]LogSlate: InvalidateAllWidgets triggered.  All widgets were invalidated
[2020.06.27-10.53.23:149][370]LogWorld: UWorld::CleanupWorld for World_0, bSessionEnded=true, bCleanupResources=true
[2020.06.27-10.53.23:149][370]LogSlate: InvalidateAllWidgets triggered.  All widgets were invalidated
[2020.06.27-10.53.25:091][579]BlueprintLog: New page: Compile OptionsMenu
[2020.06.27-10.53.25:174][579]LogUObjectHash: Compacting FUObjectHashTables data took   5.27ms
[2020.06.27-10.53.25:659][622]Cmd: OBJ SAVEPACKAGE PACKAGE="/Game/UI/MainMenu/OptionsMenu" FILE="../../../../../../Users/User/Documents/Unreal Projects/SteamProject/Content/UI/MainMenu/OptionsMenu.uasset" SILENT=true
[2020.06.27-10.53.25:718][622]LogSavePackage: Moving '../../../../../../Users/User/Documents/Unreal Projects/SteamProject/Saved/OptionsMenu5E5896A749388FD6410D8D9D71549DE4.tmp' to '../../../../../../Users/User/Documents/Unreal Projects/SteamProject/Content/UI/MainMenu/OptionsMenu.uasset'
[2020.06.27-10.53.25:730][622]AssetCheck: New page: Asset Save: OptionsMenu
[2020.06.27-10.53.25:730][622]LogContentValidation: Display: Validating WidgetBlueprint /Game/UI/MainMenu/OptionsMenu.OptionsMenu
