Log file open, 06/24/20 01:54:32
LogWindows: Failed to load 'aqProf.dll' (GetLastError=126)
LogWindows: File 'aqProf.dll' does not exist
LogWindows: Failed to load 'VtuneApi.dll' (GetLastError=126)
LogWindows: File 'VtuneApi.dll' does not exist
LogWindows: Failed to load 'VtuneApi32e.dll' (GetLastError=126)
LogWindows: File 'VtuneApi32e.dll' does not exist
LogConsoleResponse: Display: Failed to find resolution value strings in scalability ini. Falling back to default.
LogInit: Display: Running engine for game: SteamProject
LogPlatformFile: Not using cached read wrapper
LogTaskGraph: Started task graph with 5 named threads and 23 total threads with 3 sets of task threads.
LogStats: Stats thread started at 0.067113
LogD3D11RHI: Loaded GFSDK_Aftermath_Lib.x64.dll
LogICUInternationalization: ICU TimeZone Detection - Raw Offset: +5:30, Platform Override: ''
LogPluginManager: Mounting plugin Paper2D
LogPluginManager: Mounting plugin AISupport
LogPluginManager: Mounting plugin LightPropagationVolume
LogPluginManager: Mounting plugin ActorLayerUtilities
LogPluginManager: Mounting plugin AnimationSharing
LogPluginManager: Mounting plugin CLionSourceCodeAccess
LogPluginManager: Mounting plugin CodeLiteSourceCodeAccess
LogPluginManager: Mounting plugin GitSourceControl
LogPluginManager: Mounting plugin KDevelopSourceCodeAccess
LogPluginManager: Mounting plugin NullSourceCodeAccess
LogPluginManager: Mounting plugin PerforceSourceControl
LogPluginManager: Mounting plugin PlasticSourceControl
LogPluginManager: Mounting plugin SubversionSourceControl
LogPluginManager: Mounting plugin UObjectPlugin
LogPluginManager: Mounting plugin VisualStudioCodeSourceCodeAccess
LogPluginManager: Mounting plugin VisualStudioSourceCodeAccess
LogPluginManager: Mounting plugin XCodeSourceCodeAccess
LogPluginManager: Mounting plugin AssetManagerEditor
LogPluginManager: Mounting plugin CryptoKeys
LogPluginManager: Mounting plugin CurveEditorTools
LogPluginManager: Mounting plugin DataValidation
LogPluginManager: Mounting plugin FacialAnimation
LogPluginManager: Mounting plugin GameplayTagsEditor
LogPluginManager: Mounting plugin MacGraphicsSwitching
LogPluginManager: Mounting plugin MaterialAnalyzer
LogPluginManager: Mounting plugin MobileLauncherProfileWizard
LogPluginManager: Mounting plugin PluginBrowser
LogPluginManager: Mounting plugin SpeedTreeImporter
LogPluginManager: Mounting plugin DatasmithContent
LogPluginManager: Mounting plugin VariantManagerContent
LogPluginManager: Mounting plugin AlembicImporter
LogPluginManager: Mounting plugin AutomationUtils
LogPluginManager: Mounting plugin BackChannel
LogPluginManager: Mounting plugin CharacterAI
LogPluginManager: Mounting plugin GeometryCache
LogPluginManager: Mounting plugin PlatformCrypto
LogPluginManager: Mounting plugin ProxyLODPlugin
LogPluginManager: Mounting plugin SkeletalReduction
LogPluginManager: Mounting plugin MagicLeap
LogPluginManager: Mounting plugin MagicLeapMedia
LogPluginManager: Mounting plugin MLSDK
LogPluginManager: Mounting plugin AndroidMedia
LogPluginManager: Mounting plugin AvfMedia
LogPluginManager: Mounting plugin ImgMedia
LogPluginManager: Mounting plugin MediaCompositing
LogPluginManager: Mounting plugin MediaPlayerEditor
LogPluginManager: Mounting plugin WebMMedia
LogPluginManager: Mounting plugin WmfMedia
LogPluginManager: Mounting plugin TcpMessaging
LogPluginManager: Mounting plugin UdpMessaging
LogPluginManager: Mounting plugin ActorSequence
LogPluginManager: Mounting plugin LevelSequenceEditor
LogPluginManager: Mounting plugin MatineeToLevelSequence
LogPluginManager: Mounting plugin NetcodeUnitTest
LogPluginManager: Mounting plugin NUTUnrealEngine4
LogPluginManager: Mounting plugin OnlineSubsystemGooglePlay
LogPluginManager: Mounting plugin OnlineSubsystemIOS
LogPluginManager: Mounting plugin OnlineSubsystem
LogPluginManager: Mounting plugin OnlineSubsystemNull
LogPluginManager: Mounting plugin OnlineSubsystemUtils
LogPluginManager: Mounting plugin LauncherChunkInstaller
LogPluginManager: Mounting plugin AndroidDeviceProfileSelector
LogPluginManager: Mounting plugin AndroidMoviePlayer
LogPluginManager: Mounting plugin AndroidPermission
LogPluginManager: Mounting plugin AppleImageUtils
LogPluginManager: Mounting plugin AppleMoviePlayer
LogPluginManager: Mounting plugin ArchVisCharacter
LogPluginManager: Mounting plugin AssetTags
LogPluginManager: Mounting plugin AudioCapture
LogPluginManager: Mounting plugin CableComponent
LogPluginManager: Mounting plugin CustomMeshComponent
LogPluginManager: Mounting plugin EditableMesh
LogPluginManager: Mounting plugin ExampleDeviceProfileSelector
LogPluginManager: Mounting plugin GoogleCloudMessaging
LogPluginManager: Mounting plugin IOSDeviceProfileSelector
LogPluginManager: Mounting plugin LinuxDeviceProfileSelector
LogPluginManager: Mounting plugin LocationServicesBPLibrary
LogPluginManager: Mounting plugin MobilePatchingUtils
LogPluginManager: Mounting plugin OculusVR
LogPluginManager: Mounting plugin PhysXVehicles
LogPluginManager: Mounting plugin PostSplashScreen
LogPluginManager: Mounting plugin ProceduralMeshComponent
LogPluginManager: Mounting plugin RuntimePhysXCooking
LogPluginManager: Mounting plugin SignificanceManager
LogPluginManager: Mounting plugin SteamVR
LogPluginManager: Mounting plugin WebMMoviePlayer
LogPluginManager: Mounting plugin WindowsMoviePlayer
LogPluginManager: Mounting plugin ScreenshotTools
LogInit: Using libcurl 7.55.1-DEV
LogInit:  - built for x86_64-pc-win32
LogInit:  - supports SSL with OpenSSL/1.1.1
LogInit:  - supports HTTP deflate (compression) using libz 1.2.8
LogInit:  - other features:
LogInit:      CURL_VERSION_SSL
LogInit:      CURL_VERSION_LIBZ
LogInit:      CURL_VERSION_IPV6
LogInit:      CURL_VERSION_ASYNCHDNS
LogInit:      CURL_VERSION_LARGEFILE
LogInit:      CURL_VERSION_IDN
LogInit:  CurlRequestOptions (configurable via config and command line):
LogInit:  - bVerifyPeer = true  - Libcurl will verify peer certificate
LogInit:  - bUseHttpProxy = false  - Libcurl will NOT use HTTP proxy
LogInit:  - bDontReuseConnections = false  - Libcurl will reuse connections
LogInit:  - MaxHostConnections = 16  - Libcurl will limit the number of connections to a host
LogInit:  - LocalHostAddr = Default
LogInit:  - BufferSize = 65536
LogOnline: OSS: Creating online subsystem instance for: NULL
LogInit: WinSock: version 1.1 (2.2), MaxSocks=32767, MaxUdp=65467
LogOnline: OSS: TryLoadSubsystemAndSetDefault: Loaded subsystem for module [NULL]
LogInit: Build: ++UE4+Release-4.24-CL-11590370
LogInit: Engine Version: 4.24.3-11590370+++UE4+Release-4.24
LogInit: Compatible Engine Version: 4.24.0-10570792+++UE4+Release-4.24
LogInit: Net CL: 10570792
LogInit: OS: Windows 10 (Release 2004) (), CPU: Intel(R) Core(TM) i7-4770 CPU @ 3.40GHz, GPU: NVIDIA GeForce GTX 1060 6GB
LogInit: Compiled (64-bit): Feb 24 2020 15:39:18
LogInit: Compiled with Visual C++: 19.16.27032.01
LogInit: Build Configuration: Development
LogInit: Branch Name: ++UE4+Release-4.24
LogInit: Command Line: 
LogInit: Base Directory: C:/Program Files/Epic Games/UE_4.24/Engine/Binaries/Win64/
LogInit: Installed Engine Build: 1
LogDevObjectVersion: Number of dev versions registered: 25
LogDevObjectVersion:   Dev-Blueprints (B0D832E4-1F89-4F0D-ACCF-7EB736FD4AA2): 10
LogDevObjectVersion:   Dev-Build (E1C64328-A22C-4D53-A36C-8E866417BD8C): 0
LogDevObjectVersion:   Dev-Core (375EC13C-06E4-48FB-B500-84F0262A717E): 3
LogDevObjectVersion:   Dev-Editor (E4B068ED-F494-42E9-A231-DA0B2E46BB41): 37
LogDevObjectVersion:   Dev-Framework (CFFC743F-43B0-4480-9391-14DF171D2073): 36
LogDevObjectVersion:   Dev-Mobile (B02B49B5-BB20-44E9-A304-32B752E40360): 2
LogDevObjectVersion:   Dev-Networking (A4E4105C-59A1-49B5-A7C5-40C4547EDFEE): 0
LogDevObjectVersion:   Dev-Online (39C831C9-5AE6-47DC-9A44-9C173E1C8E7C): 0
LogDevObjectVersion:   Dev-Physics (78F01B33-EBEA-4F98-B9B4-84EACCB95AA2): 2
LogDevObjectVersion:   Dev-Platform (6631380F-2D4D-43E0-8009-CF276956A95A): 0
LogDevObjectVersion:   Dev-Rendering (12F88B9F-8875-4AFC-A67C-D90C383ABD29): 36
LogDevObjectVersion:   Dev-Sequencer (7B5AE74C-D270-4C10-A958-57980B212A5A): 11
LogDevObjectVersion:   Dev-VR (D7296918-1DD6-4BDD-9DE2-64A83CC13884): 2
LogDevObjectVersion:   Dev-LoadTimes (C2A15278-BFE7-4AFE-6C17-90FF531DF755): 1
LogDevObjectVersion:   Private-Geometry (6EACA3D4-40EC-4CC1-B786-8BED09428FC5): 3
LogDevObjectVersion:   Dev-AnimPhys (29E575DD-E0A3-4627-9D10-D276232CDCEA): 17
LogDevObjectVersion:   Dev-Anim (AF43A65D-7FD3-4947-9873-3E8ED9C1BB05): 2
LogDevObjectVersion:   Dev-ReflectionCapture (6B266CEC-1EC7-4B8F-A30B-E4D90942FC07): 1
LogDevObjectVersion:   Dev-Automation (0DF73D61-A23F-47EA-B727-89E90C41499A): 1
LogDevObjectVersion:   FortniteMain (601D1886-AC64-4F84-AA16-D3DE0DEAC7D6): 31
LogDevObjectVersion:   Dev-Enterprise (9DFFBCD6-494F-0158-E221-12823C92A888): 8
LogDevObjectVersion:   Dev-Niagara (F2AED0AC-9AFE-416F-8664-AA7FFA26D6FC): 1
LogDevObjectVersion:   Dev-Destruction (174F1F0B-B4C6-45A5-B13F-2EE8D0FB917D): 9
LogDevObjectVersion:   Dev-Physics-Ext (35F94A83-E258-406C-A318-09F59610247C): 8
LogDevObjectVersion:   Dev-CineCamera (B2E18506-4273-CFC2-A54E-F4BB758BBA07): 1
LogInit: Presizing for max 25165824 objects, including 0 objects not considered by GC, pre-allocating 0 bytes for permanent pool.
LogInit: Object subsystem initialized
LogConfig: Setting CVar [[con.DebugEarlyDefault:1]]
LogConfig: Setting CVar [[r.setres:1280x720]]
[2020.06.23-20.24.32:176][  0]LogConfig: Setting CVar [[r.VSync:0]]
[2020.06.23-20.24.32:176][  0]LogConfig: Setting CVar [[r.RHICmdBypass:0]]
[2020.06.23-20.24.32:176][  0]LogConfig: Applying CVar settings from Section [/Script/Engine.RendererSettings] File [C:/Users/User/Documents/Unreal Projects/SteamProject/Saved/Config/Windows/Engine.ini]
[2020.06.23-20.24.32:176][  0]LogConfig: Setting CVar [[r.GPUCrashDebugging:0]]
[2020.06.23-20.24.32:176][  0]LogConfig: Applying CVar settings from Section [/Script/Engine.RendererOverrideSettings] File [C:/Users/User/Documents/Unreal Projects/SteamProject/Saved/Config/Windows/Engine.ini]
[2020.06.23-20.24.32:176][  0]LogConfig: Applying CVar settings from Section [/Script/Engine.StreamingSettings] File [C:/Users/User/Documents/Unreal Projects/SteamProject/Saved/Config/Windows/Engine.ini]
[2020.06.23-20.24.32:176][  0]LogConfig: Setting CVar [[s.MinBulkDataSizeForAsyncLoading:131072]]
[2020.06.23-20.24.32:176][  0]LogConfig: Setting CVar [[s.AsyncLoadingThreadEnabled:0]]
[2020.06.23-20.24.32:176][  0]LogConfig: Setting CVar [[s.EventDrivenLoaderEnabled:1]]
[2020.06.23-20.24.32:176][  0]LogConfig: Setting CVar [[s.WarnIfTimeLimitExceeded:0]]
[2020.06.23-20.24.32:176][  0]LogConfig: Setting CVar [[s.TimeLimitExceededMultiplier:1.5]]
[2020.06.23-20.24.32:176][  0]LogConfig: Setting CVar [[s.TimeLimitExceededMinTime:0.005]]
[2020.06.23-20.24.32:176][  0]LogConfig: Setting CVar [[s.UseBackgroundLevelStreaming:1]]
[2020.06.23-20.24.32:176][  0]LogConfig: Setting CVar [[s.PriorityAsyncLoadingExtraTime:15.0]]
[2020.06.23-20.24.32:176][  0]LogConfig: Setting CVar [[s.LevelStreamingActorsUpdateTimeLimit:5.0]]
[2020.06.23-20.24.32:176][  0]LogConfig: Setting CVar [[s.PriorityLevelStreamingActorsUpdateExtraTime:5.0]]
[2020.06.23-20.24.32:176][  0]LogConfig: Setting CVar [[s.LevelStreamingComponentsRegistrationGranularity:10]]
[2020.06.23-20.24.32:176][  0]LogConfig: Setting CVar [[s.UnregisterComponentsTimeLimit:1.0]]
[2020.06.23-20.24.32:176][  0]LogConfig: Setting CVar [[s.LevelStreamingComponentsUnregistrationGranularity:5]]
[2020.06.23-20.24.32:176][  0]LogConfig: Setting CVar [[s.FlushStreamingOnExit:1]]
[2020.06.23-20.24.32:176][  0]LogConfig: Applying CVar settings from Section [/Script/Engine.GarbageCollectionSettings] File [C:/Users/User/Documents/Unreal Projects/SteamProject/Saved/Config/Windows/Engine.ini]
[2020.06.23-20.24.32:176][  0]LogConfig: Setting CVar [[gc.MaxObjectsNotConsideredByGC:1]]
[2020.06.23-20.24.32:176][  0]LogConfig: Setting CVar [[gc.SizeOfPermanentObjectPool:0]]
[2020.06.23-20.24.32:176][  0]LogConfig: Setting CVar [[gc.FlushStreamingOnGC:0]]
[2020.06.23-20.24.32:176][  0]LogConfig: Setting CVar [[gc.NumRetriesBeforeForcingGC:10]]
[2020.06.23-20.24.32:176][  0]LogConfig: Setting CVar [[gc.AllowParallelGC:1]]
[2020.06.23-20.24.32:176][  0]LogConfig: Setting CVar [[gc.TimeBetweenPurgingPendingKillObjects:61.1]]
[2020.06.23-20.24.32:176][  0]LogConfig: Setting CVar [[gc.MaxObjectsInEditor:25165824]]
[2020.06.23-20.24.32:177][  0]LogConfig: Setting CVar [[gc.IncrementalBeginDestroyEnabled:1]]
[2020.06.23-20.24.32:177][  0]LogConfig: Setting CVar [[gc.CreateGCClusters:1]]
[2020.06.23-20.24.32:177][  0]LogConfig: Setting CVar [[gc.MinGCClusterSize:5]]
[2020.06.23-20.24.32:177][  0]LogConfig: Setting CVar [[gc.ActorClusteringEnabled:0]]
[2020.06.23-20.24.32:177][  0]LogConfig: Setting CVar [[gc.BlueprintClusteringEnabled:0]]
[2020.06.23-20.24.32:177][  0]LogConfig: Setting CVar [[gc.UseDisregardForGCOnDedicatedServers:0]]
[2020.06.23-20.24.32:177][  0]LogConfig: Applying CVar settings from Section [/Script/Engine.NetworkSettings] File [C:/Users/User/Documents/Unreal Projects/SteamProject/Saved/Config/Windows/Engine.ini]
[2020.06.23-20.24.32:177][  0]LogConfig: Applying CVar settings from Section [/Script/UnrealEd.CookerSettings] File [C:/Users/User/Documents/Unreal Projects/SteamProject/Saved/Config/Windows/Engine.ini]
[2020.06.23-20.24.32:179][  0]LogConfig: Applying CVar settings from Section [ViewDistanceQuality@3] File [C:/Users/User/Documents/Unreal Projects/SteamProject/Saved/Config/Windows/Scalability.ini]
[2020.06.23-20.24.32:180][  0]LogConfig: Setting CVar [[r.SkeletalMeshLODBias:0]]
[2020.06.23-20.24.32:180][  0]LogConfig: Setting CVar [[r.ViewDistanceScale:1.0]]
[2020.06.23-20.24.32:180][  0]LogConfig: Applying CVar settings from Section [AntiAliasingQuality@3] File [C:/Users/User/Documents/Unreal Projects/SteamProject/Saved/Config/Windows/Scalability.ini]
[2020.06.23-20.24.32:180][  0]LogConfig: Setting CVar [[r.PostProcessAAQuality:4]]
[2020.06.23-20.24.32:180][  0]LogConfig: Applying CVar settings from Section [ShadowQuality@3] File [C:/Users/User/Documents/Unreal Projects/SteamProject/Saved/Config/Windows/Scalability.ini]
[2020.06.23-20.24.32:180][  0]LogConfig: Setting CVar [[r.LightFunctionQuality:1]]
[2020.06.23-20.24.32:180][  0]LogConfig: Setting CVar [[r.ShadowQuality:5]]
[2020.06.23-20.24.32:180][  0]LogConfig: Setting CVar [[r.Shadow.CSM.MaxCascades:10]]
[2020.06.23-20.24.32:180][  0]LogConfig: Setting CVar [[r.Shadow.MaxResolution:2048]]
[2020.06.23-20.24.32:180][  0]LogConfig: Setting CVar [[r.Shadow.MaxCSMResolution:2048]]
[2020.06.23-20.24.32:180][  0]LogConfig: Setting CVar [[r.Shadow.RadiusThreshold:0.01]]
[2020.06.23-20.24.32:180][  0]LogConfig: Setting CVar [[r.Shadow.DistanceScale:1.0]]
[2020.06.23-20.24.32:180][  0]LogConfig: Setting CVar [[r.Shadow.CSM.TransitionScale:1.0]]
[2020.06.23-20.24.32:180][  0]LogConfig: Setting CVar [[r.Shadow.PreShadowResolutionFactor:1.0]]
[2020.06.23-20.24.32:180][  0]LogConfig: Setting CVar [[r.DistanceFieldShadowing:1]]
[2020.06.23-20.24.32:180][  0]LogConfig: Setting CVar [[r.DistanceFieldAO:1]]
[2020.06.23-20.24.32:180][  0]LogConfig: Setting CVar [[r.AOQuality:2]]
[2020.06.23-20.24.32:180][  0]LogConfig: Setting CVar [[r.VolumetricFog:1]]
[2020.06.23-20.24.32:180][  0]LogConfig: Setting CVar [[r.VolumetricFog.GridPixelSize:8]]
[2020.06.23-20.24.32:180][  0]LogConfig: Setting CVar [[r.VolumetricFog.GridSizeZ:128]]
[2020.06.23-20.24.32:180][  0]LogConfig: Setting CVar [[r.VolumetricFog.HistoryMissSupersampleCount:4]]
[2020.06.23-20.24.32:180][  0]LogConfig: Setting CVar [[r.LightMaxDrawDistanceScale:1]]
[2020.06.23-20.24.32:180][  0]LogConfig: Setting CVar [[r.CapsuleShadows:1]]
[2020.06.23-20.24.32:180][  0]LogConfig: Applying CVar settings from Section [PostProcessQuality@3] File [C:/Users/User/Documents/Unreal Projects/SteamProject/Saved/Config/Windows/Scalability.ini]
[2020.06.23-20.24.32:180][  0]LogConfig: Setting CVar [[r.MotionBlurQuality:4]]
[2020.06.23-20.24.32:180][  0]LogConfig: Setting CVar [[r.AmbientOcclusionMipLevelFactor:0.4]]
[2020.06.23-20.24.32:180][  0]LogConfig: Setting CVar [[r.AmbientOcclusionMaxQuality:100]]
[2020.06.23-20.24.32:180][  0]LogConfig: Setting CVar [[r.AmbientOcclusionLevels:-1]]
[2020.06.23-20.24.32:180][  0]LogConfig: Setting CVar [[r.AmbientOcclusionRadiusScale:1.0]]
[2020.06.23-20.24.32:180][  0]LogConfig: Setting CVar [[r.DepthOfFieldQuality:2]]
[2020.06.23-20.24.32:180][  0]LogConfig: Setting CVar [[r.RenderTargetPoolMin:400]]
[2020.06.23-20.24.32:180][  0]LogConfig: Setting CVar [[r.LensFlareQuality:2]]
[2020.06.23-20.24.32:180][  0]LogConfig: Setting CVar [[r.SceneColorFringeQuality:1]]
[2020.06.23-20.24.32:180][  0]LogConfig: Setting CVar [[r.EyeAdaptationQuality:2]]
[2020.06.23-20.24.32:180][  0]LogConfig: Setting CVar [[r.BloomQuality:5]]
[2020.06.23-20.24.32:180][  0]LogConfig: Setting CVar [[r.FastBlurThreshold:100]]
[2020.06.23-20.24.32:180][  0]LogConfig: Setting CVar [[r.Upscale.Quality:3]]
[2020.06.23-20.24.32:180][  0]LogConfig: Setting CVar [[r.Tonemapper.GrainQuantization:1]]
[2020.06.23-20.24.32:180][  0]LogConfig: Setting CVar [[r.LightShaftQuality:1]]
[2020.06.23-20.24.32:180][  0]LogConfig: Setting CVar [[r.Filter.SizeScale:1]]
[2020.06.23-20.24.32:180][  0]LogConfig: Setting CVar [[r.Tonemapper.Quality:5]]
[2020.06.23-20.24.32:180][  0]LogConfig: Setting CVar [[r.DOF.Gather.AccumulatorQuality:1        ; higher gathering accumulator quality]]
[2020.06.23-20.24.32:180][  0]LogConfig: Setting CVar [[r.DOF.Gather.PostfilterMethod:1          ; Median3x3 postfilering method]]
[2020.06.23-20.24.32:180][  0]LogConfig: Setting CVar [[r.DOF.Gather.EnableBokehSettings:0       ; no bokeh simulation when gathering]]
[2020.06.23-20.24.32:180][  0]LogConfig: Setting CVar [[r.DOF.Gather.RingCount:4                 ; medium number of samples when gathering]]
[2020.06.23-20.24.32:180][  0]LogConfig: Setting CVar [[r.DOF.Scatter.ForegroundCompositing:1    ; additive foreground scattering]]
[2020.06.23-20.24.32:180][  0]LogConfig: Setting CVar [[r.DOF.Scatter.BackgroundCompositing:2    ; additive background scattering]]
[2020.06.23-20.24.32:180][  0]LogConfig: Setting CVar [[r.DOF.Scatter.EnableBokehSettings:1      ; bokeh simulation when scattering]]
[2020.06.23-20.24.32:180][  0]LogConfig: Setting CVar [[r.DOF.Scatter.MaxSpriteRatio:0.1         ; only a maximum of 10% of scattered bokeh]]
[2020.06.23-20.24.32:180][  0]LogConfig: Setting CVar [[r.DOF.Recombine.Quality:1                ; cheap slight out of focus]]
[2020.06.23-20.24.32:180][  0]LogConfig: Setting CVar [[r.DOF.Recombine.EnableBokehSettings:0    ; no bokeh simulation on slight out of focus]]
[2020.06.23-20.24.32:180][  0]LogConfig: Setting CVar [[r.DOF.TemporalAAQuality:1                ; more stable temporal accumulation]]
[2020.06.23-20.24.32:180][  0]LogConfig: Setting CVar [[r.DOF.Kernel.MaxForegroundRadius:0.025]]
[2020.06.23-20.24.32:180][  0]LogConfig: Setting CVar [[r.DOF.Kernel.MaxBackgroundRadius:0.025]]
[2020.06.23-20.24.32:180][  0]LogConfig: Applying CVar settings from Section [TextureQuality@3] File [C:/Users/User/Documents/Unreal Projects/SteamProject/Saved/Config/Windows/Scalability.ini]
[2020.06.23-20.24.32:180][  0]LogConfig: Setting CVar [[r.Streaming.MipBias:0]]
[2020.06.23-20.24.32:180][  0]LogConfig: Setting CVar [[r.Streaming.AmortizeCPUToGPUCopy:0]]
[2020.06.23-20.24.32:180][  0]LogConfig: Setting CVar [[r.Streaming.MaxNumTexturesToStreamPerFrame:0]]
[2020.06.23-20.24.32:180][  0]LogConfig: Setting CVar [[r.Streaming.Boost:1]]
[2020.06.23-20.24.32:180][  0]LogConfig: Setting CVar [[r.MaxAnisotropy:8]]
[2020.06.23-20.24.32:180][  0]LogConfig: Setting CVar [[r.VT.MaxAnisotropy:8]]
[2020.06.23-20.24.32:180][  0]LogConfig: Setting CVar [[r.Streaming.LimitPoolSizeToVRAM:0]]
[2020.06.23-20.24.32:180][  0]LogConfig: Setting CVar [[r.Streaming.PoolSize:1000]]
[2020.06.23-20.24.32:180][  0]LogConfig: Setting CVar [[r.Streaming.MaxEffectiveScreenSize:0]]
[2020.06.23-20.24.32:180][  0]LogConfig: Applying CVar settings from Section [EffectsQuality@3] File [C:/Users/User/Documents/Unreal Projects/SteamProject/Saved/Config/Windows/Scalability.ini]
[2020.06.23-20.24.32:180][  0]LogConfig: Setting CVar [[r.TranslucencyLightingVolumeDim:64]]
[2020.06.23-20.24.32:180][  0]LogConfig: Setting CVar [[r.RefractionQuality:2]]
[2020.06.23-20.24.32:180][  0]LogConfig: Setting CVar [[r.SSR.Quality:3]]
[2020.06.23-20.24.32:180][  0]LogConfig: Setting CVar [[r.SSR.HalfResSceneColor:0]]
[2020.06.23-20.24.32:180][  0]LogConfig: Setting CVar [[r.SceneColorFormat:4]]
[2020.06.23-20.24.32:180][  0]LogConfig: Setting CVar [[r.DetailMode:2]]
[2020.06.23-20.24.32:180][  0]LogConfig: Setting CVar [[r.TranslucencyVolumeBlur:1]]
[2020.06.23-20.24.32:180][  0]LogConfig: Setting CVar [[r.MaterialQualityLevel:1 ; High quality]]
[2020.06.23-20.24.32:180][  0]LogConfig: Setting CVar [[r.SSS.Scale:1]]
[2020.06.23-20.24.32:180][  0]LogConfig: Setting CVar [[r.SSS.SampleSet:2]]
[2020.06.23-20.24.32:180][  0]LogConfig: Setting CVar [[r.SSS.Quality:1]]
[2020.06.23-20.24.32:180][  0]LogConfig: Setting CVar [[r.SSS.HalfRes:1]]
[2020.06.23-20.24.32:180][  0]LogConfig: Setting CVar [[r.SSGI.Quality:3]]
[2020.06.23-20.24.32:180][  0]LogConfig: Setting CVar [[r.EmitterSpawnRateScale:1.0]]
[2020.06.23-20.24.32:180][  0]LogConfig: Setting CVar [[r.ParticleLightQuality:2]]
[2020.06.23-20.24.32:180][  0]LogConfig: Setting CVar [[r.SkyAtmosphere.AerialPerspectiveLUT.FastApplyOnOpaque:1 ; Always have FastSkyLUT 1 in this case to avoid wrong sky]]
[2020.06.23-20.24.32:180][  0]LogConfig: Setting CVar [[r.SkyAtmosphere.AerialPerspectiveLUT.SampleCountPerSlice:1]]
[2020.06.23-20.24.32:181][  0]LogConfig: Setting CVar [[r.SkyAtmosphere.AerialPerspectiveLUT.DepthResolution:16.0]]
[2020.06.23-20.24.32:181][  0]LogConfig: Setting CVar [[r.SkyAtmosphere.FastSkyLUT:1]]
[2020.06.23-20.24.32:181][  0]LogConfig: Setting CVar [[r.SkyAtmosphere.FastSkyLUT.SampleCountMin:4.0]]
[2020.06.23-20.24.32:181][  0]LogConfig: Setting CVar [[r.SkyAtmosphere.FastSkyLUT.SampleCountMax:32.0]]
[2020.06.23-20.24.32:181][  0]LogConfig: Setting CVar [[r.SkyAtmosphere.SampleCountMin:4.0]]
[2020.06.23-20.24.32:181][  0]LogConfig: Setting CVar [[r.SkyAtmosphere.SampleCountMax:32.0]]
[2020.06.23-20.24.32:181][  0]LogConfig: Setting CVar [[r.SkyAtmosphere.TransmittanceLUT.UseSmallFormat:0]]
[2020.06.23-20.24.32:181][  0]LogConfig: Setting CVar [[r.SkyAtmosphere.TransmittanceLUT.SampleCount:10.0]]
[2020.06.23-20.24.32:181][  0]LogConfig: Setting CVar [[r.SkyAtmosphere.MultiScatteringLUT.SampleCount:15.0]]
[2020.06.23-20.24.32:181][  0]LogConfig: Applying CVar settings from Section [FoliageQuality@3] File [C:/Users/User/Documents/Unreal Projects/SteamProject/Saved/Config/Windows/Scalability.ini]
[2020.06.23-20.24.32:181][  0]LogConfig: Setting CVar [[foliage.DensityScale:1.0]]
[2020.06.23-20.24.32:181][  0]LogConfig: Setting CVar [[grass.DensityScale:1.0]]
[2020.06.23-20.24.32:181][  0]LogConfig: Applying CVar settings from Section [ShadingQuality@3] File [C:/Users/User/Documents/Unreal Projects/SteamProject/Saved/Config/Windows/Scalability.ini]
[2020.06.23-20.24.32:181][  0]LogConfig: Setting CVar [[r.HairStrands.SkyLighting.SampleCount:16]]
[2020.06.23-20.24.32:181][  0]LogConfig: Setting CVar [[r.HairStrands.SkyLighting.JitterIntegration:0]]
[2020.06.23-20.24.32:181][  0]LogConfig: Setting CVar [[r.HairStrands.SkyAO.SampleCount:16]]
[2020.06.23-20.24.32:181][  0]LogInit: Selected Device Profile: [Windows]
[2020.06.23-20.24.32:181][  0]LogInit: Applying CVar settings loaded from the selected device profile: [Windows]
[2020.06.23-20.24.32:183][  0]LogHAL: Display: Platform has ~ 24 GB [25656741888 / 34359738368 / 24], which maps to Larger [LargestMinGB=32, LargerMinGB=12, DefaultMinGB=8, SmallerMinGB=6, SmallestMinGB=0)
[2020.06.23-20.24.32:183][  0]LogInit: Going up to parent DeviceProfile []
[2020.06.23-20.24.32:183][  0]LogConfig: Applying CVar settings from Section [ViewDistanceQuality@3] File [C:/Users/User/Documents/Unreal Projects/SteamProject/Saved/Config/Windows/Scalability.ini]
[2020.06.23-20.24.32:183][  0]LogConfig: Setting CVar [[r.SkeletalMeshLODBias:0]]
[2020.06.23-20.24.32:183][  0]LogConfig: Setting CVar [[r.ViewDistanceScale:1.0]]
[2020.06.23-20.24.32:183][  0]LogConfig: Applying CVar settings from Section [AntiAliasingQuality@3] File [C:/Users/User/Documents/Unreal Projects/SteamProject/Saved/Config/Windows/Scalability.ini]
[2020.06.23-20.24.32:183][  0]LogConfig: Setting CVar [[r.PostProcessAAQuality:4]]
[2020.06.23-20.24.32:183][  0]LogConfig: Applying CVar settings from Section [ShadowQuality@3] File [C:/Users/User/Documents/Unreal Projects/SteamProject/Saved/Config/Windows/Scalability.ini]
[2020.06.23-20.24.32:183][  0]LogConfig: Setting CVar [[r.LightFunctionQuality:1]]
[2020.06.23-20.24.32:183][  0]LogConfig: Setting CVar [[r.ShadowQuality:5]]
[2020.06.23-20.24.32:183][  0]LogConfig: Setting CVar [[r.Shadow.CSM.MaxCascades:10]]
[2020.06.23-20.24.32:183][  0]LogConfig: Setting CVar [[r.Shadow.MaxResolution:2048]]
[2020.06.23-20.24.32:183][  0]LogConfig: Setting CVar [[r.Shadow.MaxCSMResolution:2048]]
[2020.06.23-20.24.32:183][  0]LogConfig: Setting CVar [[r.Shadow.RadiusThreshold:0.01]]
[2020.06.23-20.24.32:183][  0]LogConfig: Setting CVar [[r.Shadow.DistanceScale:1.0]]
[2020.06.23-20.24.32:183][  0]LogConfig: Setting CVar [[r.Shadow.CSM.TransitionScale:1.0]]
[2020.06.23-20.24.32:183][  0]LogConfig: Setting CVar [[r.Shadow.PreShadowResolutionFactor:1.0]]
[2020.06.23-20.24.32:183][  0]LogConfig: Setting CVar [[r.DistanceFieldShadowing:1]]
[2020.06.23-20.24.32:183][  0]LogConfig: Setting CVar [[r.DistanceFieldAO:1]]
[2020.06.23-20.24.32:183][  0]LogConfig: Setting CVar [[r.AOQuality:2]]
[2020.06.23-20.24.32:183][  0]LogConfig: Setting CVar [[r.VolumetricFog:1]]
[2020.06.23-20.24.32:183][  0]LogConfig: Setting CVar [[r.VolumetricFog.GridPixelSize:8]]
[2020.06.23-20.24.32:183][  0]LogConfig: Setting CVar [[r.VolumetricFog.GridSizeZ:128]]
[2020.06.23-20.24.32:183][  0]LogConfig: Setting CVar [[r.VolumetricFog.HistoryMissSupersampleCount:4]]
[2020.06.23-20.24.32:183][  0]LogConfig: Setting CVar [[r.LightMaxDrawDistanceScale:1]]
[2020.06.23-20.24.32:183][  0]LogConfig: Setting CVar [[r.CapsuleShadows:1]]
[2020.06.23-20.24.32:183][  0]LogConfig: Applying CVar settings from Section [PostProcessQuality@3] File [C:/Users/User/Documents/Unreal Projects/SteamProject/Saved/Config/Windows/Scalability.ini]
[2020.06.23-20.24.32:184][  0]LogConfig: Setting CVar [[r.MotionBlurQuality:4]]
[2020.06.23-20.24.32:184][  0]LogConfig: Setting CVar [[r.AmbientOcclusionMipLevelFactor:0.4]]
[2020.06.23-20.24.32:184][  0]LogConfig: Setting CVar [[r.AmbientOcclusionMaxQuality:100]]
[2020.06.23-20.24.32:184][  0]LogConfig: Setting CVar [[r.AmbientOcclusionLevels:-1]]
[2020.06.23-20.24.32:184][  0]LogConfig: Setting CVar [[r.AmbientOcclusionRadiusScale:1.0]]
[2020.06.23-20.24.32:184][  0]LogConfig: Setting CVar [[r.DepthOfFieldQuality:2]]
[2020.06.23-20.24.32:184][  0]LogConfig: Setting CVar [[r.RenderTargetPoolMin:400]]
[2020.06.23-20.24.32:184][  0]LogConfig: Setting CVar [[r.LensFlareQuality:2]]
[2020.06.23-20.24.32:184][  0]LogConfig: Setting CVar [[r.SceneColorFringeQuality:1]]
[2020.06.23-20.24.32:184][  0]LogConfig: Setting CVar [[r.EyeAdaptationQuality:2]]
[2020.06.23-20.24.32:184][  0]LogConfig: Setting CVar [[r.BloomQuality:5]]
[2020.06.23-20.24.32:184][  0]LogConfig: Setting CVar [[r.FastBlurThreshold:100]]
[2020.06.23-20.24.32:184][  0]LogConfig: Setting CVar [[r.Upscale.Quality:3]]
[2020.06.23-20.24.32:184][  0]LogConfig: Setting CVar [[r.Tonemapper.GrainQuantization:1]]
[2020.06.23-20.24.32:184][  0]LogConfig: Setting CVar [[r.LightShaftQuality:1]]
[2020.06.23-20.24.32:184][  0]LogConfig: Setting CVar [[r.Filter.SizeScale:1]]
[2020.06.23-20.24.32:184][  0]LogConfig: Setting CVar [[r.Tonemapper.Quality:5]]
[2020.06.23-20.24.32:184][  0]LogConfig: Setting CVar [[r.DOF.Gather.AccumulatorQuality:1        ; higher gathering accumulator quality]]
[2020.06.23-20.24.32:184][  0]LogConfig: Setting CVar [[r.DOF.Gather.PostfilterMethod:1          ; Median3x3 postfilering method]]
[2020.06.23-20.24.32:184][  0]LogConfig: Setting CVar [[r.DOF.Gather.EnableBokehSettings:0       ; no bokeh simulation when gathering]]
[2020.06.23-20.24.32:184][  0]LogConfig: Setting CVar [[r.DOF.Gather.RingCount:4                 ; medium number of samples when gathering]]
[2020.06.23-20.24.32:184][  0]LogConfig: Setting CVar [[r.DOF.Scatter.ForegroundCompositing:1    ; additive foreground scattering]]
[2020.06.23-20.24.32:184][  0]LogConfig: Setting CVar [[r.DOF.Scatter.BackgroundCompositing:2    ; additive background scattering]]
[2020.06.23-20.24.32:184][  0]LogConfig: Setting CVar [[r.DOF.Scatter.EnableBokehSettings:1      ; bokeh simulation when scattering]]
[2020.06.23-20.24.32:184][  0]LogConfig: Setting CVar [[r.DOF.Scatter.MaxSpriteRatio:0.1         ; only a maximum of 10% of scattered bokeh]]
[2020.06.23-20.24.32:184][  0]LogConfig: Setting CVar [[r.DOF.Recombine.Quality:1                ; cheap slight out of focus]]
[2020.06.23-20.24.32:184][  0]LogConfig: Setting CVar [[r.DOF.Recombine.EnableBokehSettings:0    ; no bokeh simulation on slight out of focus]]
[2020.06.23-20.24.32:184][  0]LogConfig: Setting CVar [[r.DOF.TemporalAAQuality:1                ; more stable temporal accumulation]]
[2020.06.23-20.24.32:184][  0]LogConfig: Setting CVar [[r.DOF.Kernel.MaxForegroundRadius:0.025]]
[2020.06.23-20.24.32:184][  0]LogConfig: Setting CVar [[r.DOF.Kernel.MaxBackgroundRadius:0.025]]
[2020.06.23-20.24.32:184][  0]LogConfig: Applying CVar settings from Section [TextureQuality@3] File [C:/Users/User/Documents/Unreal Projects/SteamProject/Saved/Config/Windows/Scalability.ini]
[2020.06.23-20.24.32:184][  0]LogConfig: Setting CVar [[r.Streaming.MipBias:0]]
[2020.06.23-20.24.32:184][  0]LogConfig: Setting CVar [[r.Streaming.AmortizeCPUToGPUCopy:0]]
[2020.06.23-20.24.32:184][  0]LogConfig: Setting CVar [[r.Streaming.MaxNumTexturesToStreamPerFrame:0]]
[2020.06.23-20.24.32:184][  0]LogConfig: Setting CVar [[r.Streaming.Boost:1]]
[2020.06.23-20.24.32:184][  0]LogConfig: Setting CVar [[r.MaxAnisotropy:8]]
[2020.06.23-20.24.32:184][  0]LogConfig: Setting CVar [[r.VT.MaxAnisotropy:8]]
[2020.06.23-20.24.32:184][  0]LogConfig: Setting CVar [[r.Streaming.LimitPoolSizeToVRAM:0]]
[2020.06.23-20.24.32:184][  0]LogConfig: Setting CVar [[r.Streaming.PoolSize:1000]]
[2020.06.23-20.24.32:184][  0]LogConfig: Setting CVar [[r.Streaming.MaxEffectiveScreenSize:0]]
[2020.06.23-20.24.32:184][  0]LogConfig: Applying CVar settings from Section [EffectsQuality@3] File [C:/Users/User/Documents/Unreal Projects/SteamProject/Saved/Config/Windows/Scalability.ini]
[2020.06.23-20.24.32:184][  0]LogConfig: Setting CVar [[r.TranslucencyLightingVolumeDim:64]]
[2020.06.23-20.24.32:184][  0]LogConfig: Setting CVar [[r.RefractionQuality:2]]
[2020.06.23-20.24.32:184][  0]LogConfig: Setting CVar [[r.SSR.Quality:3]]
[2020.06.23-20.24.32:184][  0]LogConfig: Setting CVar [[r.SSR.HalfResSceneColor:0]]
[2020.06.23-20.24.32:184][  0]LogConfig: Setting CVar [[r.SceneColorFormat:4]]
[2020.06.23-20.24.32:184][  0]LogConfig: Setting CVar [[r.DetailMode:2]]
[2020.06.23-20.24.32:184][  0]LogConfig: Setting CVar [[r.TranslucencyVolumeBlur:1]]
[2020.06.23-20.24.32:184][  0]LogConfig: Setting CVar [[r.MaterialQualityLevel:1 ; High quality]]
[2020.06.23-20.24.32:184][  0]LogConfig: Setting CVar [[r.SSS.Scale:1]]
[2020.06.23-20.24.32:184][  0]LogConfig: Setting CVar [[r.SSS.SampleSet:2]]
[2020.06.23-20.24.32:184][  0]LogConfig: Setting CVar [[r.SSS.Quality:1]]
[2020.06.23-20.24.32:184][  0]LogConfig: Setting CVar [[r.SSS.HalfRes:1]]
[2020.06.23-20.24.32:184][  0]LogConfig: Setting CVar [[r.SSGI.Quality:3]]
[2020.06.23-20.24.32:184][  0]LogConfig: Setting CVar [[r.EmitterSpawnRateScale:1.0]]
[2020.06.23-20.24.32:184][  0]LogConfig: Setting CVar [[r.ParticleLightQuality:2]]
[2020.06.23-20.24.32:184][  0]LogConfig: Setting CVar [[r.SkyAtmosphere.AerialPerspectiveLUT.FastApplyOnOpaque:1 ; Always have FastSkyLUT 1 in this case to avoid wrong sky]]
[2020.06.23-20.24.32:184][  0]LogConfig: Setting CVar [[r.SkyAtmosphere.AerialPerspectiveLUT.SampleCountPerSlice:1]]
[2020.06.23-20.24.32:184][  0]LogConfig: Setting CVar [[r.SkyAtmosphere.AerialPerspectiveLUT.DepthResolution:16.0]]
[2020.06.23-20.24.32:184][  0]LogConfig: Setting CVar [[r.SkyAtmosphere.FastSkyLUT:1]]
[2020.06.23-20.24.32:184][  0]LogConfig: Setting CVar [[r.SkyAtmosphere.FastSkyLUT.SampleCountMin:4.0]]
[2020.06.23-20.24.32:184][  0]LogConfig: Setting CVar [[r.SkyAtmosphere.FastSkyLUT.SampleCountMax:32.0]]
[2020.06.23-20.24.32:184][  0]LogConfig: Setting CVar [[r.SkyAtmosphere.SampleCountMin:4.0]]
[2020.06.23-20.24.32:184][  0]LogConfig: Setting CVar [[r.SkyAtmosphere.SampleCountMax:32.0]]
[2020.06.23-20.24.32:184][  0]LogConfig: Setting CVar [[r.SkyAtmosphere.TransmittanceLUT.UseSmallFormat:0]]
[2020.06.23-20.24.32:184][  0]LogConfig: Setting CVar [[r.SkyAtmosphere.TransmittanceLUT.SampleCount:10.0]]
[2020.06.23-20.24.32:184][  0]LogConfig: Setting CVar [[r.SkyAtmosphere.MultiScatteringLUT.SampleCount:15.0]]
[2020.06.23-20.24.32:184][  0]LogConfig: Applying CVar settings from Section [FoliageQuality@3] File [C:/Users/User/Documents/Unreal Projects/SteamProject/Saved/Config/Windows/Scalability.ini]
[2020.06.23-20.24.32:184][  0]LogConfig: Setting CVar [[foliage.DensityScale:1.0]]
[2020.06.23-20.24.32:184][  0]LogConfig: Setting CVar [[grass.DensityScale:1.0]]
[2020.06.23-20.24.32:184][  0]LogConfig: Applying CVar settings from Section [ShadingQuality@3] File [C:/Users/User/Documents/Unreal Projects/SteamProject/Saved/Config/Windows/Scalability.ini]
[2020.06.23-20.24.32:184][  0]LogConfig: Setting CVar [[r.HairStrands.SkyLighting.SampleCount:16]]
[2020.06.23-20.24.32:184][  0]LogConfig: Setting CVar [[r.HairStrands.SkyLighting.JitterIntegration:0]]
[2020.06.23-20.24.32:184][  0]LogConfig: Setting CVar [[r.HairStrands.SkyAO.SampleCount:16]]
[2020.06.23-20.24.32:184][  0]LogConfig: Applying CVar settings from Section [Startup] File [../../../Engine/Config/ConsoleVariables.ini]
[2020.06.23-20.24.32:185][  0]LogConfig: Setting CVar [[net.UseAdaptiveNetUpdateFrequency:0]]
[2020.06.23-20.24.32:185][  0]LogConfig: Setting CVar [[p.chaos.AllowCreatePhysxBodies:1]]
[2020.06.23-20.24.32:185][  0]LogConfig: Applying CVar settings from Section [ConsoleVariables] File [C:/Users/User/Documents/Unreal Projects/SteamProject/Saved/Config/Windows/Engine.ini]
[2020.06.23-20.24.32:185][  0]LogInit: Computer: GSOURCE051
[2020.06.23-20.24.32:185][  0]LogInit: User: Mahesh
[2020.06.23-20.24.32:185][  0]LogInit: CPU Page size=4096, Cores=4
[2020.06.23-20.24.32:185][  0]LogInit: High frequency timer resolution =10.000000 MHz
[2020.06.23-20.24.32:185][  0]LogMemory: Memory total: Physical=23.9GB (24GB approx)
[2020.06.23-20.24.32:185][  0]LogMemory: Platform Memory Stats for Windows
[2020.06.23-20.24.32:185][  0]LogMemory: Process Physical Memory: 105.39 MB used, 105.39 MB peak
[2020.06.23-20.24.32:185][  0]LogMemory: Process Virtual Memory: 100.47 MB used, 100.47 MB peak
[2020.06.23-20.24.32:185][  0]LogMemory: Physical Memory: 4216.47 MB used,  20251.71 MB free, 24468.18 MB total
[2020.06.23-20.24.32:185][  0]LogMemory: Virtual Memory: 5139.33 MB used,  134212592.00 MB free, 134217728.00 MB total
[2020.06.23-20.24.32:187][  0]LogWindows: WindowsPlatformFeatures enabled
[2020.06.23-20.24.32:199][  0]LogInit: Using OS detected language (en-US).
[2020.06.23-20.24.32:199][  0]LogInit: Using OS detected locale (en-IN).
[2020.06.23-20.24.32:200][  0]LogTextLocalizationManager: No specific localization for 'en-US' exists, so the 'en' localization will be used.
[2020.06.23-20.24.32:378][  0]LogInit: Setting process to per monitor DPI aware
[2020.06.23-20.24.32:406][  0]LogSlate: New Slate User Created.  User Index 0, Is Virtual User: 0
[2020.06.23-20.24.32:406][  0]LogSlate: Slate User Registered.  User Index 0, Is Virtual User: 0
[2020.06.23-20.24.32:539][  0]LogHMD: Failed to initialize OpenVR with code 110
[2020.06.23-20.24.32:539][  0]LogD3D11RHI: D3D11 min allowed feature level: 11_0
[2020.06.23-20.24.32:539][  0]LogD3D11RHI: D3D11 max allowed feature level: 11_0
[2020.06.23-20.24.32:539][  0]LogD3D11RHI: D3D11 adapters:
[2020.06.23-20.24.32:630][  0]LogD3D11RHI:    0. 'NVIDIA GeForce GTX 1060 6GB' (Feature Level 11_0)
[2020.06.23-20.24.32:630][  0]LogD3D11RHI:       6052/0/12234 MB DedicatedVideo/DedicatedSystem/SharedSystem, Outputs:1, VendorId:0x10de
[2020.06.23-20.24.32:638][  0]LogD3D11RHI:    1. 'Intel(R) HD Graphics 4600' (Feature Level 11_0)
[2020.06.23-20.24.32:638][  0]LogD3D11RHI:       112/0/2048 MB DedicatedVideo/DedicatedSystem/SharedSystem, Outputs:0, VendorId:0x8086
[2020.06.23-20.24.32:639][  0]LogD3D11RHI:    2. 'Microsoft Basic Render Driver' (Feature Level 11_0)
[2020.06.23-20.24.32:639][  0]LogD3D11RHI:       0/0/12234 MB DedicatedVideo/DedicatedSystem/SharedSystem, Outputs:0, VendorId:0x1414
[2020.06.23-20.24.32:639][  0]LogD3D11RHI: Chosen D3D11 Adapter: 0
[2020.06.23-20.24.32:644][  0]LogD3D11RHI: Creating new Direct3DDevice
[2020.06.23-20.24.32:645][  0]LogD3D11RHI:     GPU DeviceId: 0x1c03 (for the marketing name, search the web for "GPU Device Id")
[2020.06.23-20.24.32:645][  0]LogWindows: EnumDisplayDevices:
[2020.06.23-20.24.32:645][  0]LogWindows:    0. 'NVIDIA GeForce GTX 1060 6GB' (P:1 D:1)
[2020.06.23-20.24.32:645][  0]LogWindows:    1. 'NVIDIA GeForce GTX 1060 6GB' (P:0 D:0)
[2020.06.23-20.24.32:645][  0]LogWindows:    2. 'NVIDIA GeForce GTX 1060 6GB' (P:0 D:0)
[2020.06.23-20.24.32:645][  0]LogWindows:    3. 'NVIDIA GeForce GTX 1060 6GB' (P:0 D:0)
[2020.06.23-20.24.32:646][  0]LogWindows:    4. 'Intel(R) HD Graphics 4600' (P:0 D:0)
[2020.06.23-20.24.32:646][  0]LogWindows:    5. 'Intel(R) HD Graphics 4600' (P:0 D:0)
[2020.06.23-20.24.32:646][  0]LogWindows:    6. 'Intel(R) HD Graphics 4600' (P:0 D:0)
[2020.06.23-20.24.32:646][  0]LogWindows: DebugString: PrimaryIsNotTheChoosenAdapter PrimaryIsNotTheChoosenAdapter PrimaryIsNotTheChoosenAdapter FoundDriverCount:4 
[2020.06.23-20.24.32:646][  0]LogD3D11RHI:     Adapter Name: NVIDIA GeForce GTX 1060 6GB
[2020.06.23-20.24.32:646][  0]LogD3D11RHI:   Driver Version: 441.66 (internal:26.21.14.4166, unified:441.66)
[2020.06.23-20.24.32:646][  0]LogD3D11RHI:      Driver Date: 12-6-2019
[2020.06.23-20.24.32:646][  0]LogRHI: Texture pool is 4236 MB (70% of 6052 MB)
[2020.06.23-20.24.32:705][  0]LogD3D11RHI: RHI has support for 64 bit atomics
[2020.06.23-20.24.32:705][  0]LogD3D11RHI: Async texture creation enabled
[2020.06.23-20.24.32:721][  0]LogD3D11RHI: GPU Timing Frequency: 1000.000000 (Debug: 2 1)
[2020.06.23-20.24.33:446][  0]LogTargetPlatformManager: Display: Loaded TargetPlatform 'AllDesktop'
[2020.06.23-20.24.33:476][  0]LogTargetPlatformManager: Display: Loaded TargetPlatform 'Android'
[2020.06.23-20.24.33:476][  0]LogTargetPlatformManager: Display: Loaded TargetPlatform 'Android_ASTC'
[2020.06.23-20.24.33:476][  0]LogTargetPlatformManager: Display: Loaded TargetPlatform 'Android_ATC'
[2020.06.23-20.24.33:476][  0]LogTargetPlatformManager: Display: Loaded TargetPlatform 'Android_DXT'
[2020.06.23-20.24.33:476][  0]LogTargetPlatformManager: Display: Loaded TargetPlatform 'Android_ETC1'
[2020.06.23-20.24.33:476][  0]LogTargetPlatformManager: Display: Loaded TargetPlatform 'Android_ETC1a'
[2020.06.23-20.24.33:476][  0]LogTargetPlatformManager: Display: Loaded TargetPlatform 'Android_ETC2'
[2020.06.23-20.24.33:476][  0]LogTargetPlatformManager: Display: Loaded TargetPlatform 'Android_PVRTC'
[2020.06.23-20.24.33:476][  0]LogTargetPlatformManager: Display: Loaded TargetPlatform 'AndroidClient'
[2020.06.23-20.24.33:476][  0]LogTargetPlatformManager: Display: Loaded TargetPlatform 'Android_ASTCClient'
[2020.06.23-20.24.33:476][  0]LogTargetPlatformManager: Display: Loaded TargetPlatform 'Android_ATCClient'
[2020.06.23-20.24.33:476][  0]LogTargetPlatformManager: Display: Loaded TargetPlatform 'Android_DXTClient'
[2020.06.23-20.24.33:476][  0]LogTargetPlatformManager: Display: Loaded TargetPlatform 'Android_ETC1Client'
[2020.06.23-20.24.33:476][  0]LogTargetPlatformManager: Display: Loaded TargetPlatform 'Android_ETC1aClient'
[2020.06.23-20.24.33:476][  0]LogTargetPlatformManager: Display: Loaded TargetPlatform 'Android_ETC2Client'
[2020.06.23-20.24.33:476][  0]LogTargetPlatformManager: Display: Loaded TargetPlatform 'Android_PVRTCClient'
[2020.06.23-20.24.33:476][  0]LogTargetPlatformManager: Display: Loaded TargetPlatform 'Android_Multi'
[2020.06.23-20.24.33:476][  0]LogTargetPlatformManager: Display: Loaded TargetPlatform 'Android_MultiClient'
[2020.06.23-20.24.33:492][  0]LogTargetPlatformManager: Display: Loaded TargetPlatform 'IOSClient'
[2020.06.23-20.24.33:492][  0]LogTargetPlatformManager: Display: Loaded TargetPlatform 'IOS'
[2020.06.23-20.24.33:499][  0]LogTargetPlatformManager: Display: Loaded TargetPlatform 'LinuxNoEditor'
[2020.06.23-20.24.33:506][  0]LogTargetPlatformManager: Display: Loaded TargetPlatform 'LinuxClient'
[2020.06.23-20.24.33:512][  0]LogTargetPlatformManager: Display: Loaded TargetPlatform 'LinuxServer'
[2020.06.23-20.24.33:519][  0]LogTargetPlatformManager: Display: Loaded TargetPlatform 'LinuxAArch64NoEditor'
[2020.06.23-20.24.33:531][  0]LogTargetPlatformManager: Display: Loaded TargetPlatform 'LinuxAArch64Client'
[2020.06.23-20.24.33:537][  0]LogTargetPlatformManager: Display: Loaded TargetPlatform 'LinuxAArch64Server'
[2020.06.23-20.24.33:559][  0]LogTargetPlatformManager: Display: Loaded TargetPlatform 'Lumin'
[2020.06.23-20.24.33:559][  0]LogTargetPlatformManager: Display: Loaded TargetPlatform 'LuminClient'
[2020.06.23-20.24.33:571][  0]LogTargetPlatformManager: Display: Loaded TargetPlatform 'TVOSClient'
[2020.06.23-20.24.33:571][  0]LogTargetPlatformManager: Display: Loaded TargetPlatform 'TVOS'
[2020.06.23-20.24.33:577][  0]LogTargetPlatformManager: Display: Loaded TargetPlatform 'WindowsNoEditor'
[2020.06.23-20.24.33:584][  0]LogTargetPlatformManager: Display: Loaded TargetPlatform 'Windows'
[2020.06.23-20.24.33:590][  0]LogTargetPlatformManager: Display: Loaded TargetPlatform 'WindowsClient'
[2020.06.23-20.24.33:597][  0]LogTargetPlatformManager: Display: Loaded TargetPlatform 'WindowsServer'
[2020.06.23-20.24.33:597][  0]LogTargetPlatformManager: Display: Building Assets For Windows
[2020.06.23-20.24.33:600][  0]LogAudioDebug: Display: Lib vorbis DLL was dynamically loaded.
[2020.06.23-20.24.33:619][  0]LogShaderCompilers: Guid format shader working directory is -21 characters bigger than the processId version (../../../../../../Users/User/Documents/Unreal Projects/SteamProject/Intermediate/Shaders/WorkingDirectory/220/).
[2020.06.23-20.24.33:619][  0]LogShaderCompilers: Cleaned the shader compiler working directory 'C:/Users/User/AppData/Local/Temp/UnrealShaderWorkingDir/EC1AA200436F02FF50A2BB80FC4F57A8/'.
[2020.06.23-20.24.33:620][  0]LogXGEController: Cannot use XGE Controller as Incredibuild is not installed on this machine.
[2020.06.23-20.24.33:620][  0]LogShaderCompilers: Cannot use XGE Shader Compiler as Incredibuild is not installed on this machine.
[2020.06.23-20.24.33:620][  0]LogShaderCompilers: Display: Using Local Shader Compiler.
[2020.06.23-20.24.34:285][  0]LogDerivedDataCache: Display: Max Cache Size: 512 MB
[2020.06.23-20.24.34:348][  0]LogDerivedDataCache: Loaded boot cache 0.06s 78MB C:/Users/User/AppData/Local/UnrealEngine/4.24/DerivedDataCache/Boot.ddc.
[2020.06.23-20.24.34:348][  0]LogDerivedDataCache: Display: Loaded Boot cache: C:/Users/User/AppData/Local/UnrealEngine/4.24/DerivedDataCache/Boot.ddc
[2020.06.23-20.24.34:348][  0]LogDerivedDataCache: FDerivedDataBackendGraph:  Pak pak cache file ../../../../../../Users/User/Documents/Unreal Projects/SteamProject/DerivedDataCache/DDC.ddp not found, will not use a pak cache.
[2020.06.23-20.24.34:349][  0]LogDerivedDataCache: Unable to find inner node Pak for hierarchical cache Hierarchy.
[2020.06.23-20.24.34:349][  0]LogDerivedDataCache: FDerivedDataBackendGraph:  CompressedPak pak cache file ../../../../../../Users/User/Documents/Unreal Projects/SteamProject/DerivedDataCache/Compressed.ddp not found, will not use a pak cache.
[2020.06.23-20.24.34:349][  0]LogDerivedDataCache: Unable to find inner node CompressedPak for hierarchical cache Hierarchy.
[2020.06.23-20.24.34:358][  0]LogDerivedDataCache: Display: Pak cache opened for reading ../../../Engine/DerivedDataCache/Compressed.ddp.
[2020.06.23-20.24.34:358][  0]LogDerivedDataCache: FDerivedDataBackendGraph:  EnterprisePak pak cache file ../../../Enterprise/DerivedDataCache/Compressed.ddp not found, will not use a pak cache.
[2020.06.23-20.24.34:358][  0]LogDerivedDataCache: Unable to find inner node EnterprisePak for hierarchical cache Hierarchy.
[2020.06.23-20.24.34:360][  0]LogDerivedDataCache: Using Local data cache path C:/Users/User/AppData/Local/UnrealEngine/Common/DerivedDataCache: Writable
[2020.06.23-20.24.34:360][  0]LogDerivedDataCache: Shared data cache path not found in *engine.ini, will not use an Shared cache.
[2020.06.23-20.24.34:360][  0]LogDerivedDataCache: Unable to find inner node Shared for hierarchical cache Hierarchy.
[2020.06.23-20.24.34:385][  0]LogMaterial: Verifying Global Shaders for PCD3D_SM5
[2020.06.23-20.24.34:388][  0]LogSlate: Using FreeType 2.10.0
[2020.06.23-20.24.34:388][  0]LogSlate: SlateFontServices - WITH_FREETYPE: 1, WITH_HARFBUZZ: 1
[2020.06.23-20.24.34:434][  0]LogAssetRegistry: FAssetRegistry took 0.0024 seconds to start up
[2020.06.23-20.24.34:705][  0]LogInit: Selected Device Profile: [Windows]
[2020.06.23-20.24.34:846][  0]LogMeshReduction: Using QuadricMeshReduction for automatic static mesh reduction
[2020.06.23-20.24.34:846][  0]LogMeshReduction: Using SimplygonMeshReduction for automatic skeletal mesh reduction
[2020.06.23-20.24.34:846][  0]LogMeshReduction: Using ProxyLODMeshReduction for automatic mesh merging
[2020.06.23-20.24.34:846][  0]LogMeshReduction: No distributed automatic mesh merging module available
[2020.06.23-20.24.34:846][  0]LogMeshMerging: No distributed automatic mesh merging module available
[2020.06.23-20.24.34:858][  0]LogNetVersion: SteamProject 1.0.0, NetCL: 10570792, EngineNetVer: 13, GameNetVer: 0 (Checksum: 314100693)
[2020.06.23-20.24.35:757][  0]LogPackageLocalizationCache: Processed 10 localized package path(s) for 1 prioritized culture(s) in 0.037467 seconds
[2020.06.23-20.24.35:764][  0]LogUObjectArray: 46750 objects as part of root set at end of initial load.
[2020.06.23-20.24.35:764][  0]LogUObjectAllocator: 8137160 out of 0 bytes used by permanent object pool.
[2020.06.23-20.24.35:764][  0]LogUObjectArray: CloseDisregardForGC: 0/0 objects in disregard for GC pool
[2020.06.23-20.24.36:105][  0]LogTcpMessaging: Initializing TcpMessaging bridge
[2020.06.23-20.24.36:107][  0]LogUdpMessaging: Initializing bridge on interface 0.0.0.0:0 to multicast group 230.0.0.1:6666.
[2020.06.23-20.24.36:150][  0]SourceControl: Source control is disabled
[2020.06.23-20.24.36:150][  0]SourceControl: Source control is disabled
[2020.06.23-20.24.36:151][  0]SourceControl: Source control is disabled
[2020.06.23-20.24.36:152][  0]SourceControl: Source control is disabled
[2020.06.23-20.24.36:153][  0]SourceControl: Source control is disabled
[2020.06.23-20.24.36:218][  0]LogAndroidPermission: UAndroidPermissionCallbackProxy::GetInstance
[2020.06.23-20.24.36:226][  0]LogAudioCaptureCore: Display: No Audio Capture implementations found. Audio input will be silent.
[2020.06.23-20.24.36:226][  0]LogAudioCaptureCore: Display: No Audio Capture implementations found. Audio input will be silent.
[2020.06.23-20.24.36:301][  0]LogOcInput: OculusInput pre-init called
[2020.06.23-20.24.36:307][  0]LogWindows: Failed to load 'OVRPlugin.dll' (GetLastError=126)
[2020.06.23-20.24.36:307][  0]LogWindows: File 'OVRPlugin.dll' does not exist
[2020.06.23-20.24.36:368][  0]LogEngine: Initializing Engine...
[2020.06.23-20.24.36:369][  0]LogHMD: Failed to initialize OpenVR with code 110
[2020.06.23-20.24.36:370][  0]LogStats: UGameplayTagsManager::InitializeManager -  0.000 s
[2020.06.23-20.24.36:685][  0]LogInit: Initializing FReadOnlyCVARCache
[2020.06.23-20.24.36:692][  0]LogAIModule: Creating AISystem for world Untitled
[2020.06.23-20.24.36:712][  0]LogAudioMixer: Display: Audio Mixer Platform Settings:
[2020.06.23-20.24.36:712][  0]LogAudioMixer: Display: 	Sample Rate:						  48000
[2020.06.23-20.24.36:712][  0]LogAudioMixer: Display: 	Callback Buffer Frame Size Requested: 1024
[2020.06.23-20.24.36:712][  0]LogAudioMixer: Display: 	Callback Buffer Frame Size To Use:	  1024
[2020.06.23-20.24.36:712][  0]LogAudioMixer: Display: 	Number of buffers to queue:			  2
[2020.06.23-20.24.36:712][  0]LogAudioMixer: Display: 	Max Channels (voices):				  32
[2020.06.23-20.24.36:712][  0]LogAudioMixer: Display: 	Number of Async Source Workers:		  0
[2020.06.23-20.24.36:712][  0]LogAudio: Display: AudioDevice MaxSources: 32
[2020.06.23-20.24.36:713][  0]LogAudio: Display: Using built-in audio occlusion.
[2020.06.23-20.24.36:713][  0]LogAudioMixer: Display: Initializing audio mixer.
[2020.06.23-20.24.36:725][  0]LogAudioMixer: Display: Audio Device Output Speaker Info:
[2020.06.23-20.24.36:725][  0]LogAudioMixer: Display: Name: Digital Audio (S/PDIF) (High Definition Audio Device)
[2020.06.23-20.24.36:725][  0]LogAudioMixer: Display: Is Default: Yes
[2020.06.23-20.24.36:725][  0]LogAudioMixer: Display: Sample Rate: 48000
[2020.06.23-20.24.36:725][  0]LogAudioMixer: Display: Channel Count Used: 2
[2020.06.23-20.24.36:725][  0]LogAudioMixer: Display: Device Channel Count: 2
[2020.06.23-20.24.36:725][  0]LogAudioMixer: Display: Channel Order:
[2020.06.23-20.24.36:725][  0]LogAudioMixer: Display: 0: FrontLeft
[2020.06.23-20.24.36:725][  0]LogAudioMixer: Display: 1: FrontRight
[2020.06.23-20.24.36:748][  0]LogAudioMixer: Display: Using Audio Device Digital Audio (S/PDIF) (High Definition Audio Device)
[2020.06.23-20.24.36:753][  0]LogInit: FAudioDevice initialized.
[2020.06.23-20.24.36:753][  0]LogNetVersion: Set ProjectVersion to 1.0.0.0. Version Checksum will be recalculated on next use.
[2020.06.23-20.24.36:835][  0]LogDerivedDataCache: Saved boot cache 0.08s 78MB C:/Users/User/AppData/Local/UnrealEngine/4.24/DerivedDataCache/Boot.ddc.
[2020.06.23-20.24.36:840][  0]LogInit: Texture streaming: Enabled
[2020.06.23-20.24.36:848][  0]LogEngineSessionManager: EngineSessionManager initialized
[2020.06.23-20.24.36:848][  0]LogEditorSessionSummary: Verbose: Initializing EditorSessionSummaryWriter for editor session tracking
[2020.06.23-20.24.36:849][  0]LogEditorSessionSummary: EditorSessionSummaryWriter initialized
[2020.06.23-20.24.36:904][  0]LogInit: Transaction tracking system initialized
[2020.06.23-20.24.36:913][  0]BlueprintLog: New page: Editor Load
[2020.06.23-20.24.36:936][  0]LocalizationService: Localization service is disabled
[2020.06.23-20.24.37:180][  0]LogFileCache: Scanning file cache for directory 'C:/Users/User/Documents/Unreal Projects/SteamProject/Content/' took 0.01s
[2020.06.23-20.24.37:180][  0]LogCook: Display: Max memory allowance for cook 16384mb min free memory 0mb
[2020.06.23-20.24.37:180][  0]LogCook: Display: Mobile HDR setting 1
[2020.06.23-20.24.37:729][  0]SourceControl: Source control is disabled
[2020.06.23-20.24.37:729][  0]Cmd: MAP LOAD FILE="../../../../../../Users/User/Documents/Unreal Projects/SteamProject/Content/Maps/MainMenu.umap" TEMPLATE=0 SHOWPROGRESS=1 FEATURELEVEL=3
[2020.06.23-20.24.37:729][  0]LightingResults: New page: Lighting Build
[2020.06.23-20.24.37:730][  0]LogWorld: UWorld::CleanupWorld for Untitled, bSessionEnded=true, bCleanupResources=true
[2020.06.23-20.24.37:730][  0]LogSlate: InvalidateAllWidgets triggered.  All widgets were invalidated
[2020.06.23-20.24.37:730][  0]MapCheck: New page: Map Check
[2020.06.23-20.24.37:730][  0]LightingResults: New page: Lighting Build
[2020.06.23-20.24.37:758][  0]LogUObjectHash: Compacting FUObjectHashTables data took   2.02ms
[2020.06.23-20.24.37:807][  0]LogAIModule: Creating AISystem for world MainMenu
[2020.06.23-20.24.37:808][  0]LogEditorServer: Finished looking for orphan Actors (0.000 secs)
[2020.06.23-20.24.37:832][  0]LogUObjectHash: Compacting FUObjectHashTables data took   2.08ms
[2020.06.23-20.24.37:832][  0]Cmd: MAP CHECKDEP NOCLEARLOG
[2020.06.23-20.24.37:833][  0]MapCheck: Map check complete: 0 Error(s), 0 Warning(s), took 0.145ms to complete.
[2020.06.23-20.24.37:833][  0]LogFileHelpers: Loading map 'MainMenu' took 0.104
[2020.06.23-20.24.38:006][  0]LogSlate: Updating window title bar state: overlay mode, drag disabled, window buttons hidden, title bar hidden
[2020.06.23-20.24.38:012][  0]LogSlate: Updating window title bar state: overlay mode, drag disabled, window buttons hidden, title bar hidden
[2020.06.23-20.24.38:019][  0]LogSlate: Updating window title bar state: overlay mode, drag disabled, window buttons hidden, title bar hidden
[2020.06.23-20.24.38:025][  0]LogSlate: Updating window title bar state: overlay mode, drag disabled, window buttons hidden, title bar hidden
[2020.06.23-20.24.38:029][  0]LogCollectionManager: Loaded 0 collections in 0.001402 seconds
[2020.06.23-20.24.38:041][  0]LogFileCache: Scanning file cache for directory 'C:/Users/User/Documents/Unreal Projects/SteamProject/Saved/Collections/' took 0.00s
[2020.06.23-20.24.38:041][  0]LogFileCache: Scanning file cache for directory 'C:/Users/User/Documents/Unreal Projects/SteamProject/Content/Developers/Mahesh/Collections/' took 0.00s
[2020.06.23-20.24.38:041][  0]LogFileCache: Scanning file cache for directory 'C:/Users/User/Documents/Unreal Projects/SteamProject/Content/Collections/' took 0.00s
[2020.06.23-20.24.38:041][  0]LogContentBrowser: Native class hierarchy populated in 0.0077 seconds. Added 3015 classes and 717 folders.
[2020.06.23-20.24.38:043][  0]LogContentBrowser: Native class hierarchy updated for 'WidgetCarousel' in 0.0003 seconds. Added 0 classes and 0 folders.
[2020.06.23-20.24.38:077][  0]LogContentBrowser: Native class hierarchy updated for 'AddContentDialog' in 0.0002 seconds. Added 0 classes and 0 folders.
[2020.06.23-20.24.38:080][  0]LogContentBrowser: Native class hierarchy updated for 'SceneOutliner' in 0.0002 seconds. Added 2 classes and 3 folders.
[2020.06.23-20.24.38:174][  0]LogSlate: Took 0.000160 seconds to synchronously load lazily loaded font '../../../Engine/Content/Slate/Fonts/Roboto-Regular.ttf' (155K)
[2020.06.23-20.24.38:176][  0]LogSlate: Took 0.000166 seconds to synchronously load lazily loaded font '../../../Engine/Content/Slate/Fonts/Roboto-Bold.ttf' (160K)
[2020.06.23-20.24.38:180][  0]LogSlate: Took 0.000114 seconds to synchronously load lazily loaded font '../../../Engine/Content/Editor/Slate/Fonts/FontAwesome.ttf' (139K)
[2020.06.23-20.24.38:251][  0]LogRenderer: Reallocating scene render targets to support 1072x672 Format 10 NumSamples 1 (Frame:1).
[2020.06.23-20.24.38:379][  0]LogContentBrowser: Native class hierarchy updated for 'HierarchicalLODOutliner' in 0.0002 seconds. Added 0 classes and 0 folders.
[2020.06.23-20.24.38:379][  0]LogLoad: (Engine Initialization) Total time: 7.10 seconds
[2020.06.23-20.24.38:379][  0]LogLoad: (Engine Initialization) Total Blueprint compile time: 0.00 seconds
[2020.06.23-20.24.38:426][  0]LogAssetRegistry: Asset discovery search completed in 3.9936 seconds
[2020.06.23-20.24.38:430][  0]LogCollectionManager: Fixed up redirectors for 0 collections in 0.000006 seconds (updated 0 objects)
[2020.06.23-20.24.38:431][  0]LogContentStreaming: Texture pool size now 1000 MB
[2020.06.23-20.24.38:509][  0]LogSlate: Took 0.000112 seconds to synchronously load lazily loaded font '../../../Engine/Content/Slate/Fonts/Roboto-Light.ttf' (167K)
[2020.06.23-20.24.45:207][781]LogSlate: Took 0.000167 seconds to synchronously load lazily loaded font '../../../Engine/Content/Slate/Fonts/Roboto-Light.ttf' (167K)
[2020.06.23-20.24.45:289][781]LogAIModule: Creating AISystem for world Lobby
[2020.06.23-20.24.45:294][781]LogAssetEditorSubsystem: Opening Asset editor for World /Game/Maps/Lobby.Lobby
[2020.06.23-20.24.45:319][781]LogUObjectHash: Compacting FUObjectHashTables data took   2.53ms
[2020.06.23-20.24.45:320][781]Cmd: MAP LOAD FILE="../../../../../../Users/User/Documents/Unreal Projects/SteamProject/Content/Maps/Lobby.umap" TEMPLATE=0 SHOWPROGRESS=1 FEATURELEVEL=3
[2020.06.23-20.24.45:321][781]LightingResults: New page: Lighting Build
[2020.06.23-20.24.45:321][781]LoadErrors: New page: Loading map: Lobby.umap
[2020.06.23-20.24.45:322][781]LogWorld: UWorld::CleanupWorld for MainMenu, bSessionEnded=true, bCleanupResources=true
[2020.06.23-20.24.45:322][781]LogSlate: InvalidateAllWidgets triggered.  All widgets were invalidated
[2020.06.23-20.24.45:322][781]MapCheck: New page: Map Check
[2020.06.23-20.24.45:322][781]LightingResults: New page: Lighting Build
[2020.06.23-20.24.45:348][781]LogUObjectHash: Compacting FUObjectHashTables data took   2.10ms
[2020.06.23-20.24.45:410][781]LogEditorServer: Finished looking for orphan Actors (0.000 secs)
[2020.06.23-20.24.45:437][781]LogUObjectHash: Compacting FUObjectHashTables data took   1.59ms
[2020.06.23-20.24.45:472][781]Cmd: MAP CHECKDEP NOCLEARLOG
[2020.06.23-20.24.45:472][781]MapCheck: Map check complete: 0 Error(s), 0 Warning(s), took 0.103ms to complete.
[2020.06.23-20.24.45:472][781]LogFileHelpers: Loading map 'Lobby' took 0.152
[2020.06.23-20.24.51:369][477]Cmd: DELETE
[2020.06.23-20.24.51:369][477]Cmd: ACTOR DELETE
[2020.06.23-20.24.51:371][477]LogEditorActor: Deleted Actor: SphereReflectionCapture
[2020.06.23-20.24.51:394][477]LogUObjectHash: Compacting FUObjectHashTables data took   0.66ms
[2020.06.23-20.24.51:395][477]LogEditorActor: Deleted 1 Actors (0.026 secs)
[2020.06.23-20.24.53:784][762]Cmd: DELETE
[2020.06.23-20.24.53:784][762]Cmd: ACTOR DELETE
[2020.06.23-20.24.53:785][762]LogEditorActor: Deleted Actor: SkyLight
[2020.06.23-20.24.53:810][762]LogUObjectHash: Compacting FUObjectHashTables data took   0.62ms
[2020.06.23-20.24.53:811][762]LogEditorActor: Deleted 1 Actors (0.027 secs)
[2020.06.23-20.25.10:025][703]LogEditorViewport: Clicking on Actor (LMB): PlayerStart (Player Start)
[2020.06.23-20.25.13:923][167]LogNavigationPoint: PostEditMove Clear paths rebuilt
[2020.06.23-20.25.16:823][514]LogNavigationPoint: PostEditMove Clear paths rebuilt
[2020.06.23-20.25.20:435][946]LogEditorViewport: Clicking on Actor (LMB): PlayerStart (Player Start)
[2020.06.23-20.25.23:955][366]Cmd: DELETE
[2020.06.23-20.25.23:955][366]Cmd: ACTOR DELETE
[2020.06.23-20.25.23:956][366]LogEditorActor: Deleted Actor: PlayerStart
[2020.06.23-20.25.23:982][366]LogUObjectHash: Compacting FUObjectHashTables data took   1.43ms
[2020.06.23-20.25.23:983][366]LogEditorActor: Deleted 1 Actors (0.027 secs)
[2020.06.23-20.26.08:362][679]LogNavigationPoint: PostEditMove Clear paths rebuilt
[2020.06.23-20.26.08:370][679]LogEditorViewport: Clicking on Actor (LMB): StaticMeshActor (Floor)
[2020.06.23-20.26.10:401][916]LogEditorViewport: Clicking on Actor (LMB): PlayerStart (Player Start2)
[2020.06.23-20.26.12:348][147]LogNavigationPoint: PostEditMove Clear paths rebuilt
[2020.06.23-20.26.16:744][673]LogNavigationPoint: PostEditMove Clear paths rebuilt
[2020.06.23-20.26.21:705][267]LogNavigationPoint: PostEditMove Clear paths rebuilt
[2020.06.23-20.26.24:617][615]LogNavigationPoint: PostEditMove Clear paths rebuilt
[2020.06.23-20.26.27:478][957]LogNavigationPoint: PostEditMove Clear paths rebuilt
[2020.06.23-20.26.30:750][348]LogEditorViewport: Clicking on Actor (LMB): PlayerStart (Player Start2)
[2020.06.23-20.26.33:662][696]LogNavigationPoint: PostEditMove Clear paths rebuilt
[2020.06.23-20.26.36:040][980]LogEditorViewport: Clicking on Actor (LMB): StaticMeshActor (Floor)
[2020.06.23-20.26.38:132][227]LogEditorViewport: Clicking on Actor (LMB): PlayerStart (Player Start2)
[2020.06.23-20.26.41:017][569]LogEditorViewport: Clicking on Actor (LMB): PlayerStart (Player Start2)
[2020.06.23-20.26.45:003][ 46]LogNavigationPoint: PostEditMove Clear paths rebuilt
[2020.06.23-20.26.48:023][407]LogNavigationPoint: PostEditMove Clear paths rebuilt
[2020.06.23-20.26.49:710][608]LogNavigationPoint: PostEditMove Clear paths rebuilt
[2020.06.23-20.26.51:663][841]LogNavigationPoint: PostEditMove Clear paths rebuilt
[2020.06.23-20.26.51:692][843]LogEditorViewport: Clicking on Actor (LMB): StaticMeshActor (Floor)
[2020.06.23-20.26.53:250][ 26]LogEditorViewport: Clicking on Actor (LMB): StaticMeshActor (Floor)
[2020.06.23-20.26.53:271][ 27]LogEditorViewport: Clicking on Component (LMB): StaticMeshComponent (StaticMeshComponent0)
[2020.06.23-20.26.54:020][114]LogEditorViewport: Clicking on Actor (LMB): PlayerStart (Player Start2)
[2020.06.23-20.26.58:016][591]LogNavigationPoint: PostEditMove Clear paths rebuilt
[2020.06.23-20.27.00:269][860]LogNavigationPoint: PostEditMove Clear paths rebuilt
[2020.06.23-20.27.05:805][522]LogEditorViewport: Clicking on Actor (LMB): StaticMeshActor (Floor)
[2020.06.23-20.27.09:946][ 15]LogEditorViewport: Clicking on Actor (LMB): PlayerStart (Player Start2)
[2020.06.23-20.27.22:057][465]LogNavigationPoint: PostEditMove Clear paths rebuilt
[2020.06.23-20.27.32:425][700]LogNavigationPoint: PostEditMove Clear paths rebuilt
[2020.06.23-20.27.42:604][919]LogNavigationPoint: PostEditMove Clear paths rebuilt
[2020.06.23-20.27.43:223][992]LogEditorViewport: Clicking on Actor (LMB): StaticMeshActor (Floor)
[2020.06.23-20.27.49:416][731]LogEditorViewport: Clicking on Actor (LMB): PlayerStart (Player Start2)
[2020.06.23-20.28.03:333][398]LogNavigationPoint: PostEditMove Clear paths rebuilt
[2020.06.23-20.28.05:289][631]LogEditorViewport: Clicking on Actor (LMB): StaticMeshActor (Floor)
[2020.06.23-20.28.09:462][127]LogEditorViewport: Clicking on Actor (LMB): PlayerStart (Player Start2)
[2020.06.23-20.28.19:038][273]LogNavigationPoint: PostEditMove Clear paths rebuilt
[2020.06.23-20.28.28:271][379]LogNavigationPoint: PostEditMove Clear paths rebuilt
[2020.06.23-20.28.28:810][442]LogEditorViewport: Clicking on Actor (LMB): PlayerStart (Player Start2)
[2020.06.23-20.28.32:802][919]LogEditorViewport: Clicking on Actor (LMB): StaticMeshActor (Floor)
[2020.06.23-20.28.35:701][262]LogEditorViewport: Clicking on Actor (LMB): PlayerStart (Player Start2)
[2020.06.23-20.28.42:147][ 33]LogNavigationPoint: PostEditMove Clear paths rebuilt
[2020.06.23-20.28.46:367][538]LogNavigationPoint: PostEditMove Clear paths rebuilt
[2020.06.23-20.28.47:206][637]LogEditorViewport: Clicking on Actor (LMB): StaticMeshActor (Floor)
[2020.06.23-20.28.48:116][742]LogEditorViewport: Clicking on Actor (LMB): StaticMeshActor (Floor)
[2020.06.23-20.29.04:302][682]LogEditorViewport: Clicking on Actor (LMB): PlayerStart (Player Start2)
[2020.06.23-20.29.05:963][878]LogEditorViewport: Clicking on Actor (LMB): StaticMeshActor (Floor)
[2020.06.23-20.29.05:984][878]LogEditorViewport: Clicking on Component (LMB): StaticMeshComponent (StaticMeshComponent0)
[2020.06.23-20.29.06:911][986]LogEditorViewport: Clicking on Component (LMB): StaticMeshComponent (StaticMeshComponent0)
[2020.06.23-20.29.17:697][277]LogEditorViewport: Clicking on Component (LMB): StaticMeshComponent (StaticMeshComponent0)
[2020.06.23-20.29.18:975][429]LogEditorViewport: Clicking on Actor (LMB): PlayerStart (Player Start2)
[2020.06.23-20.29.19:557][496]LogEditorViewport: Clicking on Actor (LMB): PlayerStart (Player Start2)
[2020.06.23-20.29.20:504][608]LogEditorViewport: Clicking on Actor (LMB): PlayerStart (Player Start2)
[2020.06.23-20.29.20:505][608]LogNavigationPoint: PostEditMove Clear paths rebuilt
[2020.06.23-20.29.22:913][895]LogEditorViewport: Clicking on Actor (LMB): StaticMeshActor (Floor)
[2020.06.23-20.29.23:797][997]LogEditorViewport: Clicking on Actor (LMB): StaticMeshActor (Floor)
[2020.06.23-20.29.24:402][ 68]LogEditorViewport: Clicking on Actor (LMB): PlayerStart (Player Start2)
[2020.06.23-20.29.33:561][156]LogNavigationPoint: PostEditMove Clear paths rebuilt
[2020.06.23-20.29.41:023][ 50]LogEditorViewport: Clicking on Actor (LMB): StaticMeshActor (Floor)
[2020.06.23-20.29.57:955][ 72]LogEditorViewport: Clicking on Actor (LMB): BP_Sky_Sphere_C (Sky Sphere)
[2020.06.23-20.30.03:419][723]LogEditorViewport: Clicking on Actor (LMB): PlayerStart (Player Start2)
[2020.06.23-20.30.17:937][462]LogNavigationPoint: PostEditMove Clear paths rebuilt
[2020.06.23-20.30.21:883][934]LogNavigationPoint: PostEditMove Clear paths rebuilt
[2020.06.23-20.30.24:935][299]LogNavigationPoint: PostEditMove Clear paths rebuilt
[2020.06.23-20.30.34:655][463]LogNavigationPoint: PostEditMove Clear paths rebuilt
[2020.06.23-20.30.50:104][314]LogNavigationPoint: PostEditMove Clear paths rebuilt
[2020.06.23-20.31.02:036][743]LogNavigationPoint: PostEditMove Clear paths rebuilt
[2020.06.23-20.31.07:820][435]LogEditorViewport: Clicking on Actor (LMB): PlayerStart (Player Start2)
[2020.06.23-20.31.08:525][518]LogEditorViewport: Clicking on Actor (LMB): StaticMeshActor (Floor)
[2020.06.23-20.31.25:095][498]LogEditorViewport: Clicking on Actor (LMB): PlayerStart (Player Start2)
[2020.06.23-20.31.33:730][531]LogNavigationPoint: PostEditMove Clear paths rebuilt
[2020.06.23-20.31.35:852][784]LogEditorViewport: Clicking on Actor (LMB): StaticMeshActor (Floor)
[2020.06.23-20.32.05:933][370]LogEditorViewport: Clicking on Actor (LMB): PlayerStart (Player Start2)
[2020.06.23-20.32.17:902][803]LogNavigationPoint: PostEditMove Clear paths rebuilt
[2020.06.23-20.32.34:855][836]LogNavigationPoint: PostEditMove Clear paths rebuilt
[2020.06.23-20.32.39:974][449]LogNavigationPoint: PostEditMove Clear paths rebuilt
[2020.06.23-20.32.47:173][311]LogNavigationPoint: PostEditMove Clear paths rebuilt
[2020.06.23-20.32.49:911][638]LogNavigationPoint: PostEditMove Clear paths rebuilt
[2020.06.23-20.32.51:172][788]LogEditorViewport: Clicking on Actor (LMB): StaticMeshActor (Floor)
[2020.06.23-20.32.56:708][447]LogEditorViewport: Clicking on Actor (LMB): PlayerStart (Player Start2)
[2020.06.23-20.32.58:166][619]LogEditorViewport: Clicking on Actor (LMB): StaticMeshActor (Floor)
[2020.06.23-20.33.09:141][917]LogEditorViewport: Clicking on Actor (LMB): PlayerStart (Player Start2)
[2020.06.23-20.33.09:142][917]LogNavigationPoint: PostEditMove Clear paths rebuilt
[2020.06.23-20.33.12:830][358]LogNavigationPoint: PostEditMove Clear paths rebuilt
[2020.06.23-20.33.13:253][407]LogEditorViewport: Clicking on Actor (LMB): PlayerStart (Player Start2)
[2020.06.23-20.33.13:253][407]LogNavigationPoint: PostEditMove Clear paths rebuilt
[2020.06.23-20.33.14:216][521]LogEditorViewport: Clicking on Actor (LMB): StaticMeshActor (Floor)
[2020.06.23-20.33.15:684][693]LogEditorViewport: Clicking on Actor (LMB): PlayerStart (Player Start2)
[2020.06.23-20.33.16:319][766]LogEditorViewport: Clicking on Actor (LMB): PlayerStart (Player Start2)
[2020.06.23-20.33.23:565][632]LogNavigationPoint: PostEditMove Clear paths rebuilt
[2020.06.23-20.33.24:013][684]LogEditorViewport: Clicking on Actor (LMB): PlayerStart (Player Start2)
[2020.06.23-20.33.24:013][684]LogNavigationPoint: PostEditMove Clear paths rebuilt
[2020.06.23-20.33.24:237][709]LogEditorViewport: Clicking on Component (LMB): CapsuleComponent (CollisionCapsule)
[2020.06.23-20.33.29:053][284]LogNavigationPoint: PostEditMove Clear paths rebuilt
[2020.06.23-20.33.32:366][680]LogEditorViewport: Clicking on Actor (LMB): StaticMeshActor (Floor)
[2020.06.23-20.33.39:839][572]LogEditorViewport: Clicking on Actor (LMB): PlayerStart (Player Start2)
[2020.06.23-20.33.42:928][940]LogNavigationPoint: PostEditMove Clear paths rebuilt
[2020.06.23-20.33.51:962][ 22]LogNavigationPoint: PostEditMove Clear paths rebuilt
[2020.06.23-20.33.59:228][892]LogNavigationPoint: PostEditMove Clear paths rebuilt
[2020.06.23-20.34.05:721][668]LogNavigationPoint: PostEditMove Clear paths rebuilt
[2020.06.23-20.34.09:654][139]LogNavigationPoint: PostEditMove Clear paths rebuilt
[2020.06.23-20.34.11:503][359]LogEditorViewport: Clicking on Actor (LMB): PlayerStart (Player Start3)
[2020.06.23-20.34.12:481][474]LogNavigationPoint: PostEditMove Clear paths rebuilt
[2020.06.23-20.34.15:389][822]LogNavigationPoint: PostEditMove Clear paths rebuilt
[2020.06.23-20.34.16:921][  4]LogEditorViewport: Clicking on Actor (LMB): StaticMeshActor (Floor)
[2020.06.23-20.34.19:489][308]LogEditorViewport: Clicking on Actor (LMB): StaticMeshActor (Floor)
[2020.06.23-20.34.20:152][386]LogEditorViewport: Clicking on Actor (LMB): PlayerStart (Player Start4)
[2020.06.23-20.34.25:208][990]LogNavigationPoint: PostEditMove Clear paths rebuilt
[2020.06.23-20.34.33:900][ 29]LogEditorViewport: Clicking on Actor (LMB): StaticMeshActor (Floor)
[2020.06.23-20.34.37:976][514]LogEditorViewport: Clicking on Actor (LMB): PlayerStart (Player Start4)
[2020.06.23-20.34.43:258][145]LogNavigationPoint: PostEditMove Clear paths rebuilt
[2020.06.23-20.34.45:987][471]LogNavigationPoint: PostEditMove Clear paths rebuilt
[2020.06.23-20.34.48:122][725]LogNavigationPoint: PostEditMove Clear paths rebuilt
[2020.06.23-20.34.51:781][163]LogNavigationPoint: PostEditMove Clear paths rebuilt
[2020.06.23-20.34.53:512][369]LogEditorViewport: Clicking on Actor (LMB): PlayerStart (Player Start5)
[2020.06.23-20.34.54:466][482]LogEditorViewport: Clicking on Actor (LMB): StaticMeshActor (Floor)
[2020.06.23-20.34.56:152][680]LogEditorViewport: Clicking on Actor (LMB): StaticMeshActor (Floor)
[2020.06.23-20.34.56:159][680]LogEditorViewport: Clicking on Component (LMB): StaticMeshComponent (StaticMeshComponent0)
[2020.06.23-20.35.20:123][542]LogEditorViewport: Clicking on Actor (LMB): BP_Sky_Sphere_C (Sky Sphere)
[2020.06.23-20.35.20:136][542]LogEditorViewport: Clicking on Component (LMB): StaticMeshComponent (SkySphereMesh)
[2020.06.23-20.35.32:014][956]LogNavigationPoint: PostEditMove Clear paths rebuilt
[2020.06.23-20.35.32:014][956]LogNavigationPoint: PostEditMove Clear paths rebuilt
[2020.06.23-20.35.32:014][956]LogNavigationPoint: PostEditMove Clear paths rebuilt
[2020.06.23-20.35.32:014][956]LogNavigationPoint: PostEditMove Clear paths rebuilt
[2020.06.23-20.35.36:399][480]LogNavigationPoint: PostEditMove Clear paths rebuilt
[2020.06.23-20.35.36:399][480]LogNavigationPoint: PostEditMove Clear paths rebuilt
[2020.06.23-20.35.36:399][480]LogNavigationPoint: PostEditMove Clear paths rebuilt
[2020.06.23-20.35.36:399][480]LogNavigationPoint: PostEditMove Clear paths rebuilt
[2020.06.23-20.35.38:079][680]LogEditorViewport: Clicking on Actor (LMB): StaticMeshActor (Floor)
[2020.06.23-20.35.42:920][256]LogEditorViewport: Clicking on Actor (LMB): StaticMeshActor (Floor)
[2020.06.23-20.35.42:927][256]LogEditorViewport: Clicking on Component (LMB): StaticMeshComponent (StaticMeshComponent0)
[2020.06.23-20.36.04:029][775]LogNavigationPoint: PostEditMove Clear paths rebuilt
[2020.06.23-20.36.04:030][775]LogNavigationPoint: PostEditMove Clear paths rebuilt
[2020.06.23-20.36.04:030][775]LogNavigationPoint: PostEditMove Clear paths rebuilt
[2020.06.23-20.36.04:030][775]LogNavigationPoint: PostEditMove Clear paths rebuilt
[2020.06.23-20.36.06:435][ 62]LogNavigationPoint: PostEditMove Clear paths rebuilt
[2020.06.23-20.36.06:435][ 62]LogNavigationPoint: PostEditMove Clear paths rebuilt
[2020.06.23-20.36.06:435][ 62]LogNavigationPoint: PostEditMove Clear paths rebuilt
[2020.06.23-20.36.06:435][ 62]LogNavigationPoint: PostEditMove Clear paths rebuilt
[2020.06.23-20.36.10:500][548]LogNavigationPoint: PostEditMove Clear paths rebuilt
[2020.06.23-20.36.10:500][548]LogNavigationPoint: PostEditMove Clear paths rebuilt
[2020.06.23-20.36.10:500][548]LogNavigationPoint: PostEditMove Clear paths rebuilt
[2020.06.23-20.36.10:500][548]LogNavigationPoint: PostEditMove Clear paths rebuilt
[2020.06.23-20.36.13:331][886]LogNavigationPoint: PostEditMove Clear paths rebuilt
[2020.06.23-20.36.13:331][886]LogNavigationPoint: PostEditMove Clear paths rebuilt
[2020.06.23-20.36.13:331][886]LogNavigationPoint: PostEditMove Clear paths rebuilt
[2020.06.23-20.36.13:331][886]LogNavigationPoint: PostEditMove Clear paths rebuilt
[2020.06.23-20.36.18:008][443]Cmd: EDIT COPY
[2020.06.23-20.36.21:900][905]Cmd: EDIT PASTE
[2020.06.23-20.36.21:908][905]LogNavigationPoint: PostEditMove Clear paths rebuilt
[2020.06.23-20.36.21:908][905]LogNavigationPoint: PostEditMove Clear paths rebuilt
[2020.06.23-20.36.21:909][905]LogNavigationPoint: PostEditMove Clear paths rebuilt
[2020.06.23-20.36.21:909][905]LogNavigationPoint: PostEditMove Clear paths rebuilt
[2020.06.23-20.36.29:494][813]LogNavigationPoint: PostEditMove Clear paths rebuilt
[2020.06.23-20.36.29:495][813]LogNavigationPoint: PostEditMove Clear paths rebuilt
[2020.06.23-20.36.29:495][813]LogNavigationPoint: PostEditMove Clear paths rebuilt
[2020.06.23-20.36.29:495][813]LogNavigationPoint: PostEditMove Clear paths rebuilt
[2020.06.23-20.36.30:968][988]LogEditorViewport: Clicking on Actor (LMB): StaticMeshActor (Floor)
[2020.06.23-20.36.54:911][854]LogEditorViewport: Clicking on Actor (CTRL LMB): StaticMeshActor (Floor)
[2020.06.23-20.36.55:770][953]LogEditorViewport: Clicking on Actor (LMB): StaticMeshActor (Floor)
[2020.06.23-20.36.58:314][256]LogEditorViewport: Clicking on Actor (LMB): StaticMeshActor (Floor)
[2020.06.23-20.38.15:821][460]LogSlate: Prevented a slow task dialog from being summoned while a context menu was open
[2020.06.23-20.38.25:390][597]LogSlate: Prevented a slow task dialog from being summoned while a context menu was open
[2020.06.23-20.38.27:391][821]LogSlate: Prevented a slow task dialog from being summoned while a context menu was open
[2020.06.23-20.38.35:964][842]LogSlate: Prevented a slow task dialog from being summoned while a context menu was open
[2020.06.23-20.38.38:032][ 76]LogSlate: Prevented a slow task dialog from being summoned while a context menu was open
[2020.06.23-20.39.07:290][501]LogUObjectHash: Compacting FUObjectHashTables data took   2.44ms
[2020.06.23-20.39.07:317][501]LogSavePackage: Moving '../../../../../../Users/User/Documents/Unreal Projects/SteamProject/Saved/Lobby_Auto1A8A17D7143CD2F64E3A0C1A0DFB1AE8D.tmp' to '../../../../../../Users/User/Documents/Unreal Projects/SteamProject/Saved/Autosaves/Game/Maps/Lobby_Auto1.umap'
[2020.06.23-20.39.07:319][501]LogFileHelpers: Editor autosave (incl. sublevels) for '/Game/Maps/Lobby' took 0.059
[2020.06.23-20.39.07:319][501]LogFileHelpers: Editor autosave (incl. sublevels) for all levels took 0.059
[2020.06.23-20.39.07:320][501]OBJ SavePackage: Generating thumbnails for [0] asset(s) in package [/Game/Blueprints/Lobby/LobbyGM] ([1] browsable assets)...
[2020.06.23-20.39.07:320][501]OBJ SavePackage: Finished generating thumbnails for package [/Game/Blueprints/Lobby/LobbyGM]
[2020.06.23-20.39.07:337][501]LogSavePackage: Moving '../../../../../../Users/User/Documents/Unreal Projects/SteamProject/Saved/LobbyGM_Auto1D74437E8443CE4127A8B5FAB684D8DF2.tmp' to '../../../../../../Users/User/Documents/Unreal Projects/SteamProject/Saved/Autosaves/Game/Blueprints/Lobby/LobbyGM_Auto1.uasset'
[2020.06.23-20.39.07:337][501]LogFileHelpers: Auto-saving content packages took 0.018
[2020.06.23-20.40.19:112][ 89]LogEditorViewport: Clicking on Actor (LMB): StaticMeshActor (Floor)
[2020.06.23-20.40.19:120][ 89]LogEditorViewport: Clicking on Component (LMB): StaticMeshComponent (StaticMeshComponent0)
[2020.06.23-20.41.41:291][905]LogEditorViewport: Clicking on Actor (LMB): StaticMeshActor (Floor)
[2020.06.23-20.41.41:316][905]LogEditorViewport: Clicking on Component (LMB): StaticMeshComponent (StaticMeshComponent0)
[2020.06.23-20.41.45:584][415]LogEditorViewport: Clicking on Actor (LMB): BP_Sky_Sphere_C (Sky Sphere)
[2020.06.23-20.41.57:432][833]LogEditorViewport: Clicking on Actor (LMB): BP_Sky_Sphere_C (Sky Sphere)
[2020.06.23-20.41.57:454][834]LogEditorViewport: Clicking on Component (LMB): StaticMeshComponent (SkySphereMesh)
[2020.06.23-20.41.58:971][ 14]LogEditorViewport: Clicking on Actor (LMB): BlockingVolume (BlockingVolume)
[2020.06.23-20.41.58:990][ 14]LogEditorViewport: Clicking on Actor (double click): BlockingVolume (BlockingVolume)
[2020.06.23-20.42.25:675][210]LogEditorViewport: Clicking on Actor (LMB): BlockingVolume (BlockingVolume)
[2020.06.23-20.44.05:820][182]LogEditorViewport: Clicking on Actor (LMB): BP_Sky_Sphere_C (Sky Sphere)
[2020.06.23-20.44.16:429][449]LogEditorViewport: Clicking on Actor (LMB): BP_Sky_Sphere_C (Sky Sphere)
[2020.06.23-20.44.29:564][  9]LogEditorViewport: Clicking on Actor (LMB): BlockingVolume (BlockingVolume2)
[2020.06.23-20.44.29:574][  9]LogEditorViewport: Clicking on Actor (double click): BlockingVolume (BlockingVolume2)
[2020.06.23-20.44.30:611][132]LogEditorViewport: Clicking on Actor (LMB): BP_Sky_Sphere_C (Sky Sphere)
[2020.06.23-20.44.35:327][694]LogEditorViewport: Clicking on Actor (LMB): BlockingVolume (BlockingVolume2)
[2020.06.23-20.44.35:350][694]LogEditorViewport: Clicking on Actor (double click): BlockingVolume (BlockingVolume2)
[2020.06.23-20.44.46:394][ 15]LogEditorViewport: Clicking on Actor (LMB): BP_Sky_Sphere_C (Sky Sphere)
[2020.06.23-20.44.48:637][282]LogEditorViewport: Clicking on Actor (LMB): BlockingVolume (BlockingVolume2)
[2020.06.23-20.44.48:660][282]LogEditorViewport: Clicking on Actor (double click): BlockingVolume (BlockingVolume2)
[2020.06.23-20.45.04:986][235]LogEditorViewport: Clicking on Actor (LMB): BP_Sky_Sphere_C (Sky Sphere)
[2020.06.23-20.45.11:685][ 36]LogEditorViewport: Clicking on Actor (LMB): BP_Sky_Sphere_C (Sky Sphere)
[2020.06.23-20.45.12:697][156]LogEditorViewport: Clicking on Actor (LMB): BlockingVolume (BlockingVolume2)
[2020.06.23-20.45.16:593][619]LogEditorViewport: Clicking on Actor (LMB): BlockingVolume (BlockingVolume2)
[2020.06.23-20.45.17:329][706]LogEditorViewport: Clicking on Actor (LMB): BlockingVolume (BlockingVolume2)
[2020.06.23-20.45.17:351][707]LogEditorViewport: Clicking on Actor (double click): BlockingVolume (BlockingVolume2)
[2020.06.23-20.45.21:874][248]LogEditorViewport: Clicking on Actor (LMB): BlockingVolume (BlockingVolume2)
[2020.06.23-20.45.27:530][924]LogEditorViewport: Clicking on Actor (LMB): BlockingVolume (BlockingVolume)
[2020.06.23-20.45.31:501][396]LogEditorViewport: Clicking on Actor (LMB): BlockingVolume (BlockingVolume)
[2020.06.23-20.46.01:513][994]Cmd: DELETE
[2020.06.23-20.46.01:513][994]Cmd: ACTOR DELETE
[2020.06.23-20.46.01:519][994]LogEditorActor: Deleted Actor: BlockingVolume
[2020.06.23-20.46.01:551][994]LogUObjectHash: Compacting FUObjectHashTables data took   1.87ms
[2020.06.23-20.46.01:553][994]LogEditorActor: Deleted 1 Actors (0.040 secs)
[2020.06.23-20.46.05:205][430]Cmd: DELETE
[2020.06.23-20.46.05:205][430]Cmd: ACTOR DELETE
[2020.06.23-20.46.05:206][430]LogEditorActor: Deleted Actor: BlockingVolume
[2020.06.23-20.46.05:231][430]LogUObjectHash: Compacting FUObjectHashTables data took   0.64ms
[2020.06.23-20.46.05:231][430]LogEditorActor: Deleted 1 Actors (0.027 secs)
[2020.06.23-20.46.37:013][225]Cmd: OBJ SAVEPACKAGE PACKAGE="/Game/Maps/Lobby" FILE="../../../../../../Users/User/Documents/Unreal Projects/SteamProject/Content/Maps/Lobby.umap" SILENT=true AUTOSAVING=false KEEPDIRTY=false
[2020.06.23-20.46.37:037][225]LogUObjectHash: Compacting FUObjectHashTables data took   0.67ms
[2020.06.23-20.46.37:063][225]LogSavePackage: Moving '../../../../../../Users/User/Documents/Unreal Projects/SteamProject/Saved/LobbyAE4AF3004F3A069D4AD564A30F849205.tmp' to '../../../../../../Users/User/Documents/Unreal Projects/SteamProject/Content/Maps/Lobby.umap'
[2020.06.23-20.46.37:102][225]Cmd: OBJ SAVEPACKAGE PACKAGE="/Game/Maps/Lobby_BuiltData" FILE="../../../../../../Users/User/Documents/Unreal Projects/SteamProject/Content/Maps/Lobby_BuiltData.uasset" SILENT=true
[2020.06.23-20.46.37:124][225]LogSavePackage: Moving '../../../../../../Users/User/Documents/Unreal Projects/SteamProject/Saved/Lobby_BuiltData83F7A1CD4FAA9888C6A60297711C5D7B.tmp' to '../../../../../../Users/User/Documents/Unreal Projects/SteamProject/Content/Maps/Lobby_BuiltData.uasset'
[2020.06.23-20.46.37:140][225]AssetCheck: New page: Asset Save: multiple assets
[2020.06.23-20.46.37:141][225]LogContentValidation: Display: Validating World /Game/Maps/Lobby.Lobby
[2020.06.23-20.46.37:141][225]LogContentValidation: Display: Validating MapBuildDataRegistry /Game/Maps/Lobby_BuiltData.Lobby_BuiltData
[2020.06.23-20.46.38:674][405]Cmd: OBJ SAVEPACKAGE PACKAGE="/Game/Maps/Lobby" FILE="../../../../../../Users/User/Documents/Unreal Projects/SteamProject/Content/Maps/Lobby.umap" SILENT=true AUTOSAVING=false KEEPDIRTY=false
[2020.06.23-20.46.38:702][405]LogUObjectHash: Compacting FUObjectHashTables data took   1.78ms
[2020.06.23-20.46.38:723][405]LogSavePackage: Moving '../../../../../../Users/User/Documents/Unreal Projects/SteamProject/Saved/Lobby03DEFD7945E1A078A44283A920290856.tmp' to '../../../../../../Users/User/Documents/Unreal Projects/SteamProject/Content/Maps/Lobby.umap'
[2020.06.23-20.46.38:756][405]Cmd: OBJ SAVEPACKAGE PACKAGE="/Game/Maps/Lobby_BuiltData" FILE="../../../../../../Users/User/Documents/Unreal Projects/SteamProject/Content/Maps/Lobby_BuiltData.uasset" SILENT=true
[2020.06.23-20.46.38:771][405]LogSavePackage: Moving '../../../../../../Users/User/Documents/Unreal Projects/SteamProject/Saved/Lobby_BuiltData5BEC9D79459307E88EEF5D8E5EA9EACA.tmp' to '../../../../../../Users/User/Documents/Unreal Projects/SteamProject/Content/Maps/Lobby_BuiltData.uasset'
[2020.06.23-20.46.38:786][405]AssetCheck: New page: Asset Save: multiple assets
[2020.06.23-20.46.38:786][405]LogContentValidation: Display: Validating World /Game/Maps/Lobby.Lobby
[2020.06.23-20.46.38:786][405]LogContentValidation: Display: Validating MapBuildDataRegistry /Game/Maps/Lobby_BuiltData.Lobby_BuiltData
[2020.06.23-20.46.43:795][999]LogUObjectHash: Compacting FUObjectHashTables data took   0.70ms
[2020.06.23-20.46.49:862][999]LogSlate: Window 'Save Content' being destroyed
[2020.06.23-20.46.49:890][999]Cmd: OBJ SAVEPACKAGE PACKAGE="/Game/Blueprints/Lobby/LobbyGM" FILE="../../../../../../Users/User/Documents/Unreal Projects/SteamProject/Content/Blueprints/Lobby/LobbyGM.uasset" SILENT=true
[2020.06.23-20.46.49:911][999]LogSavePackage: Moving '../../../../../../Users/User/Documents/Unreal Projects/SteamProject/Saved/LobbyGM8231B675436C40DB10E71E8476B778BF.tmp' to '../../../../../../Users/User/Documents/Unreal Projects/SteamProject/Content/Blueprints/Lobby/LobbyGM.uasset'
[2020.06.23-20.46.49:926][999]AssetCheck: New page: Asset Save: LobbyGM
[2020.06.23-20.46.49:926][999]LogContentValidation: Display: Validating Blueprint /Game/Blueprints/Lobby/LobbyGM.LobbyGM
[2020.06.23-20.46.53:899][466]LogAIModule: Creating AISystem for world MainMenu
[2020.06.23-20.46.53:899][466]LogAssetEditorSubsystem: Opening Asset editor for World /Game/Maps/MainMenu.MainMenu
[2020.06.23-20.46.53:924][466]LogUObjectHash: Compacting FUObjectHashTables data took   2.08ms
[2020.06.23-20.46.53:926][466]Cmd: MAP LOAD FILE="../../../../../../Users/User/Documents/Unreal Projects/SteamProject/Content/Maps/MainMenu.umap" TEMPLATE=0 SHOWPROGRESS=1 FEATURELEVEL=3
[2020.06.23-20.46.53:926][466]LightingResults: New page: Lighting Build
[2020.06.23-20.46.53:927][466]LoadErrors: New page: Loading map: MainMenu.umap
[2020.06.23-20.46.53:927][466]LogWorld: UWorld::CleanupWorld for Lobby, bSessionEnded=true, bCleanupResources=true
[2020.06.23-20.46.53:927][466]LogSlate: InvalidateAllWidgets triggered.  All widgets were invalidated
[2020.06.23-20.46.53:928][466]MapCheck: New page: Map Check
[2020.06.23-20.46.53:928][466]LightingResults: New page: Lighting Build
[2020.06.23-20.46.53:953][466]LogUObjectHash: Compacting FUObjectHashTables data took   1.71ms
[2020.06.23-20.46.54:020][466]LogEditorServer: Finished looking for orphan Actors (0.000 secs)
[2020.06.23-20.46.54:042][466]LogUObjectHash: Compacting FUObjectHashTables data took   1.44ms
[2020.06.23-20.46.54:072][466]Cmd: MAP CHECKDEP NOCLEARLOG
[2020.06.23-20.46.54:072][466]MapCheck: Map check complete: 0 Error(s), 0 Warning(s), took 0.098ms to complete.
[2020.06.23-20.46.54:072][466]LogFileHelpers: Loading map 'MainMenu' took 0.147
